[
    {
        "val.encoder_mse": 0.011398954950273037,
        "val.decoder_loss": 0.4374634349346161,
        "val.decoder_acc": 0.805378155708313,
        "val.ssim": 0.6275123953819275,
        "val.psnr": 25.655255794525146,
        "val.rsbpp": 0.610756311416626,
        "train.encoder_mse": 0.038336644067894665,
        "train.decoder_loss": 0.5740130761265755,
        "train.decoder_acc": 0.7159937781095504,
        "epoch": 1
    },
    {
        "val.encoder_mse": 0.006002117097377777,
        "val.decoder_loss": 0.2733286929130554,
        "val.decoder_acc": 0.8859712147712707,
        "val.ssim": 0.7036999940872193,
        "val.psnr": 28.4582878112793,
        "val.rsbpp": 0.7719424295425416,
        "train.encoder_mse": 0.008839726250153035,
        "train.decoder_loss": 0.348488946929574,
        "train.decoder_acc": 0.8493663549423218,
        "epoch": 2
    },
    {
        "val.encoder_mse": 0.004179614768363535,
        "val.decoder_loss": 0.20953537851572038,
        "val.decoder_acc": 0.9145214533805848,
        "val.ssim": 0.75742116689682,
        "val.psnr": 30.01195058822632,
        "val.rsbpp": 0.8290429067611694,
        "train.encoder_mse": 0.005456850104965269,
        "train.decoder_loss": 0.2393764912709594,
        "train.decoder_acc": 0.9007720160484314,
        "epoch": 3
    },
    {
        "val.encoder_mse": 0.0030365400481969116,
        "val.decoder_loss": 0.16531018286943436,
        "val.decoder_acc": 0.9338581848144532,
        "val.ssim": 0.788118863105774,
        "val.psnr": 31.499938488006592,
        "val.rsbpp": 0.8677163696289063,
        "train.encoder_mse": 0.0038207818375667556,
        "train.decoder_loss": 0.18671185337007046,
        "train.decoder_acc": 0.9240027263760566,
        "epoch": 4
    },
    {
        "val.encoder_mse": 0.002484686207026243,
        "val.decoder_loss": 0.14351162031292916,
        "val.decoder_acc": 0.9429601073265076,
        "val.ssim": 0.8007842326164245,
        "val.psnr": 32.28211898803711,
        "val.rsbpp": 0.8859202146530152,
        "train.encoder_mse": 0.00288266355462838,
        "train.decoder_loss": 0.15787006363272668,
        "train.decoder_acc": 0.9360702246427536,
        "epoch": 5
    },
    {
        "val.encoder_mse": 0.0022276034764945507,
        "val.decoder_loss": 0.1350241394340992,
        "val.decoder_acc": 0.9465040159225464,
        "val.ssim": 0.8200103712081909,
        "val.psnr": 32.9205361366272,
        "val.rsbpp": 0.8930080318450928,
        "train.encoder_mse": 0.0022697178251110017,
        "train.decoder_loss": 0.1348708563670516,
        "train.decoder_acc": 0.9458623343706131,
        "epoch": 6
    },
    {
        "val.encoder_mse": 0.001672168867662549,
        "val.decoder_loss": 0.11222032159566879,
        "val.decoder_acc": 0.9559402751922608,
        "val.ssim": 0.8336542391777039,
        "val.psnr": 33.97359066009521,
        "val.rsbpp": 0.9118805503845215,
        "train.encoder_mse": 0.0019359745492693037,
        "train.decoder_loss": 0.12028544668108225,
        "train.decoder_acc": 0.9516714283823967,
        "epoch": 7
    },
    {
        "val.encoder_mse": 0.0015350440819747746,
        "val.decoder_loss": 0.09491473898291587,
        "val.decoder_acc": 0.963460488319397,
        "val.ssim": 0.8361102342605591,
        "val.psnr": 34.36191272735596,
        "val.rsbpp": 0.9269209766387939,
        "train.encoder_mse": 0.0016794623452005908,
        "train.decoder_loss": 0.11045491375029087,
        "train.decoder_acc": 0.9557469695806503,
        "epoch": 8
    },
    {
        "val.encoder_mse": 0.001448065214790404,
        "val.decoder_loss": 0.08447339244186879,
        "val.decoder_acc": 0.9680084085464478,
        "val.ssim": 0.8368474340438843,
        "val.psnr": 34.54977560043335,
        "val.rsbpp": 0.9360168170928955,
        "train.encoder_mse": 0.0015197782407631165,
        "train.decoder_loss": 0.10090424932539463,
        "train.decoder_acc": 0.9596189695596695,
        "epoch": 9
    },
    {
        "val.encoder_mse": 0.0012531269690953194,
        "val.decoder_loss": 0.08660245597362519,
        "val.decoder_acc": 0.9660496139526367,
        "val.ssim": 0.8618964552879333,
        "val.psnr": 35.14316329956055,
        "val.rsbpp": 0.9320992279052734,
        "train.encoder_mse": 0.0013143232182483188,
        "train.decoder_loss": 0.0891020536981523,
        "train.decoder_acc": 0.9647859725356102,
        "epoch": 10
    },
    {
        "val.encoder_mse": 0.0011159226321615279,
        "val.decoder_loss": 0.07145202554762363,
        "val.decoder_acc": 0.9725852608680725,
        "val.ssim": 0.8447705793380738,
        "val.psnr": 35.62108678817749,
        "val.rsbpp": 0.945170521736145,
        "train.encoder_mse": 0.0011820114226429722,
        "train.decoder_loss": 0.08354674570262433,
        "train.decoder_acc": 0.9669971615076065,
        "epoch": 11
    },
    {
        "val.encoder_mse": 0.0011588560580275953,
        "val.decoder_loss": 0.07723126411437989,
        "val.decoder_acc": 0.9697923636436463,
        "val.ssim": 0.8674425077438355,
        "val.psnr": 35.48928327560425,
        "val.rsbpp": 0.9395847272872925,
        "train.encoder_mse": 0.0011012076982297003,
        "train.decoder_loss": 0.07860594690777362,
        "train.decoder_acc": 0.9690508377552033,
        "epoch": 12
    },
    {
        "val.encoder_mse": 0.0011405372037552298,
        "val.decoder_loss": 0.06990744583308697,
        "val.decoder_acc": 0.9733767819404602,
        "val.ssim": 0.8610515594482422,
        "val.psnr": 35.55635719299316,
        "val.rsbpp": 0.9467535638809204,
        "train.encoder_mse": 0.0010454286367166787,
        "train.decoder_loss": 0.07501603573095053,
        "train.decoder_acc": 0.9704376646876335,
        "epoch": 13
    },
    {
        "val.encoder_mse": 0.0008738224371336401,
        "val.decoder_loss": 0.06186016794294119,
        "val.decoder_acc": 0.976283094882965,
        "val.ssim": 0.8741916394233704,
        "val.psnr": 36.69743299484253,
        "val.rsbpp": 0.9525661897659302,
        "train.encoder_mse": 0.0009650715853786096,
        "train.decoder_loss": 0.06831576214171946,
        "train.decoder_acc": 0.9731700783967971,
        "epoch": 14
    },
    {
        "val.encoder_mse": 0.000849908166565001,
        "val.decoder_loss": 0.05702045612037182,
        "val.decoder_acc": 0.9779645037651062,
        "val.ssim": 0.8733347511291504,
        "val.psnr": 36.81284770965576,
        "val.rsbpp": 0.9559290075302124,
        "train.encoder_mse": 0.0009134817754966206,
        "train.decoder_loss": 0.0659549667360261,
        "train.decoder_acc": 0.9741281029582024,
        "epoch": 15
    },
    {
        "val.encoder_mse": 0.000842883235309273,
        "val.decoder_loss": 0.0532909657433629,
        "val.decoder_acc": 0.9800224471092224,
        "val.ssim": 0.8764465975761414,
        "val.psnr": 36.91221227645874,
        "val.rsbpp": 0.9600448942184449,
        "train.encoder_mse": 0.000865663576987572,
        "train.decoder_loss": 0.06200696954503655,
        "train.decoder_acc": 0.975661213696003,
        "epoch": 16
    },
    {
        "val.encoder_mse": 0.0007384977699257433,
        "val.decoder_loss": 0.05252166457474232,
        "val.decoder_acc": 0.9805160450935364,
        "val.ssim": 0.8890097117424012,
        "val.psnr": 37.418268013000485,
        "val.rsbpp": 0.9610320901870728,
        "train.encoder_mse": 0.0007791767391609028,
        "train.decoder_loss": 0.05678076967597008,
        "train.decoder_acc": 0.9779627025127411,
        "epoch": 17
    },
    {
        "val.encoder_mse": 0.0007275936030782759,
        "val.decoder_loss": 0.05280513536185026,
        "val.decoder_acc": 0.9797833299636841,
        "val.ssim": 0.8906920647621155,
        "val.psnr": 37.47687740325928,
        "val.rsbpp": 0.9595666599273681,
        "train.encoder_mse": 0.0007570213373401202,
        "train.decoder_loss": 0.05415457107126713,
        "train.decoder_acc": 0.9790070196986198,
        "epoch": 18
    },
    {
        "val.encoder_mse": 0.0006691434886306524,
        "val.decoder_loss": 0.04418859083205461,
        "val.decoder_acc": 0.9834491467475891,
        "val.ssim": 0.8955665731430054,
        "val.psnr": 37.868508434295656,
        "val.rsbpp": 0.9668982934951782,
        "train.encoder_mse": 0.0006975452159531415,
        "train.decoder_loss": 0.05111900155898184,
        "train.decoder_acc": 0.9802721619606019,
        "epoch": 19
    },
    {
        "val.encoder_mse": 0.0006354949611704797,
        "val.decoder_loss": 0.04076220627874136,
        "val.decoder_acc": 0.9849587178230286,
        "val.ssim": 0.8964743399620057,
        "val.psnr": 38.03821506500244,
        "val.rsbpp": 0.9699174356460571,
        "train.encoder_mse": 0.0006814168210257776,
        "train.decoder_loss": 0.05041547474218532,
        "train.decoder_acc": 0.980605052113533,
        "epoch": 20
    },
    {
        "val.encoder_mse": 0.0006249244150239974,
        "val.decoder_loss": 0.039305028431117536,
        "val.decoder_acc": 0.9851858019828796,
        "val.ssim": 0.8950520992279053,
        "val.psnr": 38.1275336265564,
        "val.rsbpp": 0.9703716039657593,
        "train.encoder_mse": 0.000664459262334276,
        "train.decoder_loss": 0.046860539044719186,
        "train.decoder_acc": 0.9821280729770661,
        "epoch": 21
    },
    {
        "val.encoder_mse": 0.0006729735387489199,
        "val.decoder_loss": 0.03802254475653172,
        "val.decoder_acc": 0.9857043170928955,
        "val.ssim": 0.8957301783561706,
        "val.psnr": 37.865497303009036,
        "val.rsbpp": 0.971408634185791,
        "train.encoder_mse": 0.000645667103381129,
        "train.decoder_loss": 0.04591536412481219,
        "train.decoder_acc": 0.9824247092008591,
        "epoch": 22
    },
    {
        "val.encoder_mse": 0.0006222526170313359,
        "val.decoder_loss": 0.04544573545455933,
        "val.decoder_acc": 0.9828029274940491,
        "val.ssim": 0.9176354360580444,
        "val.psnr": 38.13416585922241,
        "val.rsbpp": 0.9656058549880981,
        "train.encoder_mse": 0.0006040534615749493,
        "train.decoder_loss": 0.04272593071451411,
        "train.decoder_acc": 0.9836620739102364,
        "epoch": 23
    },
    {
        "val.encoder_mse": 0.0005607029830571264,
        "val.decoder_loss": 0.038784668054431676,
        "val.decoder_acc": 0.9854979133605957,
        "val.ssim": 0.9024226117134094,
        "val.psnr": 38.658229732513426,
        "val.rsbpp": 0.9709958267211914,
        "train.encoder_mse": 0.0006054734089411796,
        "train.decoder_loss": 0.040858384211314845,
        "train.decoder_acc": 0.9844102188944817,
        "epoch": 24
    },
    {
        "val.encoder_mse": 0.0004992340912576765,
        "val.decoder_loss": 0.02993000492453575,
        "val.decoder_acc": 0.9890153527259826,
        "val.ssim": 0.9030554151535034,
        "val.psnr": 39.07673511505127,
        "val.rsbpp": 0.9780307054519654,
        "train.encoder_mse": 0.0005643176964076702,
        "train.decoder_loss": 0.03887730899965391,
        "train.decoder_acc": 0.9852443155646324,
        "epoch": 25
    },
    {
        "val.encoder_mse": 0.0005249710509087891,
        "val.decoder_loss": 0.030510970633476974,
        "val.decoder_acc": 0.9887349557876587,
        "val.ssim": 0.9111722421646118,
        "val.psnr": 38.85349674224854,
        "val.rsbpp": 0.9774699115753174,
        "train.encoder_mse": 0.0005323272979876492,
        "train.decoder_loss": 0.03786320556886494,
        "train.decoder_acc": 0.9856744077801705,
        "epoch": 26
    },
    {
        "val.encoder_mse": 0.0005182413384318352,
        "val.decoder_loss": 0.029411973301321268,
        "val.decoder_acc": 0.9891641211509704,
        "val.ssim": 0.9099296379089356,
        "val.psnr": 38.96447200775147,
        "val.rsbpp": 0.9783282423019409,
        "train.encoder_mse": 0.0005181663938856218,
        "train.decoder_loss": 0.035608684425242246,
        "train.decoder_acc": 0.9865253809094429,
        "epoch": 27
    },
    {
        "val.encoder_mse": 0.0005402325943578035,
        "val.decoder_loss": 0.030869339648634194,
        "val.decoder_acc": 0.9885752320289611,
        "val.ssim": 0.9106789922714233,
        "val.psnr": 38.89489774703979,
        "val.rsbpp": 0.9771504640579224,
        "train.encoder_mse": 0.0005298090547148604,
        "train.decoder_loss": 0.03721487659146078,
        "train.decoder_acc": 0.9860759830474853,
        "epoch": 28
    },
    {
        "val.encoder_mse": 0.000457973163574934,
        "val.decoder_loss": 0.028997308518737556,
        "val.decoder_acc": 0.9893989157676697,
        "val.ssim": 0.9199827623367309,
        "val.psnr": 39.529747009277344,
        "val.rsbpp": 0.9787978315353394,
        "train.encoder_mse": 0.0004806559701683,
        "train.decoder_loss": 0.032228072609286756,
        "train.decoder_acc": 0.9879035472869873,
        "epoch": 29
    },
    {
        "val.encoder_mse": 0.0005313099932391196,
        "val.decoder_loss": 0.030207292288541795,
        "val.decoder_acc": 0.988850622177124,
        "val.ssim": 0.9140554881095886,
        "val.psnr": 38.86371908187866,
        "val.rsbpp": 0.9777012443542481,
        "train.encoder_mse": 0.00048016865664976646,
        "train.decoder_loss": 0.031821136404760184,
        "train.decoder_acc": 0.9880815270543098,
        "epoch": 30
    },
    {
        "val.encoder_mse": 0.0004326239798683673,
        "val.decoder_loss": 0.025570922531187534,
        "val.decoder_acc": 0.99058758020401,
        "val.ssim": 0.9209071660041809,
        "val.psnr": 39.75467615127563,
        "val.rsbpp": 0.98117516040802,
        "train.encoder_mse": 0.000446225662890356,
        "train.decoder_loss": 0.028188249025261028,
        "train.decoder_acc": 0.9894600576162338,
        "epoch": 31
    },
    {
        "val.encoder_mse": 0.0004364265000913292,
        "val.decoder_loss": 0.02738099094480276,
        "val.decoder_acc": 0.9898900485038757,
        "val.ssim": 0.9278972768783569,
        "val.psnr": 39.733093929290774,
        "val.rsbpp": 0.9797800970077515,
        "train.encoder_mse": 0.00043835397736984304,
        "train.decoder_loss": 0.02854513897909783,
        "train.decoder_acc": 0.9893565374612808,
        "epoch": 32
    }
]