[
    {
        "val.encoder_mse": 0.010737555250525475,
        "val.decoder_loss": 0.5745760679244996,
        "val.decoder_acc": 0.7112374544143677,
        "val.ssim": 0.6126255011558532,
        "val.psnr": 25.90301456451416,
        "val.rsbpp": 0.42247490882873534,
        "train.encoder_mse": 0.033853162152227015,
        "train.decoder_loss": 0.6351223316788673,
        "train.decoder_acc": 0.6538404928147793,
        "epoch": 1
    },
    {
        "val.encoder_mse": 0.005938952770084143,
        "val.decoder_loss": 0.46804391622543334,
        "val.decoder_acc": 0.7788293194770813,
        "val.ssim": 0.7072722339630126,
        "val.psnr": 28.548011684417723,
        "val.rsbpp": 0.5576586389541626,
        "train.encoder_mse": 0.008303979772608727,
        "train.decoder_loss": 0.5227338778972626,
        "train.decoder_acc": 0.7434328612685204,
        "epoch": 2
    },
    {
        "val.encoder_mse": 0.004337241733446717,
        "val.decoder_loss": 0.35468356728553774,
        "val.decoder_acc": 0.8436857986450196,
        "val.ssim": 0.737596971988678,
        "val.psnr": 29.801103401184083,
        "val.rsbpp": 0.687371597290039,
        "train.encoder_mse": 0.005175813623936847,
        "train.decoder_loss": 0.4053101447224617,
        "train.decoder_acc": 0.8149129846692085,
        "epoch": 3
    },
    {
        "val.encoder_mse": 0.0032617755699902774,
        "val.decoder_loss": 0.2733020257949829,
        "val.decoder_acc": 0.884015121459961,
        "val.ssim": 0.7490084195137023,
        "val.psnr": 31.011485862731934,
        "val.rsbpp": 0.7680302429199218,
        "train.encoder_mse": 0.0037196847633458674,
        "train.decoder_loss": 0.3071240220218897,
        "train.decoder_acc": 0.8674228429794312,
        "epoch": 4
    },
    {
        "val.encoder_mse": 0.002354647172614932,
        "val.decoder_loss": 0.22735262632369996,
        "val.decoder_acc": 0.9050753831863403,
        "val.ssim": 0.7744496273994446,
        "val.psnr": 32.40682020187378,
        "val.rsbpp": 0.8101507663726807,
        "train.encoder_mse": 0.0029474085848778487,
        "train.decoder_loss": 0.2567608962208033,
        "train.decoder_acc": 0.8907737001776695,
        "epoch": 5
    },
    {
        "val.encoder_mse": 0.002146752467378974,
        "val.decoder_loss": 0.20026331007480622,
        "val.decoder_acc": 0.9172622680664062,
        "val.ssim": 0.7825483393669128,
        "val.psnr": 32.83871183395386,
        "val.rsbpp": 0.8345245361328125,
        "train.encoder_mse": 0.002531588961719535,
        "train.decoder_loss": 0.22772217735648156,
        "train.decoder_acc": 0.9038305386900902,
        "epoch": 6
    },
    {
        "val.encoder_mse": 0.0019233419420197607,
        "val.decoder_loss": 0.19246384888887405,
        "val.decoder_acc": 0.9195939016342163,
        "val.ssim": 0.806607837677002,
        "val.psnr": 33.290609169006345,
        "val.rsbpp": 0.8391878032684326,
        "train.encoder_mse": 0.0020677234686445447,
        "train.decoder_loss": 0.1974256971850991,
        "train.decoder_acc": 0.9173973554372787,
        "epoch": 7
    },
    {
        "val.encoder_mse": 0.0016427954472601413,
        "val.decoder_loss": 0.16767369836568832,
        "val.decoder_acc": 0.9308152747154236,
        "val.ssim": 0.8088550257682801,
        "val.psnr": 33.916772079467776,
        "val.rsbpp": 0.8616305494308472,
        "train.encoder_mse": 0.0018693038588389755,
        "train.decoder_loss": 0.1859939831122756,
        "train.decoder_acc": 0.9220865878462792,
        "epoch": 8
    },
    {
        "val.encoder_mse": 0.0015409643296152354,
        "val.decoder_loss": 0.15419135391712188,
        "val.decoder_acc": 0.9382190990447998,
        "val.ssim": 0.8050170040130615,
        "val.psnr": 34.21201314926147,
        "val.rsbpp": 0.8764381980895997,
        "train.encoder_mse": 0.0017251943447627127,
        "train.decoder_loss": 0.1760579494573176,
        "train.decoder_acc": 0.9266702860593796,
        "epoch": 9
    },
    {
        "val.encoder_mse": 0.001525294715538621,
        "val.decoder_loss": 0.15924314379692078,
        "val.decoder_acc": 0.9349735689163208,
        "val.ssim": 0.8220381712913514,
        "val.psnr": 34.28547954559326,
        "val.rsbpp": 0.8699471378326415,
        "train.encoder_mse": 0.0014700578601332382,
        "train.decoder_loss": 0.16084526747465133,
        "train.decoder_acc": 0.9334931260347367,
        "epoch": 10
    },
    {
        "val.encoder_mse": 0.0013174803787842392,
        "val.decoder_loss": 0.13532718673348426,
        "val.decoder_acc": 0.9456146621704101,
        "val.ssim": 0.8354872369766235,
        "val.psnr": 34.930364322662356,
        "val.rsbpp": 0.8912293243408204,
        "train.encoder_mse": 0.0013547824704437516,
        "train.decoder_loss": 0.14619191674515605,
        "train.decoder_acc": 0.9401330530643464,
        "epoch": 11
    },
    {
        "val.encoder_mse": 0.001157249384559691,
        "val.decoder_loss": 0.1314591360092163,
        "val.decoder_acc": 0.9469711399078369,
        "val.ssim": 0.8408091306686402,
        "val.psnr": 35.46323652267456,
        "val.rsbpp": 0.8939422798156739,
        "train.encoder_mse": 0.0012725614523515106,
        "train.decoder_loss": 0.13800495140254498,
        "train.decoder_acc": 0.9438090458512306,
        "epoch": 12
    },
    {
        "val.encoder_mse": 0.0011028169048950076,
        "val.decoder_loss": 0.11313142582774162,
        "val.decoder_acc": 0.9552080202102661,
        "val.ssim": 0.8258804845809936,
        "val.psnr": 35.67612257003784,
        "val.rsbpp": 0.9104160404205323,
        "train.encoder_mse": 0.001147942078532651,
        "train.decoder_loss": 0.13083810053765774,
        "train.decoder_acc": 0.9467475959658622,
        "epoch": 13
    },
    {
        "val.encoder_mse": 0.0010778216319158674,
        "val.decoder_loss": 0.11083415016531944,
        "val.decoder_acc": 0.9565988421440125,
        "val.ssim": 0.8428656816482544,
        "val.psnr": 35.744943618774414,
        "val.rsbpp": 0.913197684288025,
        "train.encoder_mse": 0.0011313270655227824,
        "train.decoder_loss": 0.1246769387833774,
        "train.decoder_acc": 0.9497646427154541,
        "epoch": 14
    },
    {
        "val.encoder_mse": 0.0009780072257854044,
        "val.decoder_loss": 0.10783521249890328,
        "val.decoder_acc": 0.9579802036285401,
        "val.ssim": 0.8398084950447082,
        "val.psnr": 36.1810022354126,
        "val.rsbpp": 0.9159604072570801,
        "train.encoder_mse": 0.0010206115260371006,
        "train.decoder_loss": 0.11413009505718946,
        "train.decoder_acc": 0.9543087285757065,
        "epoch": 15
    },
    {
        "val.encoder_mse": 0.000907809769269079,
        "val.decoder_loss": 0.10755153387784958,
        "val.decoder_acc": 0.9573146629333497,
        "val.ssim": 0.8586005330085754,
        "val.psnr": 36.49091911315918,
        "val.rsbpp": 0.9146293258666992,
        "train.encoder_mse": 0.0009903557391953656,
        "train.decoder_loss": 0.11005247921682894,
        "train.decoder_acc": 0.9560285419225693,
        "epoch": 16
    },
    {
        "val.encoder_mse": 0.0009254103177227079,
        "val.decoder_loss": 0.09409852638840675,
        "val.decoder_acc": 0.96406099319458,
        "val.ssim": 0.8526148796081543,
        "val.psnr": 36.41125078201294,
        "val.rsbpp": 0.9281219863891601,
        "train.encoder_mse": 0.0009346485158312134,
        "train.decoder_loss": 0.10407598027959467,
        "train.decoder_acc": 0.9587913566827774,
        "epoch": 17
    },
    {
        "val.encoder_mse": 0.0008085379190742969,
        "val.decoder_loss": 0.08473221987485885,
        "val.decoder_acc": 0.9673723292350769,
        "val.ssim": 0.8623551869392395,
        "val.psnr": 36.9782751083374,
        "val.rsbpp": 0.9347446584701538,
        "train.encoder_mse": 0.0008985463879071176,
        "train.decoder_loss": 0.09843249357305467,
        "train.decoder_acc": 0.9609237265586853,
        "epoch": 18
    },
    {
        "val.encoder_mse": 0.0008255863282829523,
        "val.decoder_loss": 0.08716256573796272,
        "val.decoder_acc": 0.9657699823379516,
        "val.ssim": 0.8551435375213623,
        "val.psnr": 36.91551523208618,
        "val.rsbpp": 0.9315399646759033,
        "train.encoder_mse": 0.000869599322322756,
        "train.decoder_loss": 0.09590981616638601,
        "train.decoder_acc": 0.9622841796278954,
        "epoch": 19
    },
    {
        "val.encoder_mse": 0.0007839197176508605,
        "val.decoder_loss": 0.0794481609761715,
        "val.decoder_acc": 0.9694354939460754,
        "val.ssim": 0.8667653131484986,
        "val.psnr": 37.0979208946228,
        "val.rsbpp": 0.9388709878921508,
        "train.encoder_mse": 0.0008221467488328927,
        "train.decoder_loss": 0.0904087704513222,
        "train.decoder_acc": 0.9644750061631203,
        "epoch": 20
    },
    {
        "val.encoder_mse": 0.0007362808147445321,
        "val.decoder_loss": 0.07708803229033948,
        "val.decoder_acc": 0.9701279282569886,
        "val.ssim": 0.8694329380989074,
        "val.psnr": 37.41256151199341,
        "val.rsbpp": 0.940255856513977,
        "train.encoder_mse": 0.0007873577764257788,
        "train.decoder_loss": 0.08543565500527621,
        "train.decoder_acc": 0.966594235599041,
        "epoch": 21
    },
    {
        "val.encoder_mse": 0.0007789105689153075,
        "val.decoder_loss": 0.08092696748673917,
        "val.decoder_acc": 0.9685391592979431,
        "val.ssim": 0.8807963585853577,
        "val.psnr": 37.1482458114624,
        "val.rsbpp": 0.9370783185958862,
        "train.encoder_mse": 0.0007592038641450927,
        "train.decoder_loss": 0.081576525028795,
        "train.decoder_acc": 0.9679662165045738,
        "epoch": 22
    },
    {
        "val.encoder_mse": 0.0007182499603368342,
        "val.decoder_loss": 0.07344185180962086,
        "val.decoder_acc": 0.9720613050460816,
        "val.ssim": 0.8759195327758789,
        "val.psnr": 37.51822652816772,
        "val.rsbpp": 0.9441226100921631,
        "train.encoder_mse": 0.0007616059767315165,
        "train.decoder_loss": 0.08293732571415603,
        "train.decoder_acc": 0.9677823349833489,
        "epoch": 23
    },
    {
        "val.encoder_mse": 0.0007109898235648871,
        "val.decoder_loss": 0.06032015539705753,
        "val.decoder_acc": 0.9769270062446594,
        "val.ssim": 0.8753510022163391,
        "val.psnr": 37.57453260421753,
        "val.rsbpp": 0.9538540124893189,
        "train.encoder_mse": 0.0007323802009341307,
        "train.decoder_loss": 0.0790045993309468,
        "train.decoder_acc": 0.9692708566784859,
        "epoch": 24
    },
    {
        "val.encoder_mse": 0.000688698124140501,
        "val.decoder_loss": 0.0645437429100275,
        "val.decoder_acc": 0.9753656554222107,
        "val.ssim": 0.8713442730903626,
        "val.psnr": 37.68170614242554,
        "val.rsbpp": 0.9507313108444214,
        "train.encoder_mse": 0.0007216329814400524,
        "train.decoder_loss": 0.07664288816042245,
        "train.decoder_acc": 0.9701278349757194,
        "epoch": 25
    },
    {
        "val.encoder_mse": 0.0007022228999994695,
        "val.decoder_loss": 0.05613081119954586,
        "val.decoder_acc": 0.9785433983802796,
        "val.ssim": 0.8630422878265381,
        "val.psnr": 37.60870523452759,
        "val.rsbpp": 0.9570867967605591,
        "train.encoder_mse": 0.0006923271215055138,
        "train.decoder_loss": 0.07196909222751856,
        "train.decoder_acc": 0.9721930426359177,
        "epoch": 26
    },
    {
        "val.encoder_mse": 0.0006945776171050966,
        "val.decoder_loss": 0.06424503460526466,
        "val.decoder_acc": 0.9753302884101868,
        "val.ssim": 0.8941273641586304,
        "val.psnr": 37.701292991638184,
        "val.rsbpp": 0.9506605768203735,
        "train.encoder_mse": 0.0007066460774512961,
        "train.decoder_loss": 0.07293607178609818,
        "train.decoder_acc": 0.9717231634259224,
        "epoch": 27
    },
    {
        "val.encoder_mse": 0.0006884527648799121,
        "val.decoder_loss": 0.06078891113400459,
        "val.decoder_acc": 0.9766620755195617,
        "val.ssim": 0.8891108393669128,
        "val.psnr": 37.689874744415285,
        "val.rsbpp": 0.9533241510391235,
        "train.encoder_mse": 0.0006910994602367282,
        "train.decoder_loss": 0.06983177792280912,
        "train.decoder_acc": 0.9731102415919304,
        "epoch": 28
    },
    {
        "val.encoder_mse": 0.0006078169343527406,
        "val.decoder_loss": 0.05639930546283722,
        "val.decoder_acc": 0.9787917399406433,
        "val.ssim": 0.8888934183120728,
        "val.psnr": 38.240576076507566,
        "val.rsbpp": 0.9575834798812867,
        "train.encoder_mse": 0.0006376042705960572,
        "train.decoder_loss": 0.06513086629565805,
        "train.decoder_acc": 0.9749456325173378,
        "epoch": 29
    },
    {
        "val.encoder_mse": 0.0005771618627477438,
        "val.decoder_loss": 0.05877108328044414,
        "val.decoder_acc": 0.9778558278083801,
        "val.ssim": 0.8999663829803467,
        "val.psnr": 38.53005437850952,
        "val.rsbpp": 0.9557116556167603,
        "train.encoder_mse": 0.0006472121777187567,
        "train.decoder_loss": 0.06498376143630594,
        "train.decoder_acc": 0.9750728529691696,
        "epoch": 30
    },
    {
        "val.encoder_mse": 0.000613354278029874,
        "val.decoder_loss": 0.057185479179024695,
        "val.decoder_acc": 0.9786875319480896,
        "val.ssim": 0.8986122941970826,
        "val.psnr": 38.35252742767334,
        "val.rsbpp": 0.9573750638961792,
        "train.encoder_mse": 0.0006418983721232507,
        "train.decoder_loss": 0.061569212605245414,
        "train.decoder_acc": 0.9763987582921981,
        "epoch": 31
    },
    {
        "val.encoder_mse": 0.0005713877559173852,
        "val.decoder_loss": 0.05149954870343208,
        "val.decoder_acc": 0.9809151196479797,
        "val.ssim": 0.8934457683563233,
        "val.psnr": 38.52327995300293,
        "val.rsbpp": 0.9618302392959595,
        "train.encoder_mse": 0.0006198852410307154,
        "train.decoder_loss": 0.06020212944597006,
        "train.decoder_acc": 0.9769918456673622,
        "epoch": 32
    }
]