[
    {
        "val.encoder_mse": 0.013683445770293474,
        "val.decoder_loss": 0.4646261596679688,
        "val.decoder_acc": 0.788580322265625,
        "val.cover_score": -0.028407228738069536,
        "val.generated_score": -0.025677727162837984,
        "val.ssim": 0.6228780472278594,
        "val.psnr": 24.945609188079835,
        "val.rsbpp": 0.57716064453125,
        "train.encoder_mse": 0.04098726738942787,
        "train.decoder_loss": 0.5772667573392392,
        "train.decoder_acc": 0.7152852806448936,
        "train.cover_score": -0.028377138609066606,
        "train.generated_score": -0.025890184845775367,
        "epoch": 1
    },
    {
        "val.encoder_mse": 0.006070589181035757,
        "val.decoder_loss": 0.2868157160282135,
        "val.decoder_acc": 0.8787709140777588,
        "val.cover_score": -0.028464049622416495,
        "val.generated_score": -0.003189199864864349,
        "val.ssim": 0.7149457478523255,
        "val.psnr": 28.391013145446777,
        "val.rsbpp": 0.7575418281555176,
        "train.encoder_mse": 0.009178105090977624,
        "train.decoder_loss": 0.36049241065979004,
        "train.decoder_acc": 0.8421878170967102,
        "train.cover_score": -0.02836508322507143,
        "train.generated_score": -0.013194874092005194,
        "epoch": 2
    },
    {
        "val.encoder_mse": 0.004161542924121023,
        "val.decoder_loss": 0.19993726015090943,
        "val.decoder_acc": 0.9199035453796387,
        "val.cover_score": -0.02848526492714882,
        "val.generated_score": -0.0007443199306726455,
        "val.ssim": 0.7440034246444702,
        "val.psnr": 30.04863271713257,
        "val.rsbpp": 0.8398070907592774,
        "train.encoder_mse": 0.005745235956273973,
        "train.decoder_loss": 0.24640471920371054,
        "train.decoder_acc": 0.8975259354710579,
        "train.cover_score": -0.028257834510877728,
        "train.generated_score": 0.01206549207738135,
        "epoch": 3
    },
    {
        "val.encoder_mse": 0.0034066819306463004,
        "val.decoder_loss": 0.17691620111465453,
        "val.decoder_acc": 0.9284171295166016,
        "val.cover_score": -0.028397090882062912,
        "val.generated_score": -0.009110672771930695,
        "val.ssim": 0.7808965992927551,
        "val.psnr": 30.923598861694337,
        "val.rsbpp": 0.8568342590332031,
        "train.encoder_mse": 0.0038483817991800608,
        "train.decoder_loss": 0.18523718846961856,
        "train.decoder_acc": 0.9245974138379097,
        "train.cover_score": -0.02813167537562549,
        "train.generated_score": 0.015007440689951182,
        "epoch": 4
    },
    {
        "val.encoder_mse": 0.002891876674257219,
        "val.decoder_loss": 0.15331332489848137,
        "val.decoder_acc": 0.937913043498993,
        "val.cover_score": -0.02834821343421936,
        "val.generated_score": -0.01610387422144413,
        "val.ssim": 0.7873573422431945,
        "val.psnr": 31.689860343933105,
        "val.rsbpp": 0.8758260869979858,
        "train.encoder_mse": 0.0028870660084066913,
        "train.decoder_loss": 0.15366666151210664,
        "train.decoder_acc": 0.9380525344610214,
        "train.cover_score": -0.028403611592948436,
        "train.generated_score": 0.004034451681654901,
        "epoch": 5
    },
    {
        "val.encoder_mse": 0.0020894578099250796,
        "val.decoder_loss": 0.1287227113544941,
        "val.decoder_acc": 0.9490083384513855,
        "val.cover_score": -0.02827527068555355,
        "val.generated_score": -0.016980333104729652,
        "val.ssim": 0.817312638759613,
        "val.psnr": 32.99366998672485,
        "val.rsbpp": 0.898016676902771,
        "train.encoder_mse": 0.002387092241551727,
        "train.decoder_loss": 0.13641903098672628,
        "train.decoder_acc": 0.9449428412318229,
        "train.cover_score": -0.028221552344039082,
        "train.generated_score": -0.010034417007118464,
        "epoch": 6
    },
    {
        "val.encoder_mse": 0.0019725479604676367,
        "val.decoder_loss": 0.10569304555654525,
        "val.decoder_acc": 0.9586192083358764,
        "val.cover_score": -0.028328268751502038,
        "val.generated_score": -0.014598348066210748,
        "val.ssim": 0.7903365468978882,
        "val.psnr": 33.39291553497314,
        "val.rsbpp": 0.9172384166717529,
        "train.encoder_mse": 0.001999268042272888,
        "train.decoder_loss": 0.1217663442902267,
        "train.decoder_acc": 0.9511293205618858,
        "train.cover_score": -0.02841113058850169,
        "train.generated_score": -0.010116703985258936,
        "epoch": 7
    },
    {
        "val.encoder_mse": 0.001718446034938097,
        "val.decoder_loss": 0.10609715737402439,
        "val.decoder_acc": 0.9584124946594238,
        "val.cover_score": -0.02894491598010063,
        "val.generated_score": -0.02066994272172451,
        "val.ssim": 0.8339427709579468,
        "val.psnr": 33.85938739776611,
        "val.rsbpp": 0.9168249893188477,
        "train.encoder_mse": 0.0017410617548739538,
        "train.decoder_loss": 0.10902975110337138,
        "train.decoder_acc": 0.9565212947130203,
        "train.cover_score": -0.02835633943788707,
        "train.generated_score": -0.012270870867650956,
        "epoch": 8
    },
    {
        "val.encoder_mse": 0.0014117928198538721,
        "val.decoder_loss": 0.09129587508738041,
        "val.decoder_acc": 0.9649691390991211,
        "val.cover_score": -0.028334520310163498,
        "val.generated_score": -0.02192692883312702,
        "val.ssim": 0.8305014061927796,
        "val.psnr": 34.663816928863525,
        "val.rsbpp": 0.9299382781982422,
        "train.encoder_mse": 0.0015432846391922794,
        "train.decoder_loss": 0.09957433705218137,
        "train.decoder_acc": 0.96032286465168,
        "train.cover_score": -0.02821209719404578,
        "train.generated_score": -0.011858154325746,
        "epoch": 9
    },
    {
        "val.encoder_mse": 0.001365326123777777,
        "val.decoder_loss": 0.08519002728164196,
        "val.decoder_acc": 0.9675663590431214,
        "val.cover_score": -0.028762066438794136,
        "val.generated_score": -0.02660267360508442,
        "val.ssim": 0.8417030000686645,
        "val.psnr": 34.831524562835696,
        "val.rsbpp": 0.9351327180862427,
        "train.encoder_mse": 0.001415981222235132,
        "train.decoder_loss": 0.09200768194627017,
        "train.decoder_acc": 0.9635955998301506,
        "train.cover_score": -0.028190035596489905,
        "train.generated_score": -0.0145057667279616,
        "epoch": 10
    },
    {
        "val.encoder_mse": 0.0011545805004425347,
        "val.decoder_loss": 0.0779391972720623,
        "val.decoder_acc": 0.9702704477310181,
        "val.cover_score": -0.028269101083278656,
        "val.generated_score": -0.024442139342427255,
        "val.ssim": 0.8601657342910767,
        "val.psnr": 35.52952995300293,
        "val.rsbpp": 0.9405408954620361,
        "train.encoder_mse": 0.0012243086137459613,
        "train.decoder_loss": 0.08152002030517906,
        "train.decoder_acc": 0.9679241788387298,
        "train.cover_score": -0.028285221355035903,
        "train.generated_score": -0.013792595451232046,
        "epoch": 11
    },
    {
        "val.encoder_mse": 0.001118750385940075,
        "val.decoder_loss": 0.07245094418525695,
        "val.decoder_acc": 0.9723327159881592,
        "val.cover_score": -0.028135939091444014,
        "val.generated_score": -0.02476095601916313,
        "val.ssim": 0.8615717887878418,
        "val.psnr": 35.66695890426636,
        "val.rsbpp": 0.9446654319763184,
        "train.encoder_mse": 0.0011707063016365281,
        "train.decoder_loss": 0.07853192701004445,
        "train.decoder_acc": 0.9692661651968956,
        "train.cover_score": -0.02827618454582989,
        "train.generated_score": -0.015509690111503004,
        "epoch": 12
    },
    {
        "val.encoder_mse": 0.0010608191043138505,
        "val.decoder_loss": 0.06432584475725889,
        "val.decoder_acc": 0.9756432056427002,
        "val.cover_score": -0.028243639096617697,
        "val.generated_score": -0.02820173293352127,
        "val.ssim": 0.8613425898551941,
        "val.psnr": 35.83281631469727,
        "val.rsbpp": 0.9512864112854004,
        "train.encoder_mse": 0.0010529109174967743,
        "train.decoder_loss": 0.07234269574750214,
        "train.decoder_acc": 0.9716470849514007,
        "train.cover_score": -0.028394015356898308,
        "train.generated_score": -0.015204484639689327,
        "epoch": 13
    },
    {
        "val.encoder_mse": 0.0009785857796669006,
        "val.decoder_loss": 0.06692480683326721,
        "val.decoder_acc": 0.9742012333869934,
        "val.cover_score": -0.02834519825875759,
        "val.generated_score": -0.026486191004514693,
        "val.ssim": 0.8774687814712524,
        "val.psnr": 36.19120740890503,
        "val.rsbpp": 0.9484024667739868,
        "train.encoder_mse": 0.0009687947019119747,
        "train.decoder_loss": 0.06724203452467918,
        "train.decoder_acc": 0.9738540294766426,
        "train.cover_score": -0.028411037139594555,
        "train.generated_score": -0.0123861847165972,
        "epoch": 14
    },
    {
        "val.encoder_mse": 0.0009513184451498091,
        "val.decoder_loss": 0.06004300057888031,
        "val.decoder_acc": 0.9774912858009338,
        "val.cover_score": -0.02856329023838043,
        "val.generated_score": -0.026811535656452178,
        "val.ssim": 0.8628184866905212,
        "val.psnr": 36.35841941833496,
        "val.rsbpp": 0.9549825716018677,
        "train.encoder_mse": 0.0009454879906843416,
        "train.decoder_loss": 0.06751943251118064,
        "train.decoder_acc": 0.9741365143656731,
        "train.cover_score": -0.02842955432832241,
        "train.generated_score": -0.018776867454871535,
        "epoch": 15
    },
    {
        "val.encoder_mse": 0.0009456367581151426,
        "val.decoder_loss": 0.05544412299990654,
        "val.decoder_acc": 0.9789637351036071,
        "val.cover_score": -0.02788027100265026,
        "val.generated_score": -0.028212651312351227,
        "val.ssim": 0.8769139194488526,
        "val.psnr": 36.32692031860351,
        "val.rsbpp": 0.9579274702072144,
        "train.encoder_mse": 0.0008691862964769825,
        "train.decoder_loss": 0.06117842924781144,
        "train.decoder_acc": 0.976336900293827,
        "train.cover_score": -0.028196329129859806,
        "train.generated_score": -0.014125955041963607,
        "epoch": 16
    },
    {
        "val.encoder_mse": 0.0007938187778927386,
        "val.decoder_loss": 0.048277448751032355,
        "val.decoder_acc": 0.981867048740387,
        "val.cover_score": -0.027838386744260788,
        "val.generated_score": -0.030272063687443732,
        "val.ssim": 0.8839498662948608,
        "val.psnr": 37.105633449554446,
        "val.rsbpp": 0.9637340974807739,
        "train.encoder_mse": 0.0008219534833915532,
        "train.decoder_loss": 0.05708027426153421,
        "train.decoder_acc": 0.9779209187626838,
        "train.cover_score": -0.02834447644650936,
        "train.generated_score": -0.015657558324746787,
        "epoch": 17
    },
    {
        "val.encoder_mse": 0.0008035460463725031,
        "val.decoder_loss": 0.052133889235556126,
        "val.decoder_acc": 0.9806252288818359,
        "val.cover_score": -0.02876590594649315,
        "val.generated_score": -0.028517846167087555,
        "val.ssim": 0.8942361760139466,
        "val.psnr": 37.12787017822266,
        "val.rsbpp": 0.9612504577636719,
        "train.encoder_mse": 0.0007566944684367627,
        "train.decoder_loss": 0.05411473368294537,
        "train.decoder_acc": 0.9791352015733719,
        "train.cover_score": -0.028300380641594527,
        "train.generated_score": -0.02051286447327584,
        "epoch": 18
    },
    {
        "val.encoder_mse": 0.0007413987535983324,
        "val.decoder_loss": 0.049334296137094495,
        "val.decoder_acc": 0.9813936734199524,
        "val.cover_score": -0.02790442228317261,
        "val.generated_score": -0.02892614372074604,
        "val.ssim": 0.8928401041030883,
        "val.psnr": 37.394927215576175,
        "val.rsbpp": 0.9627873468399047,
        "train.encoder_mse": 0.0007414292090106756,
        "train.decoder_loss": 0.05252265087561682,
        "train.decoder_acc": 0.9797391670942307,
        "train.cover_score": -0.02815841625444591,
        "train.generated_score": -0.01867344555212185,
        "epoch": 19
    },
    {
        "val.encoder_mse": 0.0006627349683549255,
        "val.decoder_loss": 0.046601702086627485,
        "val.decoder_acc": 0.9824489974975585,
        "val.cover_score": -0.028325110003352166,
        "val.generated_score": -0.03128289975225926,
        "val.ssim": 0.896963164806366,
        "val.psnr": 37.87505521774292,
        "val.rsbpp": 0.9648979949951172,
        "train.encoder_mse": 0.0006960604118648917,
        "train.decoder_loss": 0.05052194937830791,
        "train.decoder_acc": 0.980507355928421,
        "train.cover_score": -0.028084561424329878,
        "train.generated_score": -0.021540813967585563,
        "epoch": 20
    },
    {
        "val.encoder_mse": 0.0006520819151774049,
        "val.decoder_loss": 0.039590064324438574,
        "val.decoder_acc": 0.9851374197006225,
        "val.cover_score": -0.02805552713572979,
        "val.generated_score": -0.03160129263997078,
        "val.ssim": 0.8877322316169739,
        "val.psnr": 37.976227855682374,
        "val.rsbpp": 0.9702748394012451,
        "train.encoder_mse": 0.000691612760128919,
        "train.decoder_loss": 0.04868954134406522,
        "train.decoder_acc": 0.9812652480602264,
        "train.cover_score": -0.02824624191969633,
        "train.generated_score": -0.01096099566668272,
        "epoch": 21
    },
    {
        "val.encoder_mse": 0.0006416775356046855,
        "val.decoder_loss": 0.04554172273725271,
        "val.decoder_acc": 0.9830755376815796,
        "val.cover_score": -0.028189238533377646,
        "val.generated_score": -0.028665959611535074,
        "val.ssim": 0.8999653959274292,
        "val.psnr": 38.13391065597534,
        "val.rsbpp": 0.9661510753631591,
        "train.encoder_mse": 0.0006334618931578006,
        "train.decoder_loss": 0.04528668662533164,
        "train.decoder_acc": 0.9826139634847642,
        "train.cover_score": -0.028365342216566204,
        "train.generated_score": -0.013697213502600789,
        "epoch": 22
    },
    {
        "val.encoder_mse": 0.0005755797121673822,
        "val.decoder_loss": 0.040533785298466685,
        "val.decoder_acc": 0.9846345615386963,
        "val.cover_score": -0.028331333696842195,
        "val.generated_score": -0.032244106084108354,
        "val.ssim": 0.9050693464279175,
        "val.psnr": 38.483252906799315,
        "val.rsbpp": 0.9692691230773925,
        "train.encoder_mse": 0.0006283280222851317,
        "train.decoder_loss": 0.04355986287817359,
        "train.decoder_acc": 0.9833906149864197,
        "train.cover_score": -0.028177993884310127,
        "train.generated_score": -0.02154751996975392,
        "epoch": 23
    },
    {
        "val.encoder_mse": 0.000587041723774746,
        "val.decoder_loss": 0.03815783385187387,
        "val.decoder_acc": 0.9857517743110656,
        "val.cover_score": -0.02844652347266674,
        "val.generated_score": -0.03163478597998619,
        "val.ssim": 0.9019126200675964,
        "val.psnr": 38.38856544494629,
        "val.rsbpp": 0.9715035486221314,
        "train.encoder_mse": 0.0005737784582015592,
        "train.decoder_loss": 0.04027169106062502,
        "train.decoder_acc": 0.98470997184515,
        "train.cover_score": -0.027962042447179557,
        "train.generated_score": -0.012581301028840244,
        "epoch": 24
    },
    {
        "val.encoder_mse": 0.0005572137597482651,
        "val.decoder_loss": 0.03318953935056925,
        "val.decoder_acc": 0.9875577187538147,
        "val.cover_score": -0.028231061547994613,
        "val.generated_score": -0.029674067199230193,
        "val.ssim": 0.8979862642288208,
        "val.psnr": 38.61495742797852,
        "val.rsbpp": 0.9751154375076294,
        "train.encoder_mse": 0.0005688073941564653,
        "train.decoder_loss": 0.03921501307748258,
        "train.decoder_acc": 0.985135271847248,
        "train.cover_score": -0.02818105962127447,
        "train.generated_score": -0.01423219833523035,
        "epoch": 25
    },
    {
        "val.encoder_mse": 0.0005898168811108917,
        "val.decoder_loss": 0.03503950718790293,
        "val.decoder_acc": 0.9869412803649902,
        "val.cover_score": -0.028286148309707642,
        "val.generated_score": -0.03347813054919243,
        "val.ssim": 0.9125406169891357,
        "val.psnr": 38.35200433731079,
        "val.rsbpp": 0.9738825607299805,
        "train.encoder_mse": 0.0005558761753491126,
        "train.decoder_loss": 0.03813311414327472,
        "train.decoder_acc": 0.985570350587368,
        "train.cover_score": -0.028161857491359115,
        "train.generated_score": -0.021061933911405505,
        "epoch": 26
    },
    {
        "val.encoder_mse": 0.000504873696481809,
        "val.decoder_loss": 0.03280224649235606,
        "val.decoder_acc": 0.9878107976913452,
        "val.cover_score": -0.028225324749946594,
        "val.generated_score": -0.03195513904094696,
        "val.ssim": 0.9070493030548096,
        "val.psnr": 39.069874095916745,
        "val.rsbpp": 0.9756215953826904,
        "train.encoder_mse": 0.0005303918590652757,
        "train.decoder_loss": 0.03618216267321259,
        "train.decoder_acc": 0.9863420408964158,
        "train.cover_score": -0.02823666011914611,
        "train.generated_score": -0.009087732937186956,
        "epoch": 27
    },
    {
        "val.encoder_mse": 0.0005082632950507104,
        "val.decoder_loss": 0.03418582312762737,
        "val.decoder_acc": 0.9873036241531372,
        "val.cover_score": -0.02821908436715603,
        "val.generated_score": -0.03318041071295738,
        "val.ssim": 0.9210623836517334,
        "val.psnr": 39.03941850662231,
        "val.rsbpp": 0.9746072483062744,
        "train.encoder_mse": 0.0005105949322751258,
        "train.decoder_loss": 0.03309700055979192,
        "train.decoder_acc": 0.9875642055273056,
        "train.cover_score": -0.028353833584114908,
        "train.generated_score": -0.018070630664005875,
        "epoch": 28
    },
    {
        "val.encoder_mse": 0.0005031555995810777,
        "val.decoder_loss": 0.028359639775007963,
        "val.decoder_acc": 0.989517514705658,
        "val.cover_score": -0.028604853972792624,
        "val.generated_score": -0.03148854978382588,
        "val.ssim": 0.9181470155715943,
        "val.psnr": 39.04537477493286,
        "val.rsbpp": 0.9790350294113159,
        "train.encoder_mse": 0.0005094657206791453,
        "train.decoder_loss": 0.03247555218986235,
        "train.decoder_acc": 0.987774815261364,
        "train.cover_score": -0.028296768935397267,
        "train.generated_score": -0.004608818870037794,
        "epoch": 29
    },
    {
        "val.encoder_mse": 0.0004803988442290574,
        "val.decoder_loss": 0.028842720221728086,
        "val.decoder_acc": 0.9893503022193909,
        "val.cover_score": -0.028549747169017793,
        "val.generated_score": -0.03276749461889267,
        "val.ssim": 0.9195084762573242,
        "val.psnr": 39.293486499786376,
        "val.rsbpp": 0.9787006044387817,
        "train.encoder_mse": 0.000495621890440816,
        "train.decoder_loss": 0.03232485766406171,
        "train.decoder_acc": 0.9878987136483193,
        "train.cover_score": -0.028496483955532313,
        "train.generated_score": -0.013892368355300277,
        "epoch": 30
    },
    {
        "val.encoder_mse": 0.0004573413752950728,
        "val.decoder_loss": 0.027580276876688004,
        "val.decoder_acc": 0.9900935983657837,
        "val.cover_score": -0.02852620244026184,
        "val.generated_score": -0.030147024244070054,
        "val.ssim": 0.9240198683738708,
        "val.psnr": 39.56822805404663,
        "val.rsbpp": 0.9801871967315674,
        "train.encoder_mse": 0.00046726660526474006,
        "train.decoder_loss": 0.029429646050557492,
        "train.decoder_acc": 0.9890507581830025,
        "train.cover_score": -0.028319636732339858,
        "train.generated_score": 0.004973695089574903,
        "epoch": 31
    },
    {
        "val.encoder_mse": 0.0004880510317161679,
        "val.decoder_loss": 0.026743636736646294,
        "val.decoder_acc": 0.9902172088623047,
        "val.cover_score": -0.028750769942998886,
        "val.generated_score": -0.031930651366710666,
        "val.ssim": 0.9202611088752747,
        "val.psnr": 39.25926132202149,
        "val.rsbpp": 0.9804344177246094,
        "train.encoder_mse": 0.0004613230271206703,
        "train.decoder_loss": 0.028719934354303405,
        "train.decoder_acc": 0.989348581135273,
        "train.cover_score": -0.02838885897770524,
        "train.generated_score": -0.017099524182267487,
        "epoch": 32
    }
]