[
    {
        "val.encoder_mse": 0.01273146115243435,
        "val.decoder_loss": 0.44971531987190244,
        "val.decoder_acc": 0.7939113402366638,
        "val.cover_score": -0.02940800949931145,
        "val.generated_score": -0.036489778012037274,
        "val.ssim": 0.6238251185417175,
        "val.psnr": 25.163386726379393,
        "val.rsbpp": 0.5878226804733276,
        "val.gradient_penalty": 0.8414936089515686,
        "train.encoder_mse": 0.039499611551873384,
        "train.decoder_loss": 0.569653967320919,
        "train.decoder_acc": 0.72002122849226,
        "train.cover_score": -0.027119308933615683,
        "train.generated_score": -0.0726208065636456,
        "train.gradient_penalty": 0.867445387840271,
        "epoch": 1
    },
    {
        "val.encoder_mse": 0.00666039127856493,
        "val.decoder_loss": 0.28584824204444886,
        "val.decoder_acc": 0.8791510772705078,
        "val.cover_score": -0.024560773968696593,
        "val.generated_score": -0.04187720239162445,
        "val.ssim": 0.7000717902183533,
        "val.psnr": 27.969353485107423,
        "val.rsbpp": 0.7583021545410156,
        "val.gradient_penalty": 0.7128768634796142,
        "train.encoder_mse": 0.009269139585085214,
        "train.decoder_loss": 0.35917427092790605,
        "train.decoder_acc": 0.8421320116519928,
        "train.cover_score": -0.03053383396938443,
        "train.generated_score": -0.06974467158317565,
        "train.gradient_penalty": 0.7240055037289858,
        "epoch": 2
    },
    {
        "val.encoder_mse": 0.004358040676452219,
        "val.decoder_loss": 0.21440079122781752,
        "val.decoder_acc": 0.9117550897598267,
        "val.cover_score": -0.03658521890640259,
        "val.generated_score": -0.037158904671669005,
        "val.ssim": 0.7494071340560913,
        "val.psnr": 29.90274143218994,
        "val.rsbpp": 0.8235101795196533,
        "val.gradient_penalty": 0.7312898290157318,
        "train.encoder_mse": 0.005503243311541155,
        "train.decoder_loss": 0.2444662857428193,
        "train.decoder_acc": 0.898193216919899,
        "train.cover_score": -0.03330515459179878,
        "train.generated_score": -0.04564618844538927,
        "train.gradient_penalty": 0.6787738179787993,
        "epoch": 3
    },
    {
        "val.encoder_mse": 0.003309113224968314,
        "val.decoder_loss": 0.17513049989938737,
        "val.decoder_acc": 0.9296191382408142,
        "val.cover_score": -0.02170161485671997,
        "val.generated_score": -0.0170118510723114,
        "val.ssim": 0.7836916160583496,
        "val.psnr": 30.962962532043456,
        "val.rsbpp": 0.8592382764816284,
        "val.gradient_penalty": 0.6768996822834015,
        "train.encoder_mse": 0.0038204829796450214,
        "train.decoder_loss": 0.18719114266335965,
        "train.decoder_acc": 0.9232596921920776,
        "train.cover_score": -0.03628500938415527,
        "train.generated_score": -0.036149499379098414,
        "train.gradient_penalty": 0.6482532879710198,
        "epoch": 4
    },
    {
        "val.encoder_mse": 0.0023657035082578657,
        "val.decoder_loss": 0.13666343286633492,
        "val.decoder_acc": 0.946927387714386,
        "val.cover_score": -0.03598754942417145,
        "val.generated_score": -0.02251415953040123,
        "val.ssim": 0.7932132458686829,
        "val.psnr": 32.48085794448853,
        "val.rsbpp": 0.893854775428772,
        "val.gradient_penalty": 0.6942306709289551,
        "train.encoder_mse": 0.002991796875721775,
        "train.decoder_loss": 0.16043643770739435,
        "train.decoder_acc": 0.9347388297319412,
        "train.cover_score": -0.044149228781461713,
        "train.generated_score": -0.04387821059674025,
        "train.gradient_penalty": 0.6468183032050728,
        "epoch": 5
    },
    {
        "val.encoder_mse": 0.0021492835460230706,
        "val.decoder_loss": 0.12951807007193566,
        "val.decoder_acc": 0.9493642711639404,
        "val.cover_score": -0.05570387959480286,
        "val.generated_score": -0.022597274780273437,
        "val.ssim": 0.8106804490089417,
        "val.psnr": 32.88245334625244,
        "val.rsbpp": 0.8987285423278809,
        "val.gradient_penalty": 0.635984275341034,
        "train.encoder_mse": 0.0024507929955143483,
        "train.decoder_loss": 0.13956759927794338,
        "train.decoder_acc": 0.9436905360221863,
        "train.cover_score": -0.02731174446642399,
        "train.generated_score": -0.022663353234529494,
        "train.gradient_penalty": 0.6307581986486912,
        "epoch": 6
    },
    {
        "val.encoder_mse": 0.002014901340007782,
        "val.decoder_loss": 0.12080749198794365,
        "val.decoder_acc": 0.9517980766296387,
        "val.cover_score": -0.03951737627387047,
        "val.generated_score": -0.02554747387766838,
        "val.ssim": 0.8275422811508178,
        "val.psnr": 33.065747833251955,
        "val.rsbpp": 0.9035961532592773,
        "val.gradient_penalty": 0.5938328588008881,
        "train.encoder_mse": 0.002068398689152673,
        "train.decoder_loss": 0.12352982214652002,
        "train.decoder_acc": 0.9505503362417221,
        "train.cover_score": -0.034642026945948604,
        "train.generated_score": -0.022323278188705446,
        "train.gradient_penalty": 0.6034591122344136,
        "epoch": 7
    },
    {
        "val.encoder_mse": 0.0018004380725324153,
        "val.decoder_loss": 0.10108314782381057,
        "val.decoder_acc": 0.9602507734298706,
        "val.cover_score": -0.049401798248291016,
        "val.generated_score": -0.02625548005104065,
        "val.ssim": 0.8220320510864257,
        "val.psnr": 33.58836107254028,
        "val.rsbpp": 0.9205015468597412,
        "val.gradient_penalty": 0.608936311006546,
        "train.encoder_mse": 0.0017733662307728082,
        "train.decoder_loss": 0.11284611722454428,
        "train.decoder_acc": 0.9547353401780129,
        "train.cover_score": -0.034439205564558505,
        "train.generated_score": -0.018069810047745705,
        "train.gradient_penalty": 0.6162867885828018,
        "epoch": 8
    },
    {
        "val.encoder_mse": 0.0015261867945082486,
        "val.decoder_loss": 0.09731619656085969,
        "val.decoder_acc": 0.9618803954124451,
        "val.cover_score": -0.011371587514877319,
        "val.generated_score": 0.031334118843078615,
        "val.ssim": 0.8372300577163696,
        "val.psnr": 34.33006887435913,
        "val.rsbpp": 0.9237607908248902,
        "val.gradient_penalty": 0.5324042809009552,
        "train.encoder_mse": 0.0016945645576925017,
        "train.decoder_loss": 0.10339616532437504,
        "train.decoder_acc": 0.9587238493561745,
        "train.cover_score": -0.03290516931563616,
        "train.generated_score": -0.008420169167220593,
        "train.gradient_penalty": 0.5795894351229072,
        "epoch": 9
    },
    {
        "val.encoder_mse": 0.001469492930918932,
        "val.decoder_loss": 0.09945380225777627,
        "val.decoder_acc": 0.9613379573822022,
        "val.cover_score": -0.026372089385986328,
        "val.generated_score": 0.01677082300186157,
        "val.ssim": 0.8444391202926635,
        "val.psnr": 34.50867042541504,
        "val.rsbpp": 0.9226759147644042,
        "val.gradient_penalty": 0.5509945130348206,
        "train.encoder_mse": 0.0015134937805123627,
        "train.decoder_loss": 0.09366180570796132,
        "train.decoder_acc": 0.9627116498351097,
        "train.cover_score": -0.03993041671812534,
        "train.generated_score": -0.002401486709713936,
        "train.gradient_penalty": 0.5592953582108021,
        "epoch": 10
    },
    {
        "val.encoder_mse": 0.0012554687447845936,
        "val.decoder_loss": 0.07408474870026112,
        "val.decoder_acc": 0.971813189983368,
        "val.cover_score": -0.04014758348464966,
        "val.generated_score": 0.00587561845779419,
        "val.ssim": 0.8489095759391785,
        "val.psnr": 35.20696649551392,
        "val.rsbpp": 0.9436263799667358,
        "val.gradient_penalty": 0.5810948061943054,
        "train.encoder_mse": 0.001519530523510184,
        "train.decoder_loss": 0.0891473740618676,
        "train.decoder_acc": 0.9644915288686753,
        "train.cover_score": -0.03841900996863842,
        "train.generated_score": -0.004094212427735329,
        "train.gradient_penalty": 0.5417818772792816,
        "epoch": 11
    },
    {
        "val.encoder_mse": 0.0012598860915750264,
        "val.decoder_loss": 0.07416753016412259,
        "val.decoder_acc": 0.9709942102432251,
        "val.cover_score": -0.04519821524620056,
        "val.generated_score": 0.013571766912937164,
        "val.ssim": 0.8498049521446228,
        "val.psnr": 35.08786859512329,
        "val.rsbpp": 0.9419884204864502,
        "val.gradient_penalty": 0.5784374678134918,
        "train.encoder_mse": 0.0013607612886698916,
        "train.decoder_loss": 0.08366562671028077,
        "train.decoder_acc": 0.9668430051207543,
        "train.cover_score": -0.033093255907297135,
        "train.generated_score": 0.017513660006225108,
        "train.gradient_penalty": 0.5715353924036026,
        "epoch": 12
    },
    {
        "val.encoder_mse": 0.003672021236270666,
        "val.decoder_loss": 0.0931022660434246,
        "val.decoder_acc": 0.9633473753929138,
        "val.cover_score": -0.039116847515106204,
        "val.generated_score": 1.3619103670120238,
        "val.ssim": 0.8145026183128357,
        "val.psnr": 30.504874897003173,
        "val.rsbpp": 0.9266947507858276,
        "val.gradient_penalty": 1.3196741431951522,
        "train.encoder_mse": 0.0036386197397951037,
        "train.decoder_loss": 0.09472625671885908,
        "train.decoder_acc": 0.9619375574588775,
        "train.cover_score": -0.03394877146929502,
        "train.generated_score": 0.026727910190820693,
        "train.gradient_penalty": 0.5628289617598057,
        "epoch": 13
    },
    {
        "val.encoder_mse": 0.0027579901926219463,
        "val.decoder_loss": 0.07717816889286042,
        "val.decoder_acc": 0.9700962162017822,
        "val.cover_score": -0.03404861450195312,
        "val.generated_score": 1.2523273515701294,
        "val.ssim": 0.8075195574760436,
        "val.psnr": 31.69305238723755,
        "val.rsbpp": 0.9401924324035644,
        "val.gradient_penalty": 0.32210341215133664,
        "train.encoder_mse": 0.0025370476208627225,
        "train.decoder_loss": 0.08610998276621103,
        "train.decoder_acc": 0.9658013981580734,
        "train.cover_score": -0.036733481585979465,
        "train.generated_score": 0.36427971422672273,
        "train.gradient_penalty": 0.48156498581171037,
        "epoch": 14
    },
    {
        "val.encoder_mse": 0.004024476008489728,
        "val.decoder_loss": 0.07471613436937333,
        "val.decoder_acc": 0.9710947561264038,
        "val.cover_score": -0.03003915786743164,
        "val.generated_score": 1.192141571044922,
        "val.ssim": 0.7592089414596558,
        "val.psnr": 30.092834186553954,
        "val.rsbpp": 0.9421895122528077,
        "val.gradient_penalty": 0.4416201841831207,
        "train.encoder_mse": 0.0033426507422700522,
        "train.decoder_loss": 0.08442194867879152,
        "train.decoder_acc": 0.9665164425969124,
        "train.cover_score": -0.03788689404726028,
        "train.generated_score": 0.6198934313654899,
        "train.gradient_penalty": 0.416429057046771,
        "epoch": 15
    },
    {
        "val.encoder_mse": 0.004244755720719695,
        "val.decoder_loss": 0.09262087620794773,
        "val.decoder_acc": 0.9631745314598084,
        "val.cover_score": -0.04232811212539673,
        "val.generated_score": 1.0574681282043457,
        "val.ssim": 0.8006207823753357,
        "val.psnr": 29.903678989410402,
        "val.rsbpp": 0.9263490629196167,
        "val.gradient_penalty": 0.6351957303285599,
        "train.encoder_mse": 0.004557293331017718,
        "train.decoder_loss": 0.09343362703919411,
        "train.decoder_acc": 0.9625602611899375,
        "train.cover_score": -0.022944691032171248,
        "train.generated_score": 0.6054154832661152,
        "train.gradient_penalty": 0.4426540639624,
        "epoch": 16
    }
]