[
    {
        "val.encoder_mse": 0.01157961867749691,
        "val.decoder_loss": 0.6574061965942383,
        "val.decoder_acc": 0.6253444433212281,
        "val.ssim": 0.6299065518379211,
        "val.psnr": 25.49323091506958,
        "val.rsbpp": 0.25068888664245603,
        "train.encoder_mse": 0.0336413820553571,
        "train.decoder_loss": 0.6767453229427338,
        "train.decoder_acc": 0.5786742644011974,
        "epoch": 1
    },
    {
        "val.encoder_mse": 0.005723909754306078,
        "val.decoder_loss": 0.5997502851486206,
        "val.decoder_acc": 0.6835770058631897,
        "val.ssim": 0.7520730328559876,
        "val.psnr": 28.637740707397462,
        "val.rsbpp": 0.3671540117263794,
        "train.encoder_mse": 0.008369161832379178,
        "train.decoder_loss": 0.6296672061085701,
        "train.decoder_acc": 0.6567505958676338,
        "epoch": 2
    },
    {
        "val.encoder_mse": 0.00369983050506562,
        "val.decoder_loss": 0.5377921032905578,
        "val.decoder_acc": 0.7376604175567627,
        "val.ssim": 0.805268669128418,
        "val.psnr": 30.573768615722656,
        "val.rsbpp": 0.4753208351135254,
        "train.encoder_mse": 0.004731602262472734,
        "train.decoder_loss": 0.5729355032742024,
        "train.decoder_acc": 0.711208139359951,
        "epoch": 3
    },
    {
        "val.encoder_mse": 0.002901035104878247,
        "val.decoder_loss": 0.5248312377929687,
        "val.decoder_acc": 0.7380409741401672,
        "val.ssim": 0.8261726188659668,
        "val.psnr": 31.777663707733154,
        "val.rsbpp": 0.47608194828033445,
        "train.encoder_mse": 0.0034216464788187294,
        "train.decoder_loss": 0.5294900272786617,
        "train.decoder_acc": 0.7426398241519928,
        "epoch": 4
    },
    {
        "val.encoder_mse": 0.0022131223836913704,
        "val.decoder_loss": 0.4996502923965454,
        "val.decoder_acc": 0.7485574054718017,
        "val.ssim": 0.8418314218521118,
        "val.psnr": 32.69807119369507,
        "val.rsbpp": 0.4971148109436035,
        "train.encoder_mse": 0.00259369717707159,
        "train.decoder_loss": 0.49824386268854143,
        "train.decoder_acc": 0.7561865934729576,
        "epoch": 5
    },
    {
        "val.encoder_mse": 0.0018270093901082874,
        "val.decoder_loss": 0.4640230703353882,
        "val.decoder_acc": 0.7741187453269959,
        "val.ssim": 0.8497230458259583,
        "val.psnr": 33.55197105407715,
        "val.rsbpp": 0.5482374906539917,
        "train.encoder_mse": 0.002180844682152383,
        "train.decoder_loss": 0.47905844762921335,
        "train.decoder_acc": 0.7646974122524262,
        "epoch": 6
    },
    {
        "val.encoder_mse": 0.00165354257915169,
        "val.decoder_loss": 0.4204907989501953,
        "val.decoder_acc": 0.8032686686515809,
        "val.ssim": 0.8471607899665833,
        "val.psnr": 34.13089923858642,
        "val.rsbpp": 0.6065373373031616,
        "train.encoder_mse": 0.0017991643035202287,
        "train.decoder_loss": 0.4575465495884419,
        "train.decoder_acc": 0.7778154590725899,
        "epoch": 7
    },
    {
        "val.encoder_mse": 0.0013597996369935572,
        "val.decoder_loss": 0.43192416429519653,
        "val.decoder_acc": 0.7861954426765442,
        "val.ssim": 0.860359537601471,
        "val.psnr": 34.83726291656494,
        "val.rsbpp": 0.5723908853530884,
        "train.encoder_mse": 0.0015767077283817344,
        "train.decoder_loss": 0.45704667568206786,
        "train.decoder_acc": 0.7696556794643402,
        "epoch": 8
    },
    {
        "val.encoder_mse": 0.0011056778859347106,
        "val.decoder_loss": 0.43899251699447633,
        "val.decoder_acc": 0.779223222732544,
        "val.ssim": 0.8674263405799866,
        "val.psnr": 35.68312215805054,
        "val.rsbpp": 0.5584464454650879,
        "train.encoder_mse": 0.0014273174633854069,
        "train.decoder_loss": 0.4394918517768383,
        "train.decoder_acc": 0.7825311794877052,
        "epoch": 9
    },
    {
        "val.encoder_mse": 0.0010701044369488954,
        "val.decoder_loss": 0.4094820600748062,
        "val.decoder_acc": 0.8042398142814636,
        "val.ssim": 0.872586944103241,
        "val.psnr": 35.885570240020755,
        "val.rsbpp": 0.6084796285629273,
        "train.encoder_mse": 0.0011810606898507102,
        "train.decoder_loss": 0.4369435389339924,
        "train.decoder_acc": 0.7786640039086342,
        "epoch": 10
    },
    {
        "val.encoder_mse": 0.0008990454790182412,
        "val.decoder_loss": 0.4177977764606476,
        "val.decoder_acc": 0.7895935916900635,
        "val.ssim": 0.8917750549316407,
        "val.psnr": 36.586566066741945,
        "val.rsbpp": 0.579187183380127,
        "train.encoder_mse": 0.0011260687693720683,
        "train.decoder_loss": 0.4334591956436634,
        "train.decoder_acc": 0.7804307848215103,
        "epoch": 11
    },
    {
        "val.encoder_mse": 0.0009127643704414368,
        "val.decoder_loss": 0.43729109048843384,
        "val.decoder_acc": 0.778478856086731,
        "val.ssim": 0.8933002758026123,
        "val.psnr": 36.54859323501587,
        "val.rsbpp": 0.5569577121734619,
        "train.encoder_mse": 0.0009383077514939942,
        "train.decoder_loss": 0.40999189995229246,
        "train.decoder_acc": 0.7985801690816879,
        "epoch": 12
    },
    {
        "val.encoder_mse": 0.0008722503785975278,
        "val.decoder_loss": 0.41302538514137266,
        "val.decoder_acc": 0.7947746133804321,
        "val.ssim": 0.893507719039917,
        "val.psnr": 36.736389350891116,
        "val.rsbpp": 0.5895492267608643,
        "train.encoder_mse": 0.0009307270456338302,
        "train.decoder_loss": 0.4146796471625567,
        "train.decoder_acc": 0.7931933444738388,
        "epoch": 13
    },
    {
        "val.encoder_mse": 0.0007721775048412382,
        "val.decoder_loss": 0.3768344396352768,
        "val.decoder_acc": 0.8236311674118042,
        "val.ssim": 0.8899050927162171,
        "val.psnr": 37.23225326538086,
        "val.rsbpp": 0.6472623348236084,
        "train.encoder_mse": 0.0008702095542685129,
        "train.decoder_loss": 0.40992243371903897,
        "train.decoder_acc": 0.7943279710412026,
        "epoch": 14
    },
    {
        "val.encoder_mse": 0.0007803287077695131,
        "val.decoder_loss": 0.40693885743618013,
        "val.decoder_acc": 0.8005625820159912,
        "val.ssim": 0.8902940154075623,
        "val.psnr": 37.24962072372436,
        "val.rsbpp": 0.6011251640319825,
        "train.encoder_mse": 0.0007666821723978501,
        "train.decoder_loss": 0.40501026205718516,
        "train.decoder_acc": 0.796877207159996,
        "epoch": 15
    },
    {
        "val.encoder_mse": 0.0006393913854844868,
        "val.decoder_loss": 0.4029476022720337,
        "val.decoder_acc": 0.7948560905456543,
        "val.ssim": 0.9029755926132202,
        "val.psnr": 38.09173755645752,
        "val.rsbpp": 0.5897121810913086,
        "train.encoder_mse": 0.0007226819146308117,
        "train.decoder_loss": 0.39522509545087814,
        "train.decoder_acc": 0.8046488997340202,
        "epoch": 16
    },
    {
        "val.encoder_mse": 0.000651422415394336,
        "val.decoder_loss": 0.4045438081026077,
        "val.decoder_acc": 0.794058334827423,
        "val.ssim": 0.8972904753684997,
        "val.psnr": 38.0183066368103,
        "val.rsbpp": 0.5881166696548462,
        "train.encoder_mse": 0.0006941916332289111,
        "train.decoder_loss": 0.392223494052887,
        "train.decoder_acc": 0.8067504432797432,
        "epoch": 17
    },
    {
        "val.encoder_mse": 0.0006504959613084793,
        "val.decoder_loss": 0.37270981311798096,
        "val.decoder_acc": 0.8239130353927613,
        "val.ssim": 0.9054118490219116,
        "val.psnr": 38.03699226379395,
        "val.rsbpp": 0.6478260707855225,
        "train.encoder_mse": 0.0006356949436303694,
        "train.decoder_loss": 0.3882478900998831,
        "train.decoder_acc": 0.8115515613555908,
        "epoch": 18
    },
    {
        "val.encoder_mse": 0.0005745378008577973,
        "val.decoder_loss": 0.38061716079711916,
        "val.decoder_acc": 0.8074615788459778,
        "val.ssim": 0.9111811327934265,
        "val.psnr": 38.539603328704835,
        "val.rsbpp": 0.6149231576919556,
        "train.encoder_mse": 0.0006013669069216121,
        "train.decoder_loss": 0.3912176051735878,
        "train.decoder_acc": 0.803259998857975,
        "epoch": 19
    },
    {
        "val.encoder_mse": 0.0005956556473392993,
        "val.decoder_loss": 0.4258266580104828,
        "val.decoder_acc": 0.7694803214073181,
        "val.ssim": 0.9074892735481263,
        "val.psnr": 38.33994016647339,
        "val.rsbpp": 0.5389606428146362,
        "train.encoder_mse": 0.0005649587912193965,
        "train.decoder_loss": 0.3816205257177353,
        "train.decoder_acc": 0.8106439498066902,
        "epoch": 20
    },
    {
        "val.encoder_mse": 0.0005668637866619974,
        "val.decoder_loss": 0.3427363562583923,
        "val.decoder_acc": 0.8499364995956421,
        "val.ssim": 0.902793607711792,
        "val.psnr": 38.57529430389404,
        "val.rsbpp": 0.6998729991912842,
        "train.encoder_mse": 0.0005638758852728643,
        "train.decoder_loss": 0.3789100310206413,
        "train.decoder_acc": 0.8162295404076576,
        "epoch": 21
    },
    {
        "val.encoder_mse": 0.000486889632884413,
        "val.decoder_loss": 0.3651253926753998,
        "val.decoder_acc": 0.8190922045707703,
        "val.ssim": 0.9204265403747559,
        "val.psnr": 39.19065256118775,
        "val.rsbpp": 0.6381844091415405,
        "train.encoder_mse": 0.00055249609038583,
        "train.decoder_loss": 0.3773289304971695,
        "train.decoder_acc": 0.8151203489303589,
        "epoch": 22
    },
    {
        "val.encoder_mse": 0.0005405648751184344,
        "val.decoder_loss": 0.3520110958814621,
        "val.decoder_acc": 0.8377855682373047,
        "val.ssim": 0.9105922222137451,
        "val.psnr": 38.77992343902588,
        "val.rsbpp": 0.6755711364746094,
        "train.encoder_mse": 0.000519677118427353,
        "train.decoder_loss": 0.37346303664147856,
        "train.decoder_acc": 0.8194079273939132,
        "epoch": 23
    },
    {
        "val.encoder_mse": 0.00047395290806889534,
        "val.decoder_loss": 0.38344703257083895,
        "val.decoder_acc": 0.7999217629432678,
        "val.ssim": 0.9180099248886109,
        "val.psnr": 39.34094896316528,
        "val.rsbpp": 0.5998435258865357,
        "train.encoder_mse": 0.0004873459419468418,
        "train.decoder_loss": 0.3758598478883505,
        "train.decoder_acc": 0.8134055143594742,
        "epoch": 24
    },
    {
        "val.encoder_mse": 0.0005090902396477759,
        "val.decoder_loss": 0.3594115537405014,
        "val.decoder_acc": 0.8302721428871155,
        "val.ssim": 0.9237913203239441,
        "val.psnr": 39.00229625701904,
        "val.rsbpp": 0.660544285774231,
        "train.encoder_mse": 0.0004706515443103854,
        "train.decoder_loss": 0.3650407536327839,
        "train.decoder_acc": 0.8236407074332237,
        "epoch": 25
    },
    {
        "val.encoder_mse": 0.000413479384733364,
        "val.decoder_loss": 0.37448179185390473,
        "val.decoder_acc": 0.810339584350586,
        "val.ssim": 0.9293667221069336,
        "val.psnr": 39.95577754974365,
        "val.rsbpp": 0.6206791687011719,
        "train.encoder_mse": 0.0004555156062997412,
        "train.decoder_loss": 0.35589839100837706,
        "train.decoder_acc": 0.8339390036463737,
        "epoch": 26
    },
    {
        "val.encoder_mse": 0.0004230620653834194,
        "val.decoder_loss": 0.37755283415317537,
        "val.decoder_acc": 0.8093902778625488,
        "val.ssim": 0.9236221075057983,
        "val.psnr": 39.8524073600769,
        "val.rsbpp": 0.6187805557250976,
        "train.encoder_mse": 0.00046073241930571384,
        "train.decoder_loss": 0.3555425815284252,
        "train.decoder_acc": 0.8343068739771843,
        "epoch": 27
    },
    {
        "val.encoder_mse": 0.0004230047017335892,
        "val.decoder_loss": 0.3518136787414551,
        "val.decoder_acc": 0.833666889667511,
        "val.ssim": 0.9298378133773804,
        "val.psnr": 39.81749467849731,
        "val.rsbpp": 0.667333779335022,
        "train.encoder_mse": 0.00042843544390052556,
        "train.decoder_loss": 0.3657442253828049,
        "train.decoder_acc": 0.819721893966198,
        "epoch": 28
    },
    {
        "val.encoder_mse": 0.00035486908513121307,
        "val.decoder_loss": 0.349753138422966,
        "val.decoder_acc": 0.8345613431930542,
        "val.ssim": 0.9357778978347778,
        "val.psnr": 40.5779312133789,
        "val.rsbpp": 0.6691226863861084,
        "train.encoder_mse": 0.00041944982280256226,
        "train.decoder_loss": 0.36538227066397666,
        "train.decoder_acc": 0.8174866598844528,
        "epoch": 29
    },
    {
        "val.encoder_mse": 0.00037017108290456237,
        "val.decoder_loss": 0.3693150782585144,
        "val.decoder_acc": 0.8060593295097351,
        "val.ssim": 0.9299521851539612,
        "val.psnr": 40.39752426147461,
        "val.rsbpp": 0.6121186590194703,
        "train.encoder_mse": 0.00039743610133882615,
        "train.decoder_loss": 0.3616244363039732,
        "train.decoder_acc": 0.820156643986702,
        "epoch": 30
    },
    {
        "val.encoder_mse": 0.00042582216672599316,
        "val.decoder_loss": 0.33976575911045076,
        "val.decoder_acc": 0.8471672749519348,
        "val.ssim": 0.9262725210189819,
        "val.psnr": 39.83681497573853,
        "val.rsbpp": 0.6943345499038697,
        "train.encoder_mse": 0.0003896376148622949,
        "train.decoder_loss": 0.35169075734913346,
        "train.decoder_acc": 0.8309033152461052,
        "epoch": 31
    },
    {
        "val.encoder_mse": 0.00035063841845840217,
        "val.decoder_loss": 0.33047393560409544,
        "val.decoder_acc": 0.8544277024269104,
        "val.ssim": 0.9386669850349426,
        "val.psnr": 40.67883653640747,
        "val.rsbpp": 0.7088554048538208,
        "train.encoder_mse": 0.0003892715442634653,
        "train.decoder_loss": 0.35438635513186456,
        "train.decoder_acc": 0.8290074083209038,
        "epoch": 32
    }
]