[
    {
        "val.encoder_mse": 0.058470442593097686,
        "val.decoder_loss": 0.6606427335739136,
        "val.decoder_acc": 0.6390172076225281,
        "val.cover_score": 0.013489697724580765,
        "val.generated_score": 0.01358362302184105,
        "val.ssim": 0.31419651746749877,
        "val.psnr": 18.4309139251709,
        "val.rsbpp": 0.2780344152450562,
        "train.encoder_mse": 0.12216476872563362,
        "train.decoder_loss": 0.6960605096817016,
        "train.decoder_acc": 0.5545091772079468,
        "train.cover_score": 0.013458475545048714,
        "train.generated_score": 0.013476521447300912,
        "epoch": 1
    },
    {
        "val.encoder_mse": 0.04227159924805164,
        "val.decoder_loss": 0.5611901402473449,
        "val.decoder_acc": 0.7718435955047608,
        "val.cover_score": 0.013485611975193023,
        "val.generated_score": 0.013764221780002117,
        "val.ssim": 0.3364808142185211,
        "val.psnr": 19.812667417526246,
        "val.rsbpp": 0.5436871910095215,
        "train.encoder_mse": 0.048107032179832455,
        "train.decoder_loss": 0.6181496095657348,
        "train.decoder_acc": 0.713108332157135,
        "train.cover_score": 0.013488994985818863,
        "train.generated_score": 0.013692378997802734,
        "epoch": 2
    },
    {
        "val.encoder_mse": 0.042068707644939425,
        "val.decoder_loss": 0.4193617331981659,
        "val.decoder_acc": 0.8585290908813477,
        "val.cover_score": 0.013477154970169068,
        "val.generated_score": 0.013897884972393512,
        "val.ssim": 0.2834540319442749,
        "val.psnr": 19.838298797607422,
        "val.rsbpp": 0.7170581817626953,
        "train.encoder_mse": 0.04350355014204979,
        "train.decoder_loss": 0.4950466072559357,
        "train.decoder_acc": 0.8157957530021668,
        "train.cover_score": 0.013482314236462116,
        "train.generated_score": 0.01387739583849907,
        "epoch": 3
    },
    {
        "val.encoder_mse": 0.04438752114772797,
        "val.decoder_loss": 0.2819776338338852,
        "val.decoder_acc": 0.923105788230896,
        "val.cover_score": 0.013519565276801586,
        "val.generated_score": 0.01398431669920683,
        "val.ssim": 0.25493991136550903,
        "val.psnr": 19.601052856445314,
        "val.rsbpp": 0.846211576461792,
        "train.encoder_mse": 0.043075545728206634,
        "train.decoder_loss": 0.34135082840919495,
        "train.decoder_acc": 0.8955886602401734,
        "train.cover_score": 0.013512330427765847,
        "train.generated_score": 0.014071878679096698,
        "epoch": 4
    },
    {
        "val.encoder_mse": 0.04405774608254433,
        "val.decoder_loss": 0.20071384012699128,
        "val.decoder_acc": 0.9518844056129455,
        "val.cover_score": 0.01349605206400156,
        "val.generated_score": 0.014046906642615795,
        "val.ssim": 0.24866486489772796,
        "val.psnr": 19.622636365890504,
        "val.rsbpp": 0.9037688112258911,
        "train.encoder_mse": 0.04453138455748558,
        "train.decoder_loss": 0.23206067264080046,
        "train.decoder_acc": 0.9419232249259949,
        "train.cover_score": 0.013527067452669144,
        "train.generated_score": 0.014178340509533881,
        "epoch": 5
    },
    {
        "val.encoder_mse": 0.03842084288597107,
        "val.decoder_loss": 0.13762740314006805,
        "val.decoder_acc": 0.9725749921798706,
        "val.cover_score": 0.013513980321586133,
        "val.generated_score": 0.014281421937048434,
        "val.ssim": 0.26262433469295504,
        "val.psnr": 20.20632634162903,
        "val.rsbpp": 0.9451499843597412,
        "train.encoder_mse": 0.04133415892720223,
        "train.decoder_loss": 0.1599201261997223,
        "train.decoder_acc": 0.9652926683425903,
        "train.cover_score": 0.013504137247800828,
        "train.generated_score": 0.01422109268605709,
        "epoch": 6
    },
    {
        "val.encoder_mse": 0.03770385354757309,
        "val.decoder_loss": 0.10284387111663819,
        "val.decoder_acc": 0.9810245418548584,
        "val.cover_score": 0.013423920907080174,
        "val.generated_score": 0.0143159706518054,
        "val.ssim": 0.2621449214220047,
        "val.psnr": 20.280530786514284,
        "val.rsbpp": 0.9620490837097168,
        "train.encoder_mse": 0.03894278697669506,
        "train.decoder_loss": 0.12058674067258834,
        "train.decoder_acc": 0.9770618081092834,
        "train.cover_score": 0.013493190109729767,
        "train.generated_score": 0.014268878772854805,
        "epoch": 7
    },
    {
        "val.encoder_mse": 0.03486674547195435,
        "val.decoder_loss": 0.08252769410610199,
        "val.decoder_acc": 0.9846854090690613,
        "val.cover_score": 0.013499035872519017,
        "val.generated_score": 0.014445017799735069,
        "val.ssim": 0.26503792762756345,
        "val.psnr": 20.65700559616089,
        "val.rsbpp": 0.9693708181381225,
        "train.encoder_mse": 0.03634086228907108,
        "train.decoder_loss": 0.09199936538934708,
        "train.decoder_acc": 0.9829651212692261,
        "train.cover_score": 0.013458775356411934,
        "train.generated_score": 0.014464452899992465,
        "epoch": 8
    },
    {
        "val.encoder_mse": 0.03264040783047676,
        "val.decoder_loss": 0.06539849519729614,
        "val.decoder_acc": 0.988580870628357,
        "val.cover_score": 0.01351461250334978,
        "val.generated_score": 0.01460860788822174,
        "val.ssim": 0.28014774560928346,
        "val.psnr": 20.935886669158936,
        "val.rsbpp": 0.9771617412567138,
        "train.encoder_mse": 0.0362358707934618,
        "train.decoder_loss": 0.07580023735761643,
        "train.decoder_acc": 0.9860749220848084,
        "train.cover_score": 0.013487197048962117,
        "train.generated_score": 0.014578917808830739,
        "epoch": 9
    },
    {
        "val.encoder_mse": 0.030408628955483435,
        "val.decoder_loss": 0.050420626252889636,
        "val.decoder_acc": 0.9918321704864502,
        "val.cover_score": 0.013488107845187187,
        "val.generated_score": 0.014676245711743831,
        "val.ssim": 0.2906543254852295,
        "val.psnr": 21.22292833328247,
        "val.rsbpp": 0.9836643409729003,
        "train.encoder_mse": 0.0321480368822813,
        "train.decoder_loss": 0.06030390858650207,
        "train.decoder_acc": 0.9897762274742127,
        "train.cover_score": 0.01349889136850834,
        "train.generated_score": 0.014852926917374134,
        "epoch": 10
    },
    {
        "val.encoder_mse": 0.027747464403510093,
        "val.decoder_loss": 0.04391342595219612,
        "val.decoder_acc": 0.9933228349685669,
        "val.cover_score": 0.01348269984126091,
        "val.generated_score": 0.015035016238689422,
        "val.ssim": 0.32779943823814395,
        "val.psnr": 21.62556676864624,
        "val.rsbpp": 0.9866456699371338,
        "train.encoder_mse": 0.029264308512210846,
        "train.decoder_loss": 0.04753376647830009,
        "train.decoder_acc": 0.9923090267181397,
        "train.cover_score": 0.01345629058778286,
        "train.generated_score": 0.014986865073442459,
        "epoch": 11
    },
    {
        "val.encoder_mse": 0.02756247155368328,
        "val.decoder_loss": 0.03821747042238712,
        "val.decoder_acc": 0.9937960600852966,
        "val.cover_score": 0.013504005558788777,
        "val.generated_score": 0.015003249756991863,
        "val.ssim": 0.3018843048810959,
        "val.psnr": 21.677954483032227,
        "val.rsbpp": 0.9875921201705933,
        "train.encoder_mse": 0.02904356822371483,
        "train.decoder_loss": 0.04282124422490597,
        "train.decoder_acc": 0.992666666507721,
        "train.cover_score": 0.013393897488713264,
        "train.generated_score": 0.015310656726360321,
        "epoch": 12
    },
    {
        "val.encoder_mse": 0.026299248710274697,
        "val.decoder_loss": 0.036505412608385086,
        "val.decoder_acc": 0.9937162828445435,
        "val.cover_score": 0.013419604264199733,
        "val.generated_score": 0.014653254933655262,
        "val.ssim": 0.3383650344610214,
        "val.psnr": 21.870414161682127,
        "val.rsbpp": 0.9874325656890869,
        "train.encoder_mse": 0.026200452744960787,
        "train.decoder_loss": 0.03571746207773686,
        "train.decoder_acc": 0.9942945981025696,
        "train.cover_score": 0.013435095883905887,
        "train.generated_score": 0.015211064927279949,
        "epoch": 13
    },
    {
        "val.encoder_mse": 0.024720688834786415,
        "val.decoder_loss": 0.031462840586900714,
        "val.decoder_acc": 0.9943856525421143,
        "val.cover_score": 0.013328358344733716,
        "val.generated_score": 0.014526389613747597,
        "val.ssim": 0.34605027198791505,
        "val.psnr": 22.124205112457275,
        "val.rsbpp": 0.9887713050842285,
        "train.encoder_mse": 0.025390185639262198,
        "train.decoder_loss": 0.03302618481218815,
        "train.decoder_acc": 0.9944666624069214,
        "train.cover_score": 0.013499103784561158,
        "train.generated_score": 0.014920632019639016,
        "epoch": 14
    },
    {
        "val.encoder_mse": 0.022720090672373773,
        "val.decoder_loss": 0.026413199454545976,
        "val.decoder_acc": 0.9957000732421875,
        "val.cover_score": 0.013436208590865134,
        "val.generated_score": 0.014423830024898053,
        "val.ssim": 0.3459864032268524,
        "val.psnr": 22.488766384124755,
        "val.rsbpp": 0.991400146484375,
        "train.encoder_mse": 0.024488325119018554,
        "train.decoder_loss": 0.03038324523717165,
        "train.decoder_acc": 0.994696991443634,
        "train.cover_score": 0.013391374982893467,
        "train.generated_score": 0.014706141762435437,
        "epoch": 15
    },
    {
        "val.encoder_mse": 0.023000419363379477,
        "val.decoder_loss": 0.024100682362914086,
        "val.decoder_acc": 0.9960817074775696,
        "val.cover_score": 0.01359463520348072,
        "val.generated_score": 0.014383847936987876,
        "val.ssim": 0.34351268589496614,
        "val.psnr": 22.44699420928955,
        "val.rsbpp": 0.9921634149551392,
        "train.encoder_mse": 0.023358990922570228,
        "train.decoder_loss": 0.026365545205771924,
        "train.decoder_acc": 0.9955317854881287,
        "train.cover_score": 0.013460351713001728,
        "train.generated_score": 0.014616580568253995,
        "epoch": 16
    },
    {
        "val.encoder_mse": 0.02095919005572796,
        "val.decoder_loss": 0.0225434098392725,
        "val.decoder_acc": 0.9963407349586487,
        "val.cover_score": 0.013444781191647054,
        "val.generated_score": 0.014462366253137588,
        "val.ssim": 0.36174197554588317,
        "val.psnr": 22.845023155212402,
        "val.rsbpp": 0.9926814699172973,
        "train.encoder_mse": 0.02252001591026783,
        "train.decoder_loss": 0.024741818606853486,
        "train.decoder_acc": 0.995814278125763,
        "train.cover_score": 0.013407798632979393,
        "train.generated_score": 0.01446622435003519,
        "epoch": 17
    },
    {
        "val.encoder_mse": 0.020582840889692307,
        "val.decoder_loss": 0.022065740562975406,
        "val.decoder_acc": 0.9961091804504395,
        "val.cover_score": 0.013457572013139725,
        "val.generated_score": 0.014255525693297386,
        "val.ssim": 0.3834867286682129,
        "val.psnr": 22.9359091758728,
        "val.rsbpp": 0.9922183609008789,
        "train.encoder_mse": 0.0211919454485178,
        "train.decoder_loss": 0.02169075306504965,
        "train.decoder_acc": 0.9964126539230347,
        "train.cover_score": 0.013448742888867856,
        "train.generated_score": 0.014514226987957955,
        "epoch": 18
    },
    {
        "val.encoder_mse": 0.019425982907414437,
        "val.decoder_loss": 0.01848206650465727,
        "val.decoder_acc": 0.9971279978752137,
        "val.cover_score": 0.013396553844213486,
        "val.generated_score": 0.014331464730203152,
        "val.ssim": 0.3661269873380661,
        "val.psnr": 23.171019554138184,
        "val.rsbpp": 0.9942559957504272,
        "train.encoder_mse": 0.01917790699750185,
        "train.decoder_loss": 0.019092278592288493,
        "train.decoder_acc": 0.9968445968627929,
        "train.cover_score": 0.013441978432238101,
        "train.generated_score": 0.014350268207490444,
        "epoch": 19
    },
    {
        "val.encoder_mse": 0.01936693023890257,
        "val.decoder_loss": 0.019069285914301872,
        "val.decoder_acc": 0.9964877223968506,
        "val.cover_score": 0.01330383624881506,
        "val.generated_score": 0.014246105477213859,
        "val.ssim": 0.3726515120267868,
        "val.psnr": 23.194256114959718,
        "val.rsbpp": 0.9929754447937011,
        "train.encoder_mse": 0.01979507565498352,
        "train.decoder_loss": 0.018898563757538796,
        "train.decoder_acc": 0.9967843389511108,
        "train.cover_score": 0.01355029560625553,
        "train.generated_score": 0.014518613368272782,
        "epoch": 20
    },
    {
        "val.encoder_mse": 0.017888452224433422,
        "val.decoder_loss": 0.017235434390604498,
        "val.decoder_acc": 0.9972168946266174,
        "val.cover_score": 0.013424630500376225,
        "val.generated_score": 0.014307653158903122,
        "val.ssim": 0.3971845030784607,
        "val.psnr": 23.529337882995605,
        "val.rsbpp": 0.9944337892532349,
        "train.encoder_mse": 0.018850574269890785,
        "train.decoder_loss": 0.018817243911325932,
        "train.decoder_acc": 0.9967948269844055,
        "train.cover_score": 0.013417228907346725,
        "train.generated_score": 0.014629462361335754,
        "epoch": 21
    },
    {
        "val.encoder_mse": 0.018590017445385455,
        "val.decoder_loss": 0.017410823609679937,
        "val.decoder_acc": 0.9967843341827393,
        "val.cover_score": 0.013605758994817734,
        "val.generated_score": 0.014451901465654372,
        "val.ssim": 0.37713044285774233,
        "val.psnr": 23.399420070648194,
        "val.rsbpp": 0.9935686683654785,
        "train.encoder_mse": 0.018260439448058604,
        "train.decoder_loss": 0.016458981111645697,
        "train.decoder_acc": 0.9970989155769349,
        "train.cover_score": 0.013433599099516868,
        "train.generated_score": 0.014386802837252617,
        "epoch": 22
    },
    {
        "val.encoder_mse": 0.017188086174428463,
        "val.decoder_loss": 0.015640171710401773,
        "val.decoder_acc": 0.9972157382965088,
        "val.cover_score": 0.013384549543261529,
        "val.generated_score": 0.01416495606303215,
        "val.ssim": 0.40098608255386353,
        "val.psnr": 23.712867546081544,
        "val.rsbpp": 0.9944314765930176,
        "train.encoder_mse": 0.017309123650193214,
        "train.decoder_loss": 0.015561824981123209,
        "train.decoder_acc": 0.9973541665077209,
        "train.cover_score": 0.013439393602311611,
        "train.generated_score": 0.01431352261453867,
        "epoch": 23
    },
    {
        "val.encoder_mse": 0.01629959385842085,
        "val.decoder_loss": 0.012925136107951403,
        "val.decoder_acc": 0.998031165599823,
        "val.cover_score": 0.01335686758160591,
        "val.generated_score": 0.014123138524591922,
        "val.ssim": 0.39364119708538053,
        "val.psnr": 23.922786140441893,
        "val.rsbpp": 0.996062331199646,
        "train.encoder_mse": 0.01669125843793154,
        "train.decoder_loss": 0.014062115829437971,
        "train.decoder_acc": 0.9976047849655152,
        "train.cover_score": 0.013369804807007312,
        "train.generated_score": 0.014300058782100677,
        "epoch": 24
    },
    {
        "val.encoder_mse": 0.017017834819853306,
        "val.decoder_loss": 0.014152619317173957,
        "val.decoder_acc": 0.9974235367774963,
        "val.cover_score": 0.013718086294829845,
        "val.generated_score": 0.014268843904137612,
        "val.ssim": 0.38737220704555514,
        "val.psnr": 23.75245237350464,
        "val.rsbpp": 0.9948470735549927,
        "train.encoder_mse": 0.016071251928806304,
        "train.decoder_loss": 0.013843084275722504,
        "train.decoder_acc": 0.9976515460014344,
        "train.cover_score": 0.013316918760538102,
        "train.generated_score": 0.014136540070176125,
        "epoch": 25
    },
    {
        "val.encoder_mse": 0.015685276426374913,
        "val.decoder_loss": 0.01333758283406496,
        "val.decoder_acc": 0.9975728416442871,
        "val.cover_score": 0.013386333100497723,
        "val.generated_score": 0.013884132243692875,
        "val.ssim": 0.42409749746322634,
        "val.psnr": 24.110136413574217,
        "val.rsbpp": 0.9951456832885742,
        "train.encoder_mse": 0.01579276017844677,
        "train.decoder_loss": 0.012455717455595731,
        "train.decoder_acc": 0.9979981422424317,
        "train.cover_score": 0.013409671075642109,
        "train.generated_score": 0.014087623246014118,
        "epoch": 26
    },
    {
        "val.encoder_mse": 0.015640082471072674,
        "val.decoder_loss": 0.01209545275196433,
        "val.decoder_acc": 0.997871687412262,
        "val.cover_score": 0.013207212984561921,
        "val.generated_score": 0.01382425732910633,
        "val.ssim": 0.3975195586681366,
        "val.psnr": 24.1377103805542,
        "val.rsbpp": 0.9957433748245239,
        "train.encoder_mse": 0.015865961872041225,
        "train.decoder_loss": 0.014109156131744384,
        "train.decoder_acc": 0.9972283124923706,
        "train.cover_score": 0.0132407958060503,
        "train.generated_score": 0.013905751779675483,
        "epoch": 27
    },
    {
        "val.encoder_mse": 0.014615583382546902,
        "val.decoder_loss": 0.01183499475941062,
        "val.decoder_acc": 0.997919135093689,
        "val.cover_score": 0.013339459225535392,
        "val.generated_score": 0.013777052275836468,
        "val.ssim": 0.4369283640384674,
        "val.psnr": 24.411375427246092,
        "val.rsbpp": 0.9958382701873779,
        "train.encoder_mse": 0.014647851586341859,
        "train.decoder_loss": 0.010187144968658685,
        "train.decoder_acc": 0.9985492253303527,
        "train.cover_score": 0.013176707029342651,
        "train.generated_score": 0.013905892223119736,
        "epoch": 28
    },
    {
        "val.encoder_mse": 0.014126573801040649,
        "val.decoder_loss": 0.011728874519467353,
        "val.decoder_acc": 0.9978033185005188,
        "val.cover_score": 0.01330947145819664,
        "val.generated_score": 0.013806763999164105,
        "val.ssim": 0.42631746470928195,
        "val.psnr": 24.567723655700682,
        "val.rsbpp": 0.9956066370010376,
        "train.encoder_mse": 0.014199807494878768,
        "train.decoder_loss": 0.011091203838586807,
        "train.decoder_acc": 0.9980856466293335,
        "train.cover_score": 0.01336950559169054,
        "train.generated_score": 0.013872488737106323,
        "epoch": 29
    },
    {
        "val.encoder_mse": 0.01386385627090931,
        "val.decoder_loss": 0.010261105019599199,
        "val.decoder_acc": 0.9982429003715515,
        "val.cover_score": 0.013228707276284694,
        "val.generated_score": 0.013587152026593685,
        "val.ssim": 0.45488364934921266,
        "val.psnr": 24.642694091796876,
        "val.rsbpp": 0.996485800743103,
        "train.encoder_mse": 0.01401622261852026,
        "train.decoder_loss": 0.010961264856159687,
        "train.decoder_acc": 0.998095600605011,
        "train.cover_score": 0.013438823483884334,
        "train.generated_score": 0.013911078609526157,
        "epoch": 30
    },
    {
        "val.encoder_mse": 0.013589530289173125,
        "val.decoder_loss": 0.009937991378828883,
        "val.decoder_acc": 0.9982101821899414,
        "val.cover_score": 0.01328308504074812,
        "val.generated_score": 0.01360504947602749,
        "val.ssim": 0.43708842039108275,
        "val.psnr": 24.748134803771972,
        "val.rsbpp": 0.9964203643798828,
        "train.encoder_mse": 0.013639975301921368,
        "train.decoder_loss": 0.009160713516175747,
        "train.decoder_acc": 0.9985128855705261,
        "train.cover_score": 0.013526620604097843,
        "train.generated_score": 0.014026325419545174,
        "epoch": 31
    },
    {
        "val.encoder_mse": 0.012973352745175361,
        "val.decoder_loss": 0.009052854757755994,
        "val.decoder_acc": 0.9985091018676758,
        "val.cover_score": 0.013416190519928933,
        "val.generated_score": 0.013875301405787467,
        "val.ssim": 0.4378224551677704,
        "val.psnr": 24.96731357574463,
        "val.rsbpp": 0.9970182037353515,
        "train.encoder_mse": 0.013448275402188301,
        "train.decoder_loss": 0.009746549986302852,
        "train.decoder_acc": 0.9983053207397461,
        "train.cover_score": 0.013266575038433075,
        "train.generated_score": 0.013842190615832806,
        "epoch": 32
    }
]