[
    {
        "val.encoder_mse": 0.0482479102909565,
        "val.decoder_loss": 0.6708717703819275,
        "val.decoder_acc": 0.6049939012527465,
        "val.cover_score": 0.05191277265548706,
        "val.generated_score": 0.052092611491680145,
        "val.ssim": 0.3578528743982315,
        "val.psnr": 19.285267782211303,
        "val.rsbpp": 0.20998780250549318,
        "train.encoder_mse": 0.08709676668047905,
        "train.decoder_loss": 0.6955875778198242,
        "train.decoder_acc": 0.5467830204963684,
        "train.cover_score": 0.05186203598976135,
        "train.generated_score": 0.051982236951589586,
        "epoch": 1
    },
    {
        "val.encoder_mse": 0.028443012535572052,
        "val.decoder_loss": 0.6376063799858094,
        "val.decoder_acc": 0.6803662037849426,
        "val.cover_score": 0.051890130788087845,
        "val.generated_score": 0.05224091291427612,
        "val.ssim": 0.46157389402389526,
        "val.psnr": 21.55829200744629,
        "val.rsbpp": 0.3607324075698852,
        "train.encoder_mse": 0.0341681694239378,
        "train.decoder_loss": 0.6541180372238159,
        "train.decoder_acc": 0.6475985360145569,
        "train.cover_score": 0.05190895900130272,
        "train.generated_score": 0.05217533782124519,
        "epoch": 2
    },
    {
        "val.encoder_mse": 0.021139255464076995,
        "val.decoder_loss": 0.6093798470497132,
        "val.decoder_acc": 0.7061571764945984,
        "val.cover_score": 0.051915142983198166,
        "val.generated_score": 0.052583099752664564,
        "val.ssim": 0.5180669438838958,
        "val.psnr": 22.880605506896973,
        "val.rsbpp": 0.4123143529891968,
        "train.encoder_mse": 0.024199638105928897,
        "train.decoder_loss": 0.6264662408828735,
        "train.decoder_acc": 0.6927784752845764,
        "train.cover_score": 0.05189472585916519,
        "train.generated_score": 0.052433701753616335,
        "epoch": 3
    },
    {
        "val.encoder_mse": 0.016951030306518077,
        "val.decoder_loss": 0.5832197546958924,
        "val.decoder_acc": 0.7284224462509156,
        "val.cover_score": 0.05188906908035278,
        "val.generated_score": 0.05296691045165062,
        "val.ssim": 0.5596728980541229,
        "val.psnr": 23.83347291946411,
        "val.rsbpp": 0.4568448925018311,
        "train.encoder_mse": 0.01895455367863178,
        "train.decoder_loss": 0.5982205033302307,
        "train.decoder_acc": 0.7164733743667603,
        "train.cover_score": 0.05190726816654205,
        "train.generated_score": 0.05271370589733124,
        "epoch": 4
    },
    {
        "val.encoder_mse": 0.015296597927808762,
        "val.decoder_loss": 0.5617767381668091,
        "val.decoder_acc": 0.7422041654586792,
        "val.cover_score": 0.0518966618180275,
        "val.generated_score": 0.05372540146112442,
        "val.ssim": 0.5889420783519745,
        "val.psnr": 24.3022159576416,
        "val.rsbpp": 0.4844083309173584,
        "train.encoder_mse": 0.01563025586307049,
        "train.decoder_loss": 0.5753279399871826,
        "train.decoder_acc": 0.7331898903846741,
        "train.cover_score": 0.05190796121954918,
        "train.generated_score": 0.05328214719891548,
        "epoch": 5
    },
    {
        "val.encoder_mse": 0.012625083904713391,
        "val.decoder_loss": 0.5430781257152557,
        "val.decoder_acc": 0.7522146582603455,
        "val.cover_score": 0.05197499588131905,
        "val.generated_score": 0.0545523139834404,
        "val.ssim": 0.6203659272193909,
        "val.psnr": 25.16994438171387,
        "val.rsbpp": 0.5044293165206909,
        "train.encoder_mse": 0.013441778905689716,
        "train.decoder_loss": 0.5512417352199555,
        "train.decoder_acc": 0.7469246912002564,
        "train.cover_score": 0.05195255979895592,
        "train.generated_score": 0.053994920402765274,
        "epoch": 6
    },
    {
        "val.encoder_mse": 0.010657857917249203,
        "val.decoder_loss": 0.513161096572876,
        "val.decoder_acc": 0.7714157366752624,
        "val.cover_score": 0.051935695260763165,
        "val.generated_score": 0.05595366507768631,
        "val.ssim": 0.6450035953521729,
        "val.psnr": 25.824621772766115,
        "val.rsbpp": 0.542831473350525,
        "train.encoder_mse": 0.011409356910735368,
        "train.decoder_loss": 0.5313764154911041,
        "train.decoder_acc": 0.7591942882537842,
        "train.cover_score": 0.05195713743567467,
        "train.generated_score": 0.05515300929546356,
        "epoch": 7
    },
    {
        "val.encoder_mse": 0.010190792940557003,
        "val.decoder_loss": 0.4898915183544159,
        "val.decoder_acc": 0.781409568786621,
        "val.cover_score": 0.0519650736451149,
        "val.generated_score": 0.05786850854754448,
        "val.ssim": 0.6609261322021485,
        "val.psnr": 26.08026752471924,
        "val.rsbpp": 0.5628191375732422,
        "train.encoder_mse": 0.010134277120232581,
        "train.decoder_loss": 0.4983853566646576,
        "train.decoder_acc": 0.7792236089706421,
        "train.cover_score": 0.051915712505579,
        "train.generated_score": 0.05695061132311821,
        "epoch": 8
    },
    {
        "val.encoder_mse": 0.009069029949605465,
        "val.decoder_loss": 0.4616109097003937,
        "val.decoder_acc": 0.8000287055969239,
        "val.cover_score": 0.0519448147714138,
        "val.generated_score": 0.05984208226203919,
        "val.ssim": 0.6552827620506286,
        "val.psnr": 26.6462290763855,
        "val.rsbpp": 0.6000574111938477,
        "train.encoder_mse": 0.00883669039234519,
        "train.decoder_loss": 0.47647157311439514,
        "train.decoder_acc": 0.7907719922065735,
        "train.cover_score": 0.05199296995997429,
        "train.generated_score": 0.05922285661101341,
        "epoch": 9
    },
    {
        "val.encoder_mse": 0.007968933507800102,
        "val.decoder_loss": 0.4271220028400421,
        "val.decoder_acc": 0.8189815592765808,
        "val.cover_score": 0.05187189057469368,
        "val.generated_score": 0.06288791090250015,
        "val.ssim": 0.675844624042511,
        "val.psnr": 27.175209999084473,
        "val.rsbpp": 0.6379631185531616,
        "train.encoder_mse": 0.008466945476830006,
        "train.decoder_loss": 0.43896966576576235,
        "train.decoder_acc": 0.812156171798706,
        "train.cover_score": 0.05188617751002312,
        "train.generated_score": 0.06214791387319565,
        "epoch": 10
    },
    {
        "val.encoder_mse": 0.007581747677177191,
        "val.decoder_loss": 0.39823066592216494,
        "val.decoder_acc": 0.8338536262512207,
        "val.cover_score": 0.051933771073818205,
        "val.generated_score": 0.06699593544006348,
        "val.ssim": 0.6873947548866272,
        "val.psnr": 27.396070861816405,
        "val.rsbpp": 0.6677072525024415,
        "train.encoder_mse": 0.007419019136577844,
        "train.decoder_loss": 0.4159783327579498,
        "train.decoder_acc": 0.8239129662513733,
        "train.cover_score": 0.05205739498138428,
        "train.generated_score": 0.06537098363041878,
        "epoch": 11
    },
    {
        "val.encoder_mse": 0.006588289933279157,
        "val.decoder_loss": 0.3649962389469147,
        "val.decoder_acc": 0.8506177425384521,
        "val.cover_score": 0.05199463456869125,
        "val.generated_score": 0.0693424904346466,
        "val.ssim": 0.6937027692794799,
        "val.psnr": 27.956793880462648,
        "val.rsbpp": 0.7012354850769043,
        "train.encoder_mse": 0.007141639646142721,
        "train.decoder_loss": 0.38247746109962466,
        "train.decoder_acc": 0.8427465271949768,
        "train.cover_score": 0.05194434493780136,
        "train.generated_score": 0.06783428564667701,
        "epoch": 12
    },
    {
        "val.encoder_mse": 0.006614467184990644,
        "val.decoder_loss": 0.35093161702156067,
        "val.decoder_acc": 0.8558521628379822,
        "val.cover_score": 0.05206067249178886,
        "val.generated_score": 0.07257248520851135,
        "val.ssim": 0.7038540124893189,
        "val.psnr": 27.952066326141356,
        "val.rsbpp": 0.7117043256759643,
        "train.encoder_mse": 0.006179929943755269,
        "train.decoder_loss": 0.3433957725763321,
        "train.decoder_acc": 0.862714352607727,
        "train.cover_score": 0.05193026572465897,
        "train.generated_score": 0.07149469494819641,
        "epoch": 13
    },
    {
        "val.encoder_mse": 0.006043878924101591,
        "val.decoder_loss": 0.31671506583690645,
        "val.decoder_acc": 0.8725081801414489,
        "val.cover_score": 0.05196231901645661,
        "val.generated_score": 0.07690990567207337,
        "val.ssim": 0.7023412990570068,
        "val.psnr": 28.305073070526124,
        "val.rsbpp": 0.745016360282898,
        "train.encoder_mse": 0.006332084070891142,
        "train.decoder_loss": 0.340640527009964,
        "train.decoder_acc": 0.8599868798255921,
        "train.cover_score": 0.05209588274359703,
        "train.generated_score": 0.07489316493272781,
        "epoch": 14
    },
    {
        "val.encoder_mse": 0.005517659466713667,
        "val.decoder_loss": 0.29293387711048124,
        "val.decoder_acc": 0.8841497659683227,
        "val.cover_score": 0.05193828567862511,
        "val.generated_score": 0.07742261558771134,
        "val.ssim": 0.7025698232650757,
        "val.psnr": 28.703169727325438,
        "val.rsbpp": 0.7682995319366455,
        "train.encoder_mse": 0.006159028876572848,
        "train.decoder_loss": 0.30933961033821106,
        "train.decoder_acc": 0.8766892719268798,
        "train.cover_score": 0.051889165341854095,
        "train.generated_score": 0.07498118206858635,
        "epoch": 15
    },
    {
        "val.encoder_mse": 0.005289944848045707,
        "val.decoder_loss": 0.27907694041728975,
        "val.decoder_acc": 0.8887642741203308,
        "val.cover_score": 0.05189711049199104,
        "val.generated_score": 0.07830464094877243,
        "val.ssim": 0.707853934764862,
        "val.psnr": 28.89296998977661,
        "val.rsbpp": 0.7775285482406616,
        "train.encoder_mse": 0.0052916970662772655,
        "train.decoder_loss": 0.2887590801715851,
        "train.decoder_acc": 0.886088354587555,
        "train.cover_score": 0.05193605005741119,
        "train.generated_score": 0.07932836145162582,
        "epoch": 16
    },
    {
        "val.encoder_mse": 0.005267914310097694,
        "val.decoder_loss": 0.261623432636261,
        "val.decoder_acc": 0.8963087964057922,
        "val.cover_score": 0.05199255719780922,
        "val.generated_score": 0.07905183881521224,
        "val.ssim": 0.7104784750938415,
        "val.psnr": 28.95576696395874,
        "val.rsbpp": 0.7926175928115845,
        "train.encoder_mse": 0.00509809379465878,
        "train.decoder_loss": 0.27152346551418305,
        "train.decoder_acc": 0.8926155090332031,
        "train.cover_score": 0.05208178699016571,
        "train.generated_score": 0.08064448803663254,
        "epoch": 17
    },
    {
        "val.encoder_mse": 0.0044799479376524684,
        "val.decoder_loss": 0.24688855946063995,
        "val.decoder_acc": 0.9033995389938354,
        "val.cover_score": 0.0519513313472271,
        "val.generated_score": 0.07932836383581161,
        "val.ssim": 0.7127424955368042,
        "val.psnr": 29.61043119430542,
        "val.rsbpp": 0.8067990779876709,
        "train.encoder_mse": 0.00478047645650804,
        "train.decoder_loss": 0.26093259811401365,
        "train.decoder_acc": 0.8960476851463318,
        "train.cover_score": 0.052157452255487444,
        "train.generated_score": 0.08112412482500077,
        "epoch": 18
    },
    {
        "val.encoder_mse": 0.004771707113832235,
        "val.decoder_loss": 0.24859855353832244,
        "val.decoder_acc": 0.9006075596809388,
        "val.cover_score": 0.052128871232271196,
        "val.generated_score": 0.07817885398864746,
        "val.ssim": 0.7288588047027588,
        "val.psnr": 29.36290216445923,
        "val.rsbpp": 0.8012151193618774,
        "train.encoder_mse": 0.004590326137840748,
        "train.decoder_loss": 0.23925555348396302,
        "train.decoder_acc": 0.9066485333442688,
        "train.cover_score": 0.05191895246505737,
        "train.generated_score": 0.08176234632730484,
        "epoch": 19
    },
    {
        "val.encoder_mse": 0.004515786925330758,
        "val.decoder_loss": 0.23342207908630372,
        "val.decoder_acc": 0.9082018518447876,
        "val.cover_score": 0.052292946726083755,
        "val.generated_score": 0.0794356968998909,
        "val.ssim": 0.7339579081535339,
        "val.psnr": 29.650918197631835,
        "val.rsbpp": 0.8164037036895752,
        "train.encoder_mse": 0.004507395559921861,
        "train.decoder_loss": 0.23832122683525087,
        "train.decoder_acc": 0.9048142695426941,
        "train.cover_score": 0.05193960934877396,
        "train.generated_score": 0.08148641735315323,
        "epoch": 20
    },
    {
        "val.encoder_mse": 0.0043503519520163535,
        "val.decoder_loss": 0.22379802346229552,
        "val.decoder_acc": 0.9111101102828979,
        "val.cover_score": 0.052029084116220474,
        "val.generated_score": 0.07441350430250168,
        "val.ssim": 0.7376807761192322,
        "val.psnr": 29.790080547332764,
        "val.rsbpp": 0.8222202205657959,
        "train.encoder_mse": 0.004547807397320866,
        "train.decoder_loss": 0.22575907766819,
        "train.decoder_acc": 0.9115009212493896,
        "train.cover_score": 0.05196693629026413,
        "train.generated_score": 0.08017039448022842,
        "epoch": 21
    },
    {
        "val.encoder_mse": 0.00400091364979744,
        "val.decoder_loss": 0.21245999574661256,
        "val.decoder_acc": 0.9163629627227783,
        "val.cover_score": 0.051944788843393326,
        "val.generated_score": 0.07387246593832969,
        "val.ssim": 0.7450734782218933,
        "val.psnr": 30.103245353698732,
        "val.rsbpp": 0.8327259254455567,
        "train.encoder_mse": 0.004334728857502341,
        "train.decoder_loss": 0.21326881587505342,
        "train.decoder_acc": 0.916726541519165,
        "train.cover_score": 0.051863921880722044,
        "train.generated_score": 0.07758540630340577,
        "epoch": 22
    },
    {
        "val.encoder_mse": 0.0038943642005324366,
        "val.decoder_loss": 0.2027963387966156,
        "val.decoder_acc": 0.9207256150245666,
        "val.cover_score": 0.05202558010816574,
        "val.generated_score": 0.07731503307819367,
        "val.ssim": 0.7474031877517701,
        "val.psnr": 30.303514194488525,
        "val.rsbpp": 0.8414512300491332,
        "train.encoder_mse": 0.0037898268457502125,
        "train.decoder_loss": 0.20527178823947906,
        "train.decoder_acc": 0.9193116474151611,
        "train.cover_score": 0.05212263152003288,
        "train.generated_score": 0.07877959638833999,
        "epoch": 23
    },
    {
        "val.encoder_mse": 0.0035622643353417516,
        "val.decoder_loss": 0.18395826011896133,
        "val.decoder_acc": 0.9290847969055176,
        "val.cover_score": 0.05191805899143219,
        "val.generated_score": 0.07574722111225128,
        "val.ssim": 0.7369422531127929,
        "val.psnr": 30.623057556152343,
        "val.rsbpp": 0.8581695938110352,
        "train.encoder_mse": 0.003778025535866618,
        "train.decoder_loss": 0.1997229799628258,
        "train.decoder_acc": 0.9217994570732116,
        "train.cover_score": 0.05220547899603844,
        "train.generated_score": 0.07587910890579223,
        "epoch": 24
    },
    {
        "val.encoder_mse": 0.003334873951971531,
        "val.decoder_loss": 0.17835089057683945,
        "val.decoder_acc": 0.9308456802368164,
        "val.cover_score": 0.05219958171248436,
        "val.generated_score": 0.07663326770067215,
        "val.ssim": 0.7417239975929261,
        "val.psnr": 30.90114164352417,
        "val.rsbpp": 0.8616913604736328,
        "train.encoder_mse": 0.0034526199474930763,
        "train.decoder_loss": 0.18565396428108216,
        "train.decoder_acc": 0.9277533864974976,
        "train.cover_score": 0.05203875482082367,
        "train.generated_score": 0.07289997234940529,
        "epoch": 25
    },
    {
        "val.encoder_mse": 0.0033849036879837514,
        "val.decoder_loss": 0.1743967738747597,
        "val.decoder_acc": 0.9321117329597474,
        "val.cover_score": 0.052140964567661284,
        "val.generated_score": 0.07250311076641083,
        "val.ssim": 0.7481029844284057,
        "val.psnr": 30.909556770324706,
        "val.rsbpp": 0.8642234659194946,
        "train.encoder_mse": 0.0034126842021942137,
        "train.decoder_loss": 0.18335301160812378,
        "train.decoder_acc": 0.9288832497596741,
        "train.cover_score": 0.05225512012839317,
        "train.generated_score": 0.07545498639345169,
        "epoch": 26
    },
    {
        "val.encoder_mse": 0.003229005578905344,
        "val.decoder_loss": 0.1748817268013954,
        "val.decoder_acc": 0.931452465057373,
        "val.cover_score": 0.052023314237594605,
        "val.generated_score": 0.07178391098976135,
        "val.ssim": 0.7646638607978821,
        "val.psnr": 31.029703235626222,
        "val.rsbpp": 0.8629049301147461,
        "train.encoder_mse": 0.003229692941531539,
        "train.decoder_loss": 0.17278774410486222,
        "train.decoder_acc": 0.9326393461227417,
        "train.cover_score": 0.052306769490242,
        "train.generated_score": 0.07257526397705077,
        "epoch": 27
    },
    {
        "val.encoder_mse": 0.00318664095364511,
        "val.decoder_loss": 0.1624029003083706,
        "val.decoder_acc": 0.937495367527008,
        "val.cover_score": 0.05229450106620789,
        "val.generated_score": 0.06915552660822868,
        "val.ssim": 0.7599471974372863,
        "val.psnr": 31.152721691131593,
        "val.rsbpp": 0.8749907350540161,
        "train.encoder_mse": 0.0032663875166326762,
        "train.decoder_loss": 0.17211586833000184,
        "train.decoder_acc": 0.932704861164093,
        "train.cover_score": 0.05207411617040634,
        "train.generated_score": 0.07204400032758712,
        "epoch": 28
    },
    {
        "val.encoder_mse": 0.0030511154653504492,
        "val.decoder_loss": 0.16575953096151352,
        "val.decoder_acc": 0.9353618836402893,
        "val.cover_score": 0.052135052382946016,
        "val.generated_score": 0.0686363735795021,
        "val.ssim": 0.7671096897125245,
        "val.psnr": 31.296872711181642,
        "val.rsbpp": 0.8707237672805787,
        "train.encoder_mse": 0.003092413069680333,
        "train.decoder_loss": 0.16062362134456634,
        "train.decoder_acc": 0.9380135798454284,
        "train.cover_score": 0.052382858097553255,
        "train.generated_score": 0.06896459758281707,
        "epoch": 29
    },
    {
        "val.encoder_mse": 0.0027619708608835935,
        "val.decoder_loss": 0.15832601875066757,
        "val.decoder_acc": 0.9383239865303039,
        "val.cover_score": 0.052341811060905456,
        "val.generated_score": 0.06770614817738534,
        "val.ssim": 0.7748206520080566,
        "val.psnr": 31.770572662353516,
        "val.rsbpp": 0.8766479730606079,
        "train.encoder_mse": 0.002875409754924476,
        "train.decoder_loss": 0.15684824138879777,
        "train.decoder_acc": 0.9392776966094971,
        "train.cover_score": 0.05194910392165184,
        "train.generated_score": 0.06792885214090347,
        "epoch": 30
    },
    {
        "val.encoder_mse": 0.0031131715979427097,
        "val.decoder_loss": 0.16888943552970886,
        "val.decoder_acc": 0.9328192853927613,
        "val.cover_score": 0.0520227287709713,
        "val.generated_score": 0.0663319842517376,
        "val.ssim": 0.7818128442764283,
        "val.psnr": 31.25483617782593,
        "val.rsbpp": 0.8656385707855224,
        "train.encoder_mse": 0.0030379712348803877,
        "train.decoder_loss": 0.16347325176000596,
        "train.decoder_acc": 0.9357304000854492,
        "train.cover_score": 0.052087705582380295,
        "train.generated_score": 0.06491501957178115,
        "epoch": 31
    },
    {
        "val.encoder_mse": 0.0030001567304134367,
        "val.decoder_loss": 0.15926070600748063,
        "val.decoder_acc": 0.9371165132522583,
        "val.cover_score": 0.05233140498399735,
        "val.generated_score": 0.06575439721345902,
        "val.ssim": 0.7758358216285706,
        "val.psnr": 31.373057079315185,
        "val.rsbpp": 0.8742330265045166,
        "train.encoder_mse": 0.0026550963474437595,
        "train.decoder_loss": 0.14991213887929916,
        "train.decoder_acc": 0.9420668196678161,
        "train.cover_score": 0.05212593138217926,
        "train.generated_score": 0.06698669850826264,
        "epoch": 32
    }
]