[
    {
        "val.encoder_mse": 0.01140749590471387,
        "val.decoder_loss": 0.4373959493637085,
        "val.decoder_acc": 0.8053272438049316,
        "val.ssim": 0.6273953318595886,
        "val.psnr": 25.651512241363527,
        "val.rsbpp": 0.6106544876098633,
        "train.encoder_mse": 0.0383385849208571,
        "train.decoder_loss": 0.5739114491641522,
        "train.decoder_acc": 0.715976312160492,
        "epoch": 1
    },
    {
        "val.encoder_mse": 0.006006624959409237,
        "val.decoder_loss": 0.27327509701251984,
        "val.decoder_acc": 0.8860593342781067,
        "val.ssim": 0.7035925936698914,
        "val.psnr": 28.45516195297241,
        "val.rsbpp": 0.7721186685562134,
        "train.encoder_mse": 0.008843499134527519,
        "train.decoder_loss": 0.3484905671328306,
        "train.decoder_acc": 0.8493107908964157,
        "epoch": 2
    },
    {
        "val.encoder_mse": 0.004180163503624499,
        "val.decoder_loss": 0.2094546538591385,
        "val.decoder_acc": 0.9145337963104248,
        "val.ssim": 0.7574050331115723,
        "val.psnr": 30.011417579650878,
        "val.rsbpp": 0.8290675926208496,
        "train.encoder_mse": 0.0054591461492236705,
        "train.decoder_loss": 0.239399795755744,
        "train.decoder_acc": 0.900772617161274,
        "epoch": 3
    },
    {
        "val.encoder_mse": 0.0030392631655558945,
        "val.decoder_loss": 0.16525839477777482,
        "val.decoder_acc": 0.9339906597137451,
        "val.ssim": 0.7879251790046692,
        "val.psnr": 31.495687007904053,
        "val.rsbpp": 0.8679813194274902,
        "train.encoder_mse": 0.003822803732473403,
        "train.decoder_loss": 0.18664753004908563,
        "train.decoder_acc": 0.9240485811233521,
        "epoch": 4
    },
    {
        "val.encoder_mse": 0.0024873376404866577,
        "val.decoder_loss": 0.14323969885706903,
        "val.decoder_acc": 0.9431285452842713,
        "val.ssim": 0.8005842900276184,
        "val.psnr": 32.27735738754272,
        "val.rsbpp": 0.8862570905685425,
        "train.encoder_mse": 0.002884084181278013,
        "train.decoder_loss": 0.1577717492170632,
        "train.decoder_acc": 0.9361009153723717,
        "epoch": 5
    },
    {
        "val.encoder_mse": 0.0022291237208992244,
        "val.decoder_loss": 0.1348554003238678,
        "val.decoder_acc": 0.946536340713501,
        "val.ssim": 0.8198906612396241,
        "val.psnr": 32.91698799133301,
        "val.rsbpp": 0.8930726814270019,
        "train.encoder_mse": 0.002270963226328604,
        "train.decoder_loss": 0.1347475521825254,
        "train.decoder_acc": 0.9459126335382462,
        "epoch": 6
    },
    {
        "val.encoder_mse": 0.0016734346374869347,
        "val.decoder_loss": 0.11226396054029465,
        "val.decoder_acc": 0.955847840309143,
        "val.ssim": 0.8336052656173706,
        "val.psnr": 33.97009954452515,
        "val.rsbpp": 0.9116956806182861,
        "train.encoder_mse": 0.0019367892626905815,
        "train.decoder_loss": 0.12025353852659464,
        "train.decoder_acc": 0.9516874688863755,
        "epoch": 7
    },
    {
        "val.encoder_mse": 0.0015339964255690576,
        "val.decoder_loss": 0.09484365552663804,
        "val.decoder_acc": 0.9635741519927978,
        "val.ssim": 0.8361944961547851,
        "val.psnr": 34.36517724990845,
        "val.rsbpp": 0.9271483039855957,
        "train.encoder_mse": 0.0016800468016299418,
        "train.decoder_loss": 0.11042841276153922,
        "train.decoder_acc": 0.9557311603426933,
        "epoch": 8
    },
    {
        "val.encoder_mse": 0.0014477772964164614,
        "val.decoder_loss": 0.08450395479798317,
        "val.decoder_acc": 0.9679776263237,
        "val.ssim": 0.8368713665008545,
        "val.psnr": 34.55066967010498,
        "val.rsbpp": 0.9359552526473999,
        "train.encoder_mse": 0.0015203941878280602,
        "train.decoder_loss": 0.10084084272384644,
        "train.decoder_acc": 0.9596297910809517,
        "epoch": 9
    },
    {
        "val.encoder_mse": 0.001253469183575362,
        "val.decoder_loss": 0.0863909375667572,
        "val.decoder_acc": 0.9660906648635864,
        "val.ssim": 0.8618583822250366,
        "val.psnr": 35.142317867279054,
        "val.rsbpp": 0.9321813297271728,
        "train.encoder_mse": 0.0013146083423634992,
        "train.decoder_loss": 0.08912379912100732,
        "train.decoder_acc": 0.9647678795456887,
        "epoch": 10
    },
    {
        "val.encoder_mse": 0.0011145407846197485,
        "val.decoder_loss": 0.07131784968078136,
        "val.decoder_acc": 0.9726507711410523,
        "val.ssim": 0.8448656368255615,
        "val.psnr": 35.62660913467407,
        "val.rsbpp": 0.9453015422821045,
        "train.encoder_mse": 0.0011816409984021447,
        "train.decoder_loss": 0.08352246670052409,
        "train.decoder_acc": 0.967001637518406,
        "epoch": 11
    },
    {
        "val.encoder_mse": 0.001158073281403631,
        "val.decoder_loss": 0.07725620672106742,
        "val.decoder_acc": 0.9697733068466187,
        "val.ssim": 0.8675053644180298,
        "val.psnr": 35.49251737594604,
        "val.rsbpp": 0.9395466136932373,
        "train.encoder_mse": 0.001101076095364988,
        "train.decoder_loss": 0.07854840335436165,
        "train.decoder_acc": 0.9690631338953972,
        "epoch": 12
    },
    {
        "val.encoder_mse": 0.001139968887437135,
        "val.decoder_loss": 0.0697401586174965,
        "val.decoder_acc": 0.973419144153595,
        "val.ssim": 0.8611213827133178,
        "val.psnr": 35.558638668060304,
        "val.rsbpp": 0.94683828830719,
        "train.encoder_mse": 0.001045553372532595,
        "train.decoder_loss": 0.07500539552420378,
        "train.decoder_acc": 0.9704208400845528,
        "epoch": 13
    },
    {
        "val.encoder_mse": 0.0008738043834455311,
        "val.decoder_loss": 0.06192679259926081,
        "val.decoder_acc": 0.9762777733802795,
        "val.ssim": 0.874281976222992,
        "val.psnr": 36.69793891906738,
        "val.rsbpp": 0.9525555467605591,
        "train.encoder_mse": 0.0009652575355721637,
        "train.decoder_loss": 0.06826423943508417,
        "train.decoder_acc": 0.9731788557767868,
        "epoch": 14
    },
    {
        "val.encoder_mse": 0.0008504409831948578,
        "val.decoder_loss": 0.05713000737130642,
        "val.decoder_acc": 0.9779170513153076,
        "val.ssim": 0.8733680772781373,
        "val.psnr": 36.810167694091795,
        "val.rsbpp": 0.9558341026306152,
        "train.encoder_mse": 0.0009135388763388619,
        "train.decoder_loss": 0.06591909527312964,
        "train.decoder_acc": 0.9741252580285072,
        "epoch": 15
    },
    {
        "val.encoder_mse": 0.0008427492692135274,
        "val.decoder_loss": 0.05322293547913432,
        "val.decoder_acc": 0.9800859594345093,
        "val.ssim": 0.8764517688751221,
        "val.psnr": 36.9132797241211,
        "val.rsbpp": 0.9601719188690185,
        "train.encoder_mse": 0.0008654751995345578,
        "train.decoder_loss": 0.061952231395989654,
        "train.decoder_acc": 0.9756781432032585,
        "epoch": 16
    },
    {
        "val.encoder_mse": 0.0007382258004508912,
        "val.decoder_loss": 0.05245510563254356,
        "val.decoder_acc": 0.9805932831764221,
        "val.ssim": 0.8890425968170166,
        "val.psnr": 37.4198073387146,
        "val.rsbpp": 0.9611865663528443,
        "train.encoder_mse": 0.0007789596621296369,
        "train.decoder_loss": 0.056716929436661304,
        "train.decoder_acc": 0.9779842862486839,
        "epoch": 17
    },
    {
        "val.encoder_mse": 0.00072743822587654,
        "val.decoder_loss": 0.052839122153818606,
        "val.decoder_acc": 0.9797293210029602,
        "val.ssim": 0.8907074737548828,
        "val.psnr": 37.47795639038086,
        "val.rsbpp": 0.9594586420059205,
        "train.encoder_mse": 0.0007571965563693084,
        "train.decoder_loss": 0.05412420695181936,
        "train.decoder_acc": 0.9790311247110367,
        "epoch": 18
    },
    {
        "val.encoder_mse": 0.0006691970373503864,
        "val.decoder_loss": 0.044154752790927884,
        "val.decoder_acc": 0.9834941339492798,
        "val.ssim": 0.8955350208282471,
        "val.psnr": 37.868078517913816,
        "val.rsbpp": 0.9669882678985595,
        "train.encoder_mse": 0.0006973991567792837,
        "train.decoder_loss": 0.05117138114059344,
        "train.decoder_acc": 0.9802642711997032,
        "epoch": 19
    },
    {
        "val.encoder_mse": 0.0006360210769344121,
        "val.decoder_loss": 0.04092845145612955,
        "val.decoder_acc": 0.9848684358596802,
        "val.ssim": 0.8964562916755676,
        "val.psnr": 38.03444595336914,
        "val.rsbpp": 0.9697368717193604,
        "train.encoder_mse": 0.0006808370220824145,
        "train.decoder_loss": 0.05038464595796541,
        "train.decoder_acc": 0.9806170403957367,
        "epoch": 20
    },
    {
        "val.encoder_mse": 0.0006258910964243114,
        "val.decoder_loss": 0.0392731561139226,
        "val.decoder_acc": 0.9851933646202088,
        "val.ssim": 0.8949279594421387,
        "val.psnr": 38.120690727233885,
        "val.rsbpp": 0.9703867292404175,
        "train.encoder_mse": 0.0006648151911213063,
        "train.decoder_loss": 0.04686790332896635,
        "train.decoder_acc": 0.982114705145359,
        "epoch": 21
    },
    {
        "val.encoder_mse": 0.0006736087147146463,
        "val.decoder_loss": 0.038253722861409184,
        "val.decoder_acc": 0.9855556321144104,
        "val.ssim": 0.8956375408172608,
        "val.psnr": 37.86118307113647,
        "val.rsbpp": 0.9711112642288208,
        "train.encoder_mse": 0.0006455614464357495,
        "train.decoder_loss": 0.04596676834858954,
        "train.decoder_acc": 0.9823990169167519,
        "epoch": 22
    },
    {
        "val.encoder_mse": 0.0006227268069051206,
        "val.decoder_loss": 0.04554147563874721,
        "val.decoder_acc": 0.9827731418609619,
        "val.ssim": 0.9176533460617066,
        "val.psnr": 38.13037233352661,
        "val.rsbpp": 0.9655462837219239,
        "train.encoder_mse": 0.000603991318057524,
        "train.decoder_loss": 0.0427655262988992,
        "train.decoder_acc": 0.9836478173732758,
        "epoch": 23
    },
    {
        "val.encoder_mse": 0.0005610728450119495,
        "val.decoder_loss": 0.03866415029391646,
        "val.decoder_acc": 0.9855269265174865,
        "val.ssim": 0.9023438358306884,
        "val.psnr": 38.65420303344727,
        "val.rsbpp": 0.9710538530349732,
        "train.encoder_mse": 0.0006058614797075279,
        "train.decoder_loss": 0.04086672957171686,
        "train.decoder_acc": 0.9844043663144112,
        "epoch": 24
    },
    {
        "val.encoder_mse": 0.000499294955516234,
        "val.decoder_loss": 0.0297448096703738,
        "val.decoder_acc": 0.9890789318084717,
        "val.ssim": 0.9030043077468872,
        "val.psnr": 39.076225471496585,
        "val.rsbpp": 0.9781578636169433,
        "train.encoder_mse": 0.0005638753046514467,
        "train.decoder_loss": 0.03887879333691671,
        "train.decoder_acc": 0.9852403530478477,
        "epoch": 25
    },
    {
        "val.encoder_mse": 0.0005247118091210723,
        "val.decoder_loss": 0.030507602915167808,
        "val.decoder_acc": 0.9887543201446534,
        "val.ssim": 0.9111648201942444,
        "val.psnr": 38.85527667999268,
        "val.rsbpp": 0.9775086402893066,
        "train.encoder_mse": 0.0005321863386780023,
        "train.decoder_loss": 0.037924439345952125,
        "train.decoder_acc": 0.9856263700127602,
        "epoch": 26
    },
    {
        "val.encoder_mse": 0.000518613705644384,
        "val.decoder_loss": 0.02948263389989734,
        "val.decoder_acc": 0.9891384220123292,
        "val.ssim": 0.9099114084243775,
        "val.psnr": 38.96169815063477,
        "val.rsbpp": 0.9782768440246582,
        "train.encoder_mse": 0.0005184443833422847,
        "train.decoder_loss": 0.035639952740166334,
        "train.decoder_acc": 0.9865285846590995,
        "epoch": 27
    },
    {
        "val.encoder_mse": 0.0005406255146954208,
        "val.decoder_loss": 0.030872435625642538,
        "val.decoder_acc": 0.9885592627525329,
        "val.ssim": 0.9105917501449585,
        "val.psnr": 38.89071226119995,
        "val.rsbpp": 0.977118525505066,
        "train.encoder_mse": 0.0005301031541603151,
        "train.decoder_loss": 0.037201513377949594,
        "train.decoder_acc": 0.9860579374432564,
        "epoch": 28
    },
    {
        "val.encoder_mse": 0.0004579710669349879,
        "val.decoder_loss": 0.02911727387458086,
        "val.decoder_acc": 0.9893580269813538,
        "val.ssim": 0.9199921417236329,
        "val.psnr": 39.52975339889527,
        "val.rsbpp": 0.9787160539627076,
        "train.encoder_mse": 0.0004809615892008878,
        "train.decoder_loss": 0.032265572878532114,
        "train.decoder_acc": 0.987890844643116,
        "epoch": 29
    },
    {
        "val.encoder_mse": 0.0005302599433343858,
        "val.decoder_loss": 0.030168130211532116,
        "val.decoder_acc": 0.9888800859451294,
        "val.ssim": 0.9140226936340332,
        "val.psnr": 38.872768306732176,
        "val.rsbpp": 0.9777601718902588,
        "train.encoder_mse": 0.00048047903925180435,
        "train.decoder_loss": 0.031832482930039985,
        "train.decoder_acc": 0.9880727517604828,
        "epoch": 30
    },
    {
        "val.encoder_mse": 0.0004327920789364725,
        "val.decoder_loss": 0.02569255353882909,
        "val.decoder_acc": 0.9905938291549683,
        "val.ssim": 0.9208785223960877,
        "val.psnr": 39.75315465927124,
        "val.rsbpp": 0.9811876583099365,
        "train.encoder_mse": 0.00044592398538952695,
        "train.decoder_loss": 0.02821681125438772,
        "train.decoder_acc": 0.9894493529200554,
        "epoch": 31
    },
    {
        "val.encoder_mse": 0.00043698668829165397,
        "val.decoder_loss": 0.027579910922795534,
        "val.decoder_acc": 0.9898127245903016,
        "val.ssim": 0.9279627299308777,
        "val.psnr": 39.727252292633054,
        "val.rsbpp": 0.979625449180603,
        "train.encoder_mse": 0.00043862781414645726,
        "train.decoder_loss": 0.028590015260269865,
        "train.decoder_acc": 0.989332395195961,
        "epoch": 32
    }
]