[
    {
        "val.encoder_mse": 0.008202218953520059,
        "val.decoder_loss": 0.4116525173187256,
        "val.decoder_acc": 0.8246293210983277,
        "val.cover_score": -0.03757194042205811,
        "val.generated_score": -0.03790778204798698,
        "val.ssim": 0.7016698694229127,
        "val.psnr": 27.20506000518799,
        "val.rsbpp": 0.6492586421966553,
        "val.gradient_penalty": 0.8024367952346801,
        "train.encoder_mse": 0.03592218082631007,
        "train.decoder_loss": 0.5618688809871674,
        "train.decoder_acc": 0.7297343134880065,
        "train.cover_score": -0.02652848355472088,
        "train.generated_score": -0.08536088728345931,
        "train.gradient_penalty": 0.8876484110951424,
        "epoch": 1
    },
    {
        "val.encoder_mse": 0.0045527026522904634,
        "val.decoder_loss": 0.21220908910036088,
        "val.decoder_acc": 0.9170936703681946,
        "val.cover_score": -0.03729191303253174,
        "val.generated_score": -0.008773417919874191,
        "val.ssim": 0.7712517261505127,
        "val.psnr": 29.513505458831787,
        "val.rsbpp": 0.8341873407363891,
        "val.gradient_penalty": 0.7187629628181458,
        "train.encoder_mse": 0.006082538791233673,
        "train.decoder_loss": 0.2916881848871708,
        "train.decoder_acc": 0.8820929953455925,
        "train.cover_score": -0.02727515183389187,
        "train.generated_score": -0.045431797374039885,
        "train.gradient_penalty": 0.7777322900295257,
        "epoch": 2
    },
    {
        "val.encoder_mse": 0.0029585787653923033,
        "val.decoder_loss": 0.15212729275226594,
        "val.decoder_acc": 0.9410046291351318,
        "val.cover_score": -0.018727686405181885,
        "val.generated_score": 0.154580237865448,
        "val.ssim": 0.7876499915122985,
        "val.psnr": 31.459059047698975,
        "val.rsbpp": 0.8820092582702637,
        "val.gradient_penalty": 0.6512184989452362,
        "train.encoder_mse": 0.004731662732665427,
        "train.decoder_loss": 0.18874586336314678,
        "train.decoder_acc": 0.9252800136804581,
        "train.cover_score": -0.019524984061717987,
        "train.generated_score": 0.008466232903301715,
        "train.gradient_penalty": 0.6000696022994816,
        "epoch": 3
    },
    {
        "val.encoder_mse": 0.004521121541038156,
        "val.decoder_loss": 0.15277719184756278,
        "val.decoder_acc": 0.9388981461524963,
        "val.cover_score": -0.03665131092071533,
        "val.generated_score": 0.1976981520652771,
        "val.ssim": 0.7968883299827576,
        "val.psnr": 29.497314357757567,
        "val.rsbpp": 0.8777962923049927,
        "val.gradient_penalty": 0.601003355383873,
        "train.encoder_mse": 0.004272062719683163,
        "train.decoder_loss": 0.15578439835458993,
        "train.decoder_acc": 0.937358390390873,
        "train.cover_score": -0.0174085795879364,
        "train.generated_score": 0.17481251329183578,
        "train.gradient_penalty": 0.5136749353259802,
        "epoch": 4
    },
    {
        "val.encoder_mse": 0.005956939030438662,
        "val.decoder_loss": 0.1422093053162098,
        "val.decoder_acc": 0.9425737619400024,
        "val.cover_score": -0.02058465242385864,
        "val.generated_score": 0.6085716652870178,
        "val.ssim": 0.774971067905426,
        "val.psnr": 28.34121799468994,
        "val.rsbpp": 0.8851475238800048,
        "val.gradient_penalty": 0.5442466115951539,
        "train.encoder_mse": 0.004393971578101627,
        "train.decoder_loss": 0.13552922688424587,
        "train.decoder_acc": 0.9456038656830787,
        "train.cover_score": -0.0011960519105195999,
        "train.generated_score": 0.2867774568498135,
        "train.gradient_penalty": 0.4857170320302248,
        "epoch": 5
    },
    {
        "val.encoder_mse": 0.0035373948886990546,
        "val.decoder_loss": 0.13058128625154494,
        "val.decoder_acc": 0.9476007676124573,
        "val.cover_score": -0.02269345760345459,
        "val.generated_score": 0.48918484687805175,
        "val.ssim": 0.8129872512817383,
        "val.psnr": 30.5684552192688,
        "val.rsbpp": 0.8952015352249145,
        "val.gradient_penalty": 0.4452120643854141,
        "train.encoder_mse": 0.004316212155390531,
        "train.decoder_loss": 0.12916239174082875,
        "train.decoder_acc": 0.9477182367444038,
        "train.cover_score": -0.029050819016993044,
        "train.generated_score": 0.2636183598637581,
        "train.gradient_penalty": 0.5032557248324155,
        "epoch": 6
    },
    {
        "val.encoder_mse": 0.0064730305410921575,
        "val.decoder_loss": 0.11254083558917045,
        "val.decoder_acc": 0.9550144243240356,
        "val.cover_score": -0.042961958646774295,
        "val.generated_score": 0.41084056854248047,
        "val.ssim": 0.776077401638031,
        "val.psnr": 27.9722469329834,
        "val.rsbpp": 0.9100288486480713,
        "val.gradient_penalty": 0.47193294048309326,
        "train.encoder_mse": 0.004045241501880809,
        "train.decoder_loss": 0.1268067502975464,
        "train.decoder_acc": 0.9484174445271492,
        "train.cover_score": -0.020300609171390534,
        "train.generated_score": 0.4255948303639889,
        "train.gradient_penalty": 0.43881760546937587,
        "epoch": 7
    },
    {
        "val.encoder_mse": 0.004115474410355091,
        "val.decoder_loss": 0.12311653316020965,
        "val.decoder_acc": 0.9502574872970581,
        "val.cover_score": -0.03128006935119629,
        "val.generated_score": 0.2890696442127228,
        "val.ssim": 0.8103313374519349,
        "val.psnr": 29.95058422088623,
        "val.rsbpp": 0.9005149745941162,
        "val.gradient_penalty": 0.568643547296524,
        "train.encoder_mse": 0.004250852794502862,
        "train.decoder_loss": 0.12027183981612324,
        "train.decoder_acc": 0.9512080425024032,
        "train.cover_score": -0.028487244956195354,
        "train.generated_score": -0.15692266166210175,
        "train.gradient_penalty": 0.447483645118773,
        "epoch": 8
    },
    {
        "val.encoder_mse": 0.0036394581478089096,
        "val.decoder_loss": 0.08461129121482372,
        "val.decoder_acc": 0.9669423604011536,
        "val.cover_score": -0.037115621566772464,
        "val.generated_score": 0.13878769874572755,
        "val.ssim": 0.8042103695869446,
        "val.psnr": 30.445907974243163,
        "val.rsbpp": 0.9338847208023071,
        "val.gradient_penalty": 0.4730333912372589,
        "train.encoder_mse": 0.003885319834225811,
        "train.decoder_loss": 0.10040969892404973,
        "train.decoder_acc": 0.9597288087010384,
        "train.cover_score": -0.019416140206158162,
        "train.generated_score": 0.23361026674509047,
        "train.gradient_penalty": 0.43482656287029386,
        "epoch": 9
    },
    {
        "val.encoder_mse": 0.002320621432736516,
        "val.decoder_loss": 0.08661298021674156,
        "val.decoder_acc": 0.9661293959617615,
        "val.cover_score": -0.03355831444263458,
        "val.generated_score": 0.16248213291168212,
        "val.ssim": 0.8303840065002441,
        "val.psnr": 32.46374015808105,
        "val.rsbpp": 0.9322587919235229,
        "val.gradient_penalty": 1.5924395275115968,
        "train.encoder_mse": 0.0034297600167337806,
        "train.decoder_loss": 0.09651897283736616,
        "train.decoder_acc": 0.9614468935132027,
        "train.cover_score": -0.009261356852948665,
        "train.generated_score": 0.014818757697939873,
        "train.gradient_penalty": 0.49637923307716847,
        "epoch": 10
    },
    {
        "val.encoder_mse": 0.0023487625597044827,
        "val.decoder_loss": 0.09183106422424317,
        "val.decoder_acc": 0.9634239172935486,
        "val.cover_score": -0.010115702152252198,
        "val.generated_score": 0.3828535258769989,
        "val.ssim": 0.8428385996818543,
        "val.psnr": 32.41681833267212,
        "val.rsbpp": 0.9268478345870972,
        "val.gradient_penalty": 0.5683540016412735,
        "train.encoder_mse": 0.003607735905679874,
        "train.decoder_loss": 0.093697076337412,
        "train.decoder_acc": 0.9623772832751274,
        "train.cover_score": -0.034733998477458956,
        "train.generated_score": -0.017152995243668555,
        "train.gradient_penalty": 0.47898962438106535,
        "epoch": 11
    },
    {
        "val.encoder_mse": 0.00197160467505455,
        "val.decoder_loss": 0.07269562028348446,
        "val.decoder_acc": 0.9715204453468322,
        "val.cover_score": -0.022834482192993163,
        "val.generated_score": -0.014449608325958253,
        "val.ssim": 0.845874216556549,
        "val.psnr": 33.1652626991272,
        "val.rsbpp": 0.9430408906936646,
        "val.gradient_penalty": 0.49036157727241514,
        "train.encoder_mse": 0.003500438423943706,
        "train.decoder_loss": 0.08239583021961153,
        "train.decoder_acc": 0.9672364944219589,
        "train.cover_score": -0.01046532329171896,
        "train.generated_score": -0.19376313962042332,
        "train.gradient_penalty": 0.391253263419494,
        "epoch": 12
    },
    {
        "val.encoder_mse": 0.0039617922995239495,
        "val.decoder_loss": 0.07372709512710571,
        "val.decoder_acc": 0.9710564804077149,
        "val.cover_score": -0.0059008336067199706,
        "val.generated_score": 0.410199670791626,
        "val.ssim": 0.8272712063789368,
        "val.psnr": 30.066929435729982,
        "val.rsbpp": 0.9421129608154297,
        "val.gradient_penalty": 2.238291606903076,
        "train.encoder_mse": 0.003981720429728739,
        "train.decoder_loss": 0.07775174465030432,
        "train.decoder_acc": 0.969213895201683,
        "train.cover_score": -0.02280293494462967,
        "train.generated_score": -0.02317576840519905,
        "train.gradient_penalty": 0.42742855366319416,
        "epoch": 13
    },
    {
        "val.encoder_mse": 0.007885186672210694,
        "val.decoder_loss": 0.08166510514914989,
        "val.decoder_acc": 0.9675828719139099,
        "val.cover_score": -0.06943877696990967,
        "val.generated_score": 0.07941476106643677,
        "val.ssim": 0.8177849173545837,
        "val.psnr": 27.06153211593628,
        "val.rsbpp": 0.9351657438278198,
        "val.gradient_penalty": 0.5367846947908401,
        "train.encoder_mse": 0.003472331878147088,
        "train.decoder_loss": 0.07821465047076344,
        "train.decoder_acc": 0.9689802160859108,
        "train.cover_score": -0.038734852969646454,
        "train.generated_score": -0.3415408717095852,
        "train.gradient_penalty": 0.40624442467466,
        "epoch": 14
    },
    {
        "val.encoder_mse": 0.0041356530040502545,
        "val.decoder_loss": 0.06870911568403244,
        "val.decoder_acc": 0.9731871914863587,
        "val.cover_score": -0.02993807792663574,
        "val.generated_score": 0.2665872323513031,
        "val.ssim": 0.8194696116447449,
        "val.psnr": 29.92625331878662,
        "val.rsbpp": 0.9463743829727173,
        "val.gradient_penalty": 0.4494628357887268,
        "train.encoder_mse": 0.003543027393752709,
        "train.decoder_loss": 0.07671011261641979,
        "train.decoder_acc": 0.9698496133089065,
        "train.cover_score": -0.05040905863046646,
        "train.generated_score": -0.21519179478287698,
        "train.gradient_penalty": 0.4398654386494309,
        "epoch": 15
    },
    {
        "val.encoder_mse": 0.0023794952407479287,
        "val.decoder_loss": 0.07664768666028976,
        "val.decoder_acc": 0.9699445939064026,
        "val.cover_score": 0.023437607288360595,
        "val.generated_score": 0.29682241439819335,
        "val.ssim": 0.8406989049911499,
        "val.psnr": 32.37597684860229,
        "val.rsbpp": 0.9398891878128052,
        "val.gradient_penalty": 0.79176413834095,
        "train.encoder_mse": 0.0034089246450457722,
        "train.decoder_loss": 0.07630453839898109,
        "train.decoder_acc": 0.9697902774810792,
        "train.cover_score": 0.005214325785636902,
        "train.generated_score": 0.06667629167437554,
        "train.gradient_penalty": 0.3904201938025653,
        "epoch": 16
    },
    {
        "val.encoder_mse": 0.00558653274551034,
        "val.decoder_loss": 0.06964129783213138,
        "val.decoder_acc": 0.9726597237586975,
        "val.cover_score": -0.08938035011291504,
        "val.generated_score": 0.3255583739280701,
        "val.ssim": 0.825676085948944,
        "val.psnr": 28.569911098480226,
        "val.rsbpp": 0.945319447517395,
        "val.gradient_penalty": 0.40490865767002104,
        "train.encoder_mse": 0.0037586737907258794,
        "train.decoder_loss": 0.0771039281366393,
        "train.decoder_acc": 0.9692185935378075,
        "train.cover_score": -0.041433077976107596,
        "train.generated_score": -0.3826218944787979,
        "train.gradient_penalty": 0.35255113770021124,
        "epoch": 17
    },
    {
        "val.encoder_mse": 0.0023244915110990404,
        "val.decoder_loss": 0.06973525114357472,
        "val.decoder_acc": 0.9728532361984253,
        "val.cover_score": -0.046360242366790774,
        "val.generated_score": 0.16291750431060792,
        "val.ssim": 0.8589633417129516,
        "val.psnr": 32.496005821228025,
        "val.rsbpp": 0.9457064723968506,
        "val.gradient_penalty": 0.5976453649997712,
        "train.encoder_mse": 0.0033055539499036966,
        "train.decoder_loss": 0.06956131271552295,
        "train.decoder_acc": 0.9723908653855324,
        "train.cover_score": -0.031880404055118564,
        "train.generated_score": 0.020407091081142425,
        "train.gradient_penalty": 0.34669202568009494,
        "epoch": 18
    },
    {
        "val.encoder_mse": 0.004365713372826576,
        "val.decoder_loss": 0.07869397066533565,
        "val.decoder_acc": 0.9685195231437683,
        "val.cover_score": -0.06006155729293823,
        "val.generated_score": 1.034614191055298,
        "val.ssim": 0.8125358366966248,
        "val.psnr": 29.71903133392334,
        "val.rsbpp": 0.9370390462875366,
        "val.gradient_penalty": 0.4270419603586197,
        "train.encoder_mse": 0.0041669926088070495,
        "train.decoder_loss": 0.07365960190072655,
        "train.decoder_acc": 0.9706854808330536,
        "train.cover_score": -0.031504711285233494,
        "train.generated_score": 0.023464922308921814,
        "train.gradient_penalty": 0.3686252571642399,
        "epoch": 19
    },
    {
        "val.encoder_mse": 0.005866166092455387,
        "val.decoder_loss": 0.05937020968645811,
        "val.decoder_acc": 0.9773215222358703,
        "val.cover_score": -0.04728197425603867,
        "val.generated_score": 0.024771944284439087,
        "val.ssim": 0.8391120219230652,
        "val.psnr": 28.342541313171388,
        "val.rsbpp": 0.9546430444717408,
        "val.gradient_penalty": 0.4026720678806305,
        "train.encoder_mse": 0.0031049564812565223,
        "train.decoder_loss": 0.06806073802523314,
        "train.decoder_acc": 0.9730116420984268,
        "train.cover_score": -0.02583589754998684,
        "train.generated_score": -0.6709064650535583,
        "train.gradient_penalty": 0.2960104591632262,
        "epoch": 20
    },
    {
        "val.encoder_mse": 0.0015491484943777323,
        "val.decoder_loss": 0.050372178331017495,
        "val.decoder_acc": 0.9806637334823608,
        "val.cover_score": -0.03501367807388306,
        "val.generated_score": 0.12148593902587891,
        "val.ssim": 0.8598335456848144,
        "val.psnr": 34.199956035614015,
        "val.rsbpp": 0.9613274669647217,
        "val.gradient_penalty": 0.554294770359993,
        "train.encoder_mse": 0.0029809231718536467,
        "train.decoder_loss": 0.06272729829885065,
        "train.decoder_acc": 0.9753407090902328,
        "train.cover_score": -0.02051806330680847,
        "train.generated_score": -0.1610468505322933,
        "train.gradient_penalty": 0.3451656615640968,
        "epoch": 21
    },
    {
        "val.encoder_mse": 0.002983616692945361,
        "val.decoder_loss": 0.05507484495639801,
        "val.decoder_acc": 0.9786892724037171,
        "val.cover_score": -0.03915708541870117,
        "val.generated_score": 0.1727006244659424,
        "val.ssim": 0.8454343056678773,
        "val.psnr": 31.30247402191162,
        "val.rsbpp": 0.9573785448074341,
        "val.gradient_penalty": 0.26096389144659043,
        "train.encoder_mse": 0.0027681426590424963,
        "train.decoder_loss": 0.05608977248426527,
        "train.decoder_acc": 0.978083448112011,
        "train.cover_score": -0.011033221781253814,
        "train.generated_score": 0.007515852153301239,
        "train.gradient_penalty": 0.29241488366387786,
        "epoch": 22
    },
    {
        "val.encoder_mse": 0.0018696910934522747,
        "val.decoder_loss": 0.05698272779583931,
        "val.decoder_acc": 0.9781608009338378,
        "val.cover_score": -0.03718530654907227,
        "val.generated_score": 0.20018192291259765,
        "val.ssim": 0.865304548740387,
        "val.psnr": 33.38320951461792,
        "val.rsbpp": 0.9563216018676758,
        "val.gradient_penalty": 0.5095633041858673,
        "train.encoder_mse": 0.002764811465749517,
        "train.decoder_loss": 0.05771290739066899,
        "train.decoder_acc": 0.9774501129984856,
        "train.cover_score": -0.0026675539836287497,
        "train.generated_score": -0.32390757456421854,
        "train.gradient_penalty": 0.2479102392680943,
        "epoch": 23
    },
    {
        "val.encoder_mse": 0.003169919429346919,
        "val.decoder_loss": 0.05866082787513733,
        "val.decoder_acc": 0.9773113393783569,
        "val.cover_score": -0.08037057876586914,
        "val.generated_score": 0.5098946690559387,
        "val.ssim": 0.8374779248237609,
        "val.psnr": 31.096309089660643,
        "val.rsbpp": 0.9546226787567139,
        "val.gradient_penalty": 0.6693039104342461,
        "train.encoder_mse": 0.0036093381664250045,
        "train.decoder_loss": 0.05445330107817426,
        "train.decoder_acc": 0.9788033753633499,
        "train.cover_score": -0.06252500116825103,
        "train.generated_score": -0.12042738243937492,
        "train.gradient_penalty": 0.39376978189684453,
        "epoch": 24
    },
    {
        "val.encoder_mse": 0.0017824878031387926,
        "val.decoder_loss": 0.04311638429760933,
        "val.decoder_acc": 0.983429548740387,
        "val.cover_score": -0.030209050178527833,
        "val.generated_score": 0.4637455987930298,
        "val.ssim": 0.8575258255004883,
        "val.psnr": 33.55450782775879,
        "val.rsbpp": 0.9668590974807739,
        "val.gradient_penalty": 0.37533539116382597,
        "train.encoder_mse": 0.003555228922632523,
        "train.decoder_loss": 0.0532370294816792,
        "train.decoder_acc": 0.9793004527688026,
        "train.cover_score": -0.027755839824676512,
        "train.generated_score": -0.5955320735275745,
        "train.gradient_penalty": 0.28941380508244036,
        "epoch": 25
    },
    {
        "val.encoder_mse": 0.003901076605543494,
        "val.decoder_loss": 0.05097256563603878,
        "val.decoder_acc": 0.9803141927719117,
        "val.cover_score": -0.02049048662185669,
        "val.generated_score": 0.9269411277770996,
        "val.ssim": 0.8280506610870362,
        "val.psnr": 30.179472064971925,
        "val.rsbpp": 0.9606283855438232,
        "val.gradient_penalty": 0.6065756767988205,
        "train.encoder_mse": 0.00406216561968904,
        "train.decoder_loss": 0.05076056515332311,
        "train.decoder_acc": 0.9803366315364838,
        "train.cover_score": 0.001758011132478714,
        "train.generated_score": -0.03776516437530517,
        "train.gradient_penalty": 0.254979630690068,
        "epoch": 26
    },
    {
        "val.encoder_mse": 0.002405337910167873,
        "val.decoder_loss": 0.04674317164346576,
        "val.decoder_acc": 0.9822838687896729,
        "val.cover_score": -0.035558643341064455,
        "val.generated_score": 0.39726837158203127,
        "val.ssim": 0.8347178387641907,
        "val.psnr": 32.27039909362793,
        "val.rsbpp": 0.9645677375793457,
        "val.gradient_penalty": 0.26746453672647474,
        "train.encoder_mse": 0.003372449040762149,
        "train.decoder_loss": 0.04932311129756272,
        "train.decoder_acc": 0.9810000929236412,
        "train.cover_score": -0.015065356716513633,
        "train.generated_score": -1.2595984131097793,
        "train.gradient_penalty": 0.22362895456608384,
        "epoch": 27
    },
    {
        "val.encoder_mse": 0.0019270857097581028,
        "val.decoder_loss": 0.052173649594187736,
        "val.decoder_acc": 0.9799744606018066,
        "val.cover_score": -0.018578543663024902,
        "val.generated_score": 0.2649108481407165,
        "val.ssim": 0.863314220905304,
        "val.psnr": 33.22803859710693,
        "val.rsbpp": 0.9599489212036133,
        "val.gradient_penalty": 0.3194771885871887,
        "train.encoder_mse": 0.003148504234850407,
        "train.decoder_loss": 0.048658779724501076,
        "train.decoder_acc": 0.9812029892206192,
        "train.cover_score": -0.03748677760362625,
        "train.generated_score": -0.08332304880023003,
        "train.gradient_penalty": 0.2519416015851311,
        "epoch": 28
    },
    {
        "val.encoder_mse": 0.001875805165618658,
        "val.decoder_loss": 0.03988828532397747,
        "val.decoder_acc": 0.9847868037223816,
        "val.cover_score": -0.043749163150787355,
        "val.generated_score": 0.5740652453899383,
        "val.ssim": 0.8605592250823975,
        "val.psnr": 33.38229694366455,
        "val.rsbpp": 0.9695736074447632,
        "val.gradient_penalty": 0.6485189953446389,
        "train.encoder_mse": 0.0032923655293416233,
        "train.decoder_loss": 0.045879721539095045,
        "train.decoder_acc": 0.9822372004389763,
        "train.cover_score": -0.035249003469944,
        "train.generated_score": -0.2228337936103344,
        "train.gradient_penalty": 0.2896454258449376,
        "epoch": 29
    },
    {
        "val.encoder_mse": 0.0016180854802951216,
        "val.decoder_loss": 0.04264587733894586,
        "val.decoder_acc": 0.9836669754981995,
        "val.cover_score": -0.03416404962539673,
        "val.generated_score": 0.35367880821228026,
        "val.ssim": 0.8647671723365784,
        "val.psnr": 34.07994155883789,
        "val.rsbpp": 0.967333950996399,
        "val.gradient_penalty": 0.3827575445175171,
        "train.encoder_mse": 0.0028529138397425415,
        "train.decoder_loss": 0.046589504273142665,
        "train.decoder_acc": 0.9820770907402039,
        "train.cover_score": -0.009562399089336395,
        "train.generated_score": -0.1910886274278164,
        "train.gradient_penalty": 0.26125415609683844,
        "epoch": 30
    },
    {
        "val.encoder_mse": 0.0023697181697934864,
        "val.decoder_loss": 0.040429498478770254,
        "val.decoder_acc": 0.9849457526206971,
        "val.cover_score": 0.009352655410766601,
        "val.generated_score": 0.48400532245635985,
        "val.ssim": 0.8675581455230713,
        "val.psnr": 32.33276996612549,
        "val.rsbpp": 0.969891505241394,
        "val.gradient_penalty": 0.3585503876209259,
        "train.encoder_mse": 0.0029970597580540924,
        "train.decoder_loss": 0.043338106963783506,
        "train.decoder_acc": 0.9834004417061806,
        "train.cover_score": -0.020227684304118157,
        "train.generated_score": -0.11243727907538414,
        "train.gradient_penalty": 0.3016875111870468,
        "epoch": 31
    },
    {
        "val.encoder_mse": 0.0054455484636127946,
        "val.decoder_loss": 0.0528352103754878,
        "val.decoder_acc": 0.9797832536697387,
        "val.cover_score": -0.019582695960998535,
        "val.generated_score": 1.121682424545288,
        "val.ssim": 0.8336242175102234,
        "val.psnr": 28.676724243164063,
        "val.rsbpp": 0.9595665073394776,
        "val.gradient_penalty": 0.2992798492312431,
        "train.encoder_mse": 0.003838381669484079,
        "train.decoder_loss": 0.04745121886953711,
        "train.decoder_acc": 0.9817713418602944,
        "train.cover_score": -0.04567225903272629,
        "train.generated_score": -0.5597977693378925,
        "train.gradient_penalty": 0.24490322226076386,
        "epoch": 32
    }
]