[
    {
        "val.encoder_mse": 0.011398736499249934,
        "val.decoder_loss": 0.4374650287628174,
        "val.decoder_acc": 0.8053770112991333,
        "val.ssim": 0.6275143313407898,
        "val.psnr": 25.655383586883545,
        "val.rsbpp": 0.6107540225982666,
        "train.encoder_mse": 0.03833763733971864,
        "train.decoder_loss": 0.5740166117250919,
        "train.decoder_acc": 0.7159924253821373,
        "epoch": 1
    },
    {
        "val.encoder_mse": 0.0060019427072256805,
        "val.decoder_loss": 0.27333066463470457,
        "val.decoder_acc": 0.885969054698944,
        "val.ssim": 0.703704092502594,
        "val.psnr": 28.458419609069825,
        "val.rsbpp": 0.7719381093978882,
        "train.encoder_mse": 0.008839662442915142,
        "train.decoder_loss": 0.3484924328327179,
        "train.decoder_acc": 0.8493654876947403,
        "epoch": 2
    },
    {
        "val.encoder_mse": 0.004179699467495084,
        "val.decoder_loss": 0.2095356750488281,
        "val.decoder_acc": 0.9145191264152527,
        "val.ssim": 0.7574209260940552,
        "val.psnr": 30.011869621276855,
        "val.rsbpp": 0.8290382528305054,
        "train.encoder_mse": 0.005456810124451294,
        "train.decoder_loss": 0.23937803868204355,
        "train.decoder_acc": 0.9007721531391144,
        "epoch": 3
    },
    {
        "val.encoder_mse": 0.0030365232238546013,
        "val.decoder_loss": 0.16531029790639878,
        "val.decoder_acc": 0.933855013847351,
        "val.ssim": 0.7881192421913147,
        "val.psnr": 31.49995927810669,
        "val.rsbpp": 0.8677100276947022,
        "train.encoder_mse": 0.0038207841670373456,
        "train.decoder_loss": 0.18671199709177017,
        "train.decoder_acc": 0.9240023013949394,
        "epoch": 4
    },
    {
        "val.encoder_mse": 0.0024846711521968245,
        "val.decoder_loss": 0.1435111290216446,
        "val.decoder_acc": 0.9429601001739502,
        "val.ssim": 0.8007847476005554,
        "val.psnr": 32.28214616775513,
        "val.rsbpp": 0.8859202003479004,
        "train.encoder_mse": 0.0028826611995464192,
        "train.decoder_loss": 0.15786983899772167,
        "train.decoder_acc": 0.9360698691010475,
        "epoch": 5
    },
    {
        "val.encoder_mse": 0.0022276035510003568,
        "val.decoder_loss": 0.13502300575375556,
        "val.decoder_acc": 0.9465020799636841,
        "val.ssim": 0.820010244846344,
        "val.psnr": 32.92053670883179,
        "val.rsbpp": 0.8930041599273681,
        "train.encoder_mse": 0.0022697278729174285,
        "train.decoder_loss": 0.13487072434276343,
        "train.decoder_acc": 0.9458623817563057,
        "epoch": 6
    },
    {
        "val.encoder_mse": 0.0016721625672653318,
        "val.decoder_loss": 0.11222028464078904,
        "val.decoder_acc": 0.9559369587898254,
        "val.ssim": 0.8336548233032226,
        "val.psnr": 33.97361249923706,
        "val.rsbpp": 0.9118739175796509,
        "train.encoder_mse": 0.0019359858089592309,
        "train.decoder_loss": 0.12028434662148356,
        "train.decoder_acc": 0.9516715747117996,
        "epoch": 7
    },
    {
        "val.encoder_mse": 0.001535026968922466,
        "val.decoder_loss": 0.09491414874792099,
        "val.decoder_acc": 0.9634665155410767,
        "val.ssim": 0.8361115312576294,
        "val.psnr": 34.36196870803833,
        "val.rsbpp": 0.9269330310821533,
        "train.encoder_mse": 0.001679468804213684,
        "train.decoder_loss": 0.11045373320579528,
        "train.decoder_acc": 0.9557468715310097,
        "epoch": 8
    },
    {
        "val.encoder_mse": 0.0014480751240625977,
        "val.decoder_loss": 0.08447359144687652,
        "val.decoder_acc": 0.9680063223838806,
        "val.ssim": 0.836848771572113,
        "val.psnr": 34.54974699020386,
        "val.rsbpp": 0.9360126447677612,
        "train.encoder_mse": 0.0015197833350975999,
        "train.decoder_loss": 0.10090357857756317,
        "train.decoder_acc": 0.9596192792057991,
        "epoch": 9
    },
    {
        "val.encoder_mse": 0.0012531158141791821,
        "val.decoder_loss": 0.08660100266337395,
        "val.decoder_acc": 0.9660440587997436,
        "val.ssim": 0.8618966627120972,
        "val.psnr": 35.14320259094238,
        "val.rsbpp": 0.9320881175994873,
        "train.encoder_mse": 0.0013143293169559911,
        "train.decoder_loss": 0.08910090570338071,
        "train.decoder_acc": 0.9647860035300255,
        "epoch": 10
    },
    {
        "val.encoder_mse": 0.0011159362643957138,
        "val.decoder_loss": 0.0714503601193428,
        "val.decoder_acc": 0.972585334777832,
        "val.ssim": 0.8447696948051453,
        "val.psnr": 35.6210334777832,
        "val.rsbpp": 0.9451706695556641,
        "train.encoder_mse": 0.0011820195821928793,
        "train.decoder_loss": 0.08354587205685675,
        "train.decoder_acc": 0.9669971624016762,
        "epoch": 11
    },
    {
        "val.encoder_mse": 0.0011588422278873622,
        "val.decoder_loss": 0.07723057769238949,
        "val.decoder_acc": 0.9697912788391113,
        "val.ssim": 0.8674440360069275,
        "val.psnr": 35.48934316635132,
        "val.rsbpp": 0.9395825576782226,
        "train.encoder_mse": 0.0011012115568155422,
        "train.decoder_loss": 0.07860511081293226,
        "train.decoder_acc": 0.9690514346957206,
        "epoch": 12
    },
    {
        "val.encoder_mse": 0.0011405507242307066,
        "val.decoder_loss": 0.06990626908838748,
        "val.decoder_acc": 0.9733821725845337,
        "val.ssim": 0.8610507988929749,
        "val.psnr": 35.55630121231079,
        "val.rsbpp": 0.9467643451690674,
        "train.encoder_mse": 0.0010454361638403498,
        "train.decoder_loss": 0.07501520623918623,
        "train.decoder_acc": 0.9704386466741561,
        "epoch": 13
    },
    {
        "val.encoder_mse": 0.000873830527998507,
        "val.decoder_loss": 0.061860352493822574,
        "val.decoder_acc": 0.9762844133377075,
        "val.ssim": 0.8741911506652832,
        "val.psnr": 36.697393131256106,
        "val.rsbpp": 0.9525688266754151,
        "train.encoder_mse": 0.0009650750350556337,
        "train.decoder_loss": 0.06831508776638656,
        "train.decoder_acc": 0.9731700882315636,
        "epoch": 14
    },
    {
        "val.encoder_mse": 0.0008499131863936782,
        "val.decoder_loss": 0.05701957520097494,
        "val.decoder_acc": 0.9779635810852051,
        "val.ssim": 0.873333055973053,
        "val.psnr": 36.81282424926758,
        "val.rsbpp": 0.9559271621704102,
        "train.encoder_mse": 0.000913487853249535,
        "train.decoder_loss": 0.06595390205737203,
        "train.decoder_acc": 0.9741279008984566,
        "epoch": 15
    },
    {
        "val.encoder_mse": 0.0008428871282376349,
        "val.decoder_loss": 0.053291914481669665,
        "val.decoder_acc": 0.980024688243866,
        "val.ssim": 0.8764469981193542,
        "val.psnr": 36.91219453811645,
        "val.rsbpp": 0.9600493764877319,
        "train.encoder_mse": 0.0008656698014237918,
        "train.decoder_loss": 0.062006410104222594,
        "train.decoder_acc": 0.9756608778238296,
        "epoch": 16
    },
    {
        "val.encoder_mse": 0.0007384960236959159,
        "val.decoder_loss": 0.05252062991261482,
        "val.decoder_acc": 0.9805165815353394,
        "val.ssim": 0.8890105056762695,
        "val.psnr": 37.418280029296874,
        "val.rsbpp": 0.9610331630706788,
        "train.encoder_mse": 0.0007791794539662078,
        "train.decoder_loss": 0.05678004149347544,
        "train.decoder_acc": 0.9779627275466919,
        "epoch": 17
    },
    {
        "val.encoder_mse": 0.0007275823201052845,
        "val.decoder_loss": 0.05280475415289402,
        "val.decoder_acc": 0.979779863357544,
        "val.ssim": 0.8906943202018738,
        "val.psnr": 37.47694673538208,
        "val.rsbpp": 0.9595597267150879,
        "train.encoder_mse": 0.0007570202359056566,
        "train.decoder_loss": 0.054154352131299675,
        "train.decoder_acc": 0.9790074735879898,
        "epoch": 18
    },
    {
        "val.encoder_mse": 0.0006691190181300044,
        "val.decoder_loss": 0.044190079681575296,
        "val.decoder_acc": 0.9834483051300049,
        "val.ssim": 0.8955705833435058,
        "val.psnr": 37.868675231933594,
        "val.rsbpp": 0.9668966102600097,
        "train.encoder_mse": 0.0006975461337424349,
        "train.decoder_loss": 0.051118480609729885,
        "train.decoder_acc": 0.980272826552391,
        "epoch": 19
    },
    {
        "val.encoder_mse": 0.0006355069787241518,
        "val.decoder_loss": 0.040759838446974755,
        "val.decoder_acc": 0.9849595689773559,
        "val.ssim": 0.8964729619026184,
        "val.psnr": 38.03813247680664,
        "val.rsbpp": 0.969919137954712,
        "train.encoder_mse": 0.0006814091745764017,
        "train.decoder_loss": 0.050414963876828554,
        "train.decoder_acc": 0.9806051471829415,
        "epoch": 20
    },
    {
        "val.encoder_mse": 0.0006249269132968038,
        "val.decoder_loss": 0.03930677361786365,
        "val.decoder_acc": 0.9851877212524414,
        "val.ssim": 0.8950538182258606,
        "val.psnr": 38.12751550674439,
        "val.rsbpp": 0.9703754425048828,
        "train.encoder_mse": 0.000664458287646994,
        "train.decoder_loss": 0.04686029876116663,
        "train.decoder_acc": 0.9821278619766235,
        "epoch": 21
    },
    {
        "val.encoder_mse": 0.0006729964585974812,
        "val.decoder_loss": 0.03802267238497734,
        "val.decoder_acc": 0.9857026267051697,
        "val.ssim": 0.8957307481765747,
        "val.psnr": 37.86534748077393,
        "val.rsbpp": 0.9714052534103393,
        "train.encoder_mse": 0.0006456684973090887,
        "train.decoder_loss": 0.045914697274565694,
        "train.decoder_acc": 0.9824254807829856,
        "epoch": 22
    },
    {
        "val.encoder_mse": 0.0006222508475184441,
        "val.decoder_loss": 0.04544575899839401,
        "val.decoder_acc": 0.9828036212921143,
        "val.ssim": 0.9176350808143616,
        "val.psnr": 38.134180545806885,
        "val.rsbpp": 0.9656072425842285,
        "train.encoder_mse": 0.0006040528601442929,
        "train.decoder_loss": 0.04272545731626451,
        "train.decoder_acc": 0.9836618816852569,
        "epoch": 23
    },
    {
        "val.encoder_mse": 0.0005606877175159753,
        "val.decoder_loss": 0.03878459034487605,
        "val.decoder_acc": 0.9854945969581604,
        "val.ssim": 0.9024255776405334,
        "val.psnr": 38.65835008621216,
        "val.rsbpp": 0.9709891939163208,
        "train.encoder_mse": 0.0006054765310545918,
        "train.decoder_loss": 0.040858064509229734,
        "train.decoder_acc": 0.9844103944301605,
        "epoch": 24
    },
    {
        "val.encoder_mse": 0.0004992257279809564,
        "val.decoder_loss": 0.029931205380707978,
        "val.decoder_acc": 0.9890137386322021,
        "val.ssim": 0.9030574083328247,
        "val.psnr": 39.07681541442871,
        "val.rsbpp": 0.9780274772644043,
        "train.encoder_mse": 0.00056432586745359,
        "train.decoder_loss": 0.038876725742593404,
        "train.decoder_acc": 0.985245204269886,
        "epoch": 25
    },
    {
        "val.encoder_mse": 0.0005249654792714864,
        "val.decoder_loss": 0.03051006333902478,
        "val.decoder_acc": 0.9887349510192871,
        "val.ssim": 0.9111745095252991,
        "val.psnr": 38.85354099273682,
        "val.rsbpp": 0.9774699020385742,
        "train.encoder_mse": 0.0005323336794390343,
        "train.decoder_loss": 0.037862067692913115,
        "train.decoder_acc": 0.9856744769215584,
        "epoch": 26
    },
    {
        "val.encoder_mse": 0.0005182240006979554,
        "val.decoder_loss": 0.029412504862993957,
        "val.decoder_acc": 0.9891652035713195,
        "val.ssim": 0.9099310445785522,
        "val.psnr": 38.96461896896362,
        "val.rsbpp": 0.9783304071426392,
        "train.encoder_mse": 0.0005181619967333973,
        "train.decoder_loss": 0.035608745478093624,
        "train.decoder_acc": 0.9865247070789337,
        "epoch": 27
    },
    {
        "val.encoder_mse": 0.0005402349762152881,
        "val.decoder_loss": 0.030870144087821245,
        "val.decoder_acc": 0.9885750007629395,
        "val.ssim": 0.91067866563797,
        "val.psnr": 38.894890213012694,
        "val.rsbpp": 0.9771500015258789,
        "train.encoder_mse": 0.0005298059448250569,
        "train.decoder_loss": 0.03721476417616941,
        "train.decoder_acc": 0.9860761365294457,
        "epoch": 28
    },
    {
        "val.encoder_mse": 0.0004579612170346081,
        "val.decoder_loss": 0.02899775853380561,
        "val.decoder_acc": 0.9893992280960083,
        "val.ssim": 0.9199848246574401,
        "val.psnr": 39.52986059188843,
        "val.rsbpp": 0.9787984561920166,
        "train.encoder_mse": 0.0004806595302943606,
        "train.decoder_loss": 0.03222796148620546,
        "train.decoder_acc": 0.987903673350811,
        "epoch": 29
    },
    {
        "val.encoder_mse": 0.0005313339899294078,
        "val.decoder_loss": 0.030206672325730325,
        "val.decoder_acc": 0.988850998878479,
        "val.ssim": 0.9140532374382019,
        "val.psnr": 38.86351232528686,
        "val.rsbpp": 0.977701997756958,
        "train.encoder_mse": 0.0004801758049870841,
        "train.decoder_loss": 0.031820472424151376,
        "train.decoder_acc": 0.9880813059210777,
        "epoch": 30
    },
    {
        "val.encoder_mse": 0.0004326189134735614,
        "val.decoder_loss": 0.025571748204529284,
        "val.decoder_acc": 0.9905838012695313,
        "val.ssim": 0.9209087443351746,
        "val.psnr": 39.754736518859865,
        "val.rsbpp": 0.9811676025390625,
        "train.encoder_mse": 0.0004462393630819861,
        "train.decoder_loss": 0.02818781328271143,
        "train.decoder_acc": 0.9894602611660958,
        "epoch": 31
    },
    {
        "val.encoder_mse": 0.00043643723474815486,
        "val.decoder_loss": 0.02738098094239831,
        "val.decoder_acc": 0.9898898863792419,
        "val.ssim": 0.9278961420059204,
        "val.psnr": 39.732989406585695,
        "val.rsbpp": 0.9797797727584839,
        "train.encoder_mse": 0.0004383534657245036,
        "train.decoder_loss": 0.028545753163052724,
        "train.decoder_acc": 0.9893562352657318,
        "epoch": 32
    }
]