[
    {
        "val.encoder_mse": 0.011398954391479492,
        "val.decoder_loss": 0.4374630558490753,
        "val.decoder_acc": 0.8053769302368164,
        "val.ssim": 0.6275123143196106,
        "val.psnr": 25.655256462097167,
        "val.rsbpp": 0.6107538604736328,
        "train.encoder_mse": 0.03833664815640077,
        "train.decoder_loss": 0.5740129646658897,
        "train.decoder_acc": 0.7159937101602555,
        "epoch": 1
    },
    {
        "val.encoder_mse": 0.006002114079892635,
        "val.decoder_loss": 0.2733285003900528,
        "val.decoder_acc": 0.8859719872474671,
        "val.ssim": 0.7036999654769898,
        "val.psnr": 28.45828971862793,
        "val.rsbpp": 0.7719439744949341,
        "train.encoder_mse": 0.008839725039433689,
        "train.decoder_loss": 0.34848858587443826,
        "train.decoder_acc": 0.8493665024638176,
        "epoch": 2
    },
    {
        "val.encoder_mse": 0.004179614163003862,
        "val.decoder_loss": 0.20953583538532258,
        "val.decoder_acc": 0.9145236086845397,
        "val.ssim": 0.7574215507507325,
        "val.psnr": 30.011950778961182,
        "val.rsbpp": 0.8290472173690796,
        "train.encoder_mse": 0.005456847818568349,
        "train.decoder_loss": 0.23937624078243971,
        "train.decoder_acc": 0.9007720571756362,
        "epoch": 3
    },
    {
        "val.encoder_mse": 0.003036536970175803,
        "val.decoder_loss": 0.16531061738729477,
        "val.decoder_acc": 0.9338570213317872,
        "val.ssim": 0.7881192827224731,
        "val.psnr": 31.499944305419923,
        "val.rsbpp": 0.8677140426635742,
        "train.encoder_mse": 0.0038207785540726037,
        "train.decoder_loss": 0.18671161141246556,
        "train.decoder_acc": 0.9240034821629525,
        "epoch": 4
    },
    {
        "val.encoder_mse": 0.0024846781650558116,
        "val.decoder_loss": 0.1435109044611454,
        "val.decoder_acc": 0.9429601073265076,
        "val.ssim": 0.8007842302322388,
        "val.psnr": 32.282132911682126,
        "val.rsbpp": 0.8859202146530152,
        "train.encoder_mse": 0.0028826590959215538,
        "train.decoder_loss": 0.15786987449973822,
        "train.decoder_acc": 0.9360705229640007,
        "epoch": 5
    },
    {
        "val.encoder_mse": 0.00222760041244328,
        "val.decoder_loss": 0.13502353951334953,
        "val.decoder_acc": 0.9465060949325561,
        "val.ssim": 0.8200102615356445,
        "val.psnr": 32.92054090499878,
        "val.rsbpp": 0.8930121898651123,
        "train.encoder_mse": 0.0022697176213841886,
        "train.decoder_loss": 0.1348704263009131,
        "train.decoder_acc": 0.9458627894520759,
        "epoch": 6
    },
    {
        "val.encoder_mse": 0.0016721654264256359,
        "val.decoder_loss": 0.11222005546092988,
        "val.decoder_acc": 0.9559402704238892,
        "val.ssim": 0.8336545085906982,
        "val.psnr": 33.97360162734985,
        "val.rsbpp": 0.9118805408477784,
        "train.encoder_mse": 0.0019359731971053406,
        "train.decoder_loss": 0.12028475373983383,
        "train.decoder_acc": 0.9516712367534638,
        "epoch": 7
    },
    {
        "val.encoder_mse": 0.0015350334020331501,
        "val.decoder_loss": 0.09491451367735863,
        "val.decoder_acc": 0.9634623456001282,
        "val.ssim": 0.8361106300354004,
        "val.psnr": 34.36194314956665,
        "val.rsbpp": 0.9269246912002563,
        "train.encoder_mse": 0.001679458207800053,
        "train.decoder_loss": 0.11045441959053277,
        "train.decoder_acc": 0.9557474040985108,
        "epoch": 8
    },
    {
        "val.encoder_mse": 0.001448059813119471,
        "val.decoder_loss": 0.08447272993624211,
        "val.decoder_acc": 0.9680100274085999,
        "val.ssim": 0.8368485116958618,
        "val.psnr": 34.54979162216186,
        "val.rsbpp": 0.9360200548171997,
        "train.encoder_mse": 0.001519773521577008,
        "train.decoder_loss": 0.10090403751470149,
        "train.decoder_acc": 0.9596191057562828,
        "epoch": 9
    },
    {
        "val.encoder_mse": 0.0012531231646426022,
        "val.decoder_loss": 0.08660231366753578,
        "val.decoder_acc": 0.9660495328903198,
        "val.ssim": 0.8618965816497802,
        "val.psnr": 35.14317722320557,
        "val.rsbpp": 0.9320990657806396,
        "train.encoder_mse": 0.0013143226213287562,
        "train.decoder_loss": 0.08910132007673383,
        "train.decoder_acc": 0.9647860136628151,
        "epoch": 10
    },
    {
        "val.encoder_mse": 0.001115922147873789,
        "val.decoder_loss": 0.07145121484994889,
        "val.decoder_acc": 0.9725863409042358,
        "val.ssim": 0.8447706437110901,
        "val.psnr": 35.621087646484376,
        "val.rsbpp": 0.9451726818084717,
        "train.encoder_mse": 0.0011820116464514286,
        "train.decoder_loss": 0.08354614542797208,
        "train.decoder_acc": 0.9669963532686233,
        "epoch": 11
    },
    {
        "val.encoder_mse": 0.001158850013744086,
        "val.decoder_loss": 0.0772305254638195,
        "val.decoder_acc": 0.9697928237915039,
        "val.ssim": 0.8674434185028076,
        "val.psnr": 35.489306163787845,
        "val.rsbpp": 0.9395856475830078,
        "train.encoder_mse": 0.0011012073274469002,
        "train.decoder_loss": 0.07860542205162346,
        "train.decoder_acc": 0.9690510964393616,
        "epoch": 12
    },
    {
        "val.encoder_mse": 0.001140541066415608,
        "val.decoder_loss": 0.06990655280649662,
        "val.decoder_acc": 0.9733795475959778,
        "val.ssim": 0.8610513782501221,
        "val.psnr": 35.5563422203064,
        "val.rsbpp": 0.9467590951919556,
        "train.encoder_mse": 0.001045429756923113,
        "train.decoder_loss": 0.07501546047162265,
        "train.decoder_acc": 0.970438272356987,
        "epoch": 13
    },
    {
        "val.encoder_mse": 0.0008738223789259791,
        "val.decoder_loss": 0.06186047848314047,
        "val.decoder_acc": 0.9762847232818603,
        "val.ssim": 0.8741913986206055,
        "val.psnr": 36.697433948516846,
        "val.rsbpp": 0.9525694465637207,
        "train.encoder_mse": 0.0009650698493351229,
        "train.decoder_loss": 0.06831543962005526,
        "train.decoder_acc": 0.9731705987453461,
        "epoch": 14
    },
    {
        "val.encoder_mse": 0.0008499120478518308,
        "val.decoder_loss": 0.05701954513788223,
        "val.decoder_acc": 0.9779637312889099,
        "val.ssim": 0.8733337497711182,
        "val.psnr": 36.8128306388855,
        "val.rsbpp": 0.9559274625778198,
        "train.encoder_mse": 0.0009134815155994147,
        "train.decoder_loss": 0.06595478912815451,
        "train.decoder_acc": 0.9741279315948487,
        "epoch": 15
    },
    {
        "val.encoder_mse": 0.0008428944693878293,
        "val.decoder_loss": 0.053290459215641024,
        "val.decoder_acc": 0.9800238466262817,
        "val.ssim": 0.8764464116096496,
        "val.psnr": 36.912152004241946,
        "val.rsbpp": 0.9600476932525634,
        "train.encoder_mse": 0.0008656645592418499,
        "train.decoder_loss": 0.062006603092886504,
        "train.decoder_acc": 0.9756615155935288,
        "epoch": 16
    },
    {
        "val.encoder_mse": 0.0007384931365959347,
        "val.decoder_loss": 0.0525220949575305,
        "val.decoder_acc": 0.980514805316925,
        "val.ssim": 0.8890103554725647,
        "val.psnr": 37.418297100067136,
        "val.rsbpp": 0.9610296106338501,
        "train.encoder_mse": 0.000779179408273194,
        "train.decoder_loss": 0.056780450618825855,
        "train.decoder_acc": 0.9779631733894348,
        "epoch": 17
    },
    {
        "val.encoder_mse": 0.0007275832351297141,
        "val.decoder_loss": 0.05280515186488628,
        "val.decoder_acc": 0.979781403541565,
        "val.ssim": 0.8906933450698853,
        "val.psnr": 37.4769419670105,
        "val.rsbpp": 0.9595628070831299,
        "train.encoder_mse": 0.0007570189052785281,
        "train.decoder_loss": 0.054154483885504305,
        "train.decoder_acc": 0.979007134437561,
        "epoch": 18
    },
    {
        "val.encoder_mse": 0.0006691398308612406,
        "val.decoder_loss": 0.04418957144021988,
        "val.decoder_acc": 0.9834482264518738,
        "val.ssim": 0.8955679178237915,
        "val.psnr": 37.86853141784668,
        "val.rsbpp": 0.9668964529037476,
        "train.encoder_mse": 0.0006975465817959048,
        "train.decoder_loss": 0.05111867961706593,
        "train.decoder_acc": 0.9802726835012436,
        "epoch": 19
    },
    {
        "val.encoder_mse": 0.0006354959309101105,
        "val.decoder_loss": 0.04076226603239775,
        "val.decoder_acc": 0.9849584889411926,
        "val.ssim": 0.8964740991592407,
        "val.psnr": 38.03820676803589,
        "val.rsbpp": 0.9699169778823853,
        "train.encoder_mse": 0.0006814191436569672,
        "train.decoder_loss": 0.05041514954529703,
        "train.decoder_acc": 0.9806050804257392,
        "epoch": 20
    },
    {
        "val.encoder_mse": 0.0006249147525522857,
        "val.decoder_loss": 0.039305191598832605,
        "val.decoder_acc": 0.9851861882209778,
        "val.ssim": 0.8950531911849976,
        "val.psnr": 38.12760429382324,
        "val.rsbpp": 0.9703723764419556,
        "train.encoder_mse": 0.0006644615859840997,
        "train.decoder_loss": 0.04686020511202514,
        "train.decoder_acc": 0.98212846159935,
        "epoch": 21
    },
    {
        "val.encoder_mse": 0.0006729770684614778,
        "val.decoder_loss": 0.038021735586225985,
        "val.decoder_acc": 0.985703239440918,
        "val.ssim": 0.8957298517227172,
        "val.psnr": 37.86547451019287,
        "val.rsbpp": 0.971406478881836,
        "train.encoder_mse": 0.0006456636640359648,
        "train.decoder_loss": 0.045915247034281494,
        "train.decoder_acc": 0.9824250963330269,
        "epoch": 22
    },
    {
        "val.encoder_mse": 0.0006222530454397201,
        "val.decoder_loss": 0.04544476289302111,
        "val.decoder_acc": 0.9828018498420715,
        "val.ssim": 0.9176346611976623,
        "val.psnr": 38.1341630935669,
        "val.rsbpp": 0.9656036996841431,
        "train.encoder_mse": 0.000604052441631211,
        "train.decoder_loss": 0.04272592494264245,
        "train.decoder_acc": 0.9836616885662078,
        "epoch": 23
    },
    {
        "val.encoder_mse": 0.0005606966558843851,
        "val.decoder_loss": 0.03878479639068246,
        "val.decoder_acc": 0.9854951405525207,
        "val.ssim": 0.9024234199523926,
        "val.psnr": 38.658275508880614,
        "val.rsbpp": 0.9709902811050415,
        "train.encoder_mse": 0.0006054734248027671,
        "train.decoder_loss": 0.040858330035116526,
        "train.decoder_acc": 0.9844103643298149,
        "epoch": 24
    },
    {
        "val.encoder_mse": 0.0004992413532454521,
        "val.decoder_loss": 0.02992936466820538,
        "val.decoder_acc": 0.9890141987800598,
        "val.ssim": 0.9030537176132202,
        "val.psnr": 39.07667274475098,
        "val.rsbpp": 0.9780283975601196,
        "train.encoder_mse": 0.0005643158176098951,
        "train.decoder_loss": 0.038877015092875805,
        "train.decoder_acc": 0.9852444899082183,
        "epoch": 25
    },
    {
        "val.encoder_mse": 0.0005249564151745289,
        "val.decoder_loss": 0.030511668622493743,
        "val.decoder_acc": 0.9887364935874939,
        "val.ssim": 0.9111734914779663,
        "val.psnr": 38.853618144989014,
        "val.rsbpp": 0.9774729871749878,
        "train.encoder_mse": 0.0005323306030186359,
        "train.decoder_loss": 0.03786292664473876,
        "train.decoder_acc": 0.9856744396686554,
        "epoch": 26
    },
    {
        "val.encoder_mse": 0.0005182275094557554,
        "val.decoder_loss": 0.029410083834081887,
        "val.decoder_acc": 0.9891630411148071,
        "val.ssim": 0.9099303555488586,
        "val.psnr": 38.9645920753479,
        "val.rsbpp": 0.9783260822296143,
        "train.encoder_mse": 0.0005181656482454855,
        "train.decoder_loss": 0.03560896852053702,
        "train.decoder_acc": 0.986525354385376,
        "epoch": 27
    },
    {
        "val.encoder_mse": 0.0005402366048656404,
        "val.decoder_loss": 0.030869502779096364,
        "val.decoder_acc": 0.9885757756233216,
        "val.ssim": 0.9106780076026917,
        "val.psnr": 38.89486989974976,
        "val.rsbpp": 0.9771515512466431,
        "train.encoder_mse": 0.0005298071472498123,
        "train.decoder_loss": 0.03721497367252596,
        "train.decoder_acc": 0.9860760188102722,
        "epoch": 28
    },
    {
        "val.encoder_mse": 0.0004579730611294508,
        "val.decoder_loss": 0.02899781636893749,
        "val.decoder_acc": 0.9893981456756592,
        "val.ssim": 0.9199830317497253,
        "val.psnr": 39.5297492980957,
        "val.rsbpp": 0.9787962913513184,
        "train.encoder_mse": 0.00048065524591947903,
        "train.decoder_loss": 0.03222809983184561,
        "train.decoder_acc": 0.987903219461441,
        "epoch": 29
    },
    {
        "val.encoder_mse": 0.000531316987471655,
        "val.decoder_loss": 0.030206940285861492,
        "val.decoder_acc": 0.9888517689704895,
        "val.ssim": 0.9140559148788452,
        "val.psnr": 38.863659381866455,
        "val.rsbpp": 0.977703537940979,
        "train.encoder_mse": 0.0004801685175334569,
        "train.decoder_loss": 0.03182124120765366,
        "train.decoder_acc": 0.9880820977687835,
        "epoch": 30
    },
    {
        "val.encoder_mse": 0.00043261728249490263,
        "val.decoder_loss": 0.02557111330330372,
        "val.decoder_acc": 0.9905879592895508,
        "val.ssim": 0.9209078812599182,
        "val.psnr": 39.754742813110354,
        "val.rsbpp": 0.9811759185791016,
        "train.encoder_mse": 0.0004462318572041113,
        "train.decoder_loss": 0.02818804085138254,
        "train.decoder_acc": 0.9894600576162338,
        "epoch": 31
    },
    {
        "val.encoder_mse": 0.0004364429460838437,
        "val.decoder_loss": 0.027378362044692038,
        "val.decoder_acc": 0.9898921251296997,
        "val.ssim": 0.927894515991211,
        "val.psnr": 39.732927322387695,
        "val.rsbpp": 0.9797842502593994,
        "train.encoder_mse": 0.0004383509192848578,
        "train.decoder_loss": 0.028545214663026855,
        "train.decoder_acc": 0.9893560630083084,
        "epoch": 32
    }
]