[
    {
        "val.encoder_mse": 0.0207022101059556,
        "val.decoder_loss": 0.580452024936676,
        "val.decoder_acc": 0.7098222422599793,
        "val.cover_score": -0.02733263909816742,
        "val.generated_score": -0.0217419620603323,
        "val.ssim": 0.6222386908531189,
        "val.psnr": 23.05896100997925,
        "val.rsbpp": 0.4196444845199585,
        "train.encoder_mse": 0.05318296833429485,
        "train.decoder_loss": 0.6319790798425674,
        "train.decoder_acc": 0.6579833500087261,
        "train.cover_score": -0.027949644550681114,
        "train.generated_score": -0.012639539305819198,
        "epoch": 1
    },
    {
        "val.encoder_mse": 0.010692013427615166,
        "val.decoder_loss": 0.44161361932754517,
        "val.decoder_acc": 0.797777795791626,
        "val.cover_score": -0.023752675727009773,
        "val.generated_score": -0.0006917173415422439,
        "val.ssim": 0.7123962569236756,
        "val.psnr": 26.239131736755372,
        "val.rsbpp": 0.595555591583252,
        "train.encoder_mse": 0.015087322114268317,
        "train.decoder_loss": 0.5051298166811466,
        "train.decoder_acc": 0.7594305753707886,
        "train.cover_score": -0.02784708215855062,
        "train.generated_score": -0.007468882239190861,
        "epoch": 2
    },
    {
        "val.encoder_mse": 0.007457448244094849,
        "val.decoder_loss": 0.3462047815322876,
        "val.decoder_acc": 0.8486333560943603,
        "val.cover_score": -0.026770189478993414,
        "val.generated_score": -0.005410835519433022,
        "val.ssim": 0.7339402604103088,
        "val.psnr": 27.815083026885986,
        "val.rsbpp": 0.6972667121887207,
        "train.encoder_mse": 0.009525370793417096,
        "train.decoder_loss": 0.396924797296524,
        "train.decoder_acc": 0.8209639102220535,
        "train.cover_score": -0.02702422134578228,
        "train.generated_score": 0.006763846757821739,
        "epoch": 3
    },
    {
        "val.encoder_mse": 0.004677788242697716,
        "val.decoder_loss": 0.25755286693573,
        "val.decoder_acc": 0.8933333587646485,
        "val.cover_score": -0.02400239512324333,
        "val.generated_score": -0.004839470237493515,
        "val.ssim": 0.7883366203308105,
        "val.psnr": 29.58829402923584,
        "val.rsbpp": 0.7866667175292968,
        "train.encoder_mse": 0.006446508461958728,
        "train.decoder_loss": 0.2946796803921461,
        "train.decoder_acc": 0.8754708546400071,
        "train.cover_score": -0.027290012668818236,
        "train.generated_score": 0.0056550635444000364,
        "epoch": 4
    },
    {
        "val.encoder_mse": 0.003322293143719435,
        "val.decoder_loss": 0.1998043343424797,
        "val.decoder_acc": 0.9206444668769836,
        "val.cover_score": -0.028178069442510605,
        "val.generated_score": -0.0086135832965374,
        "val.ssim": 0.8178850960731506,
        "val.psnr": 31.292372512817384,
        "val.rsbpp": 0.8412889337539673,
        "train.encoder_mse": 0.004855800681980327,
        "train.decoder_loss": 0.24252375543117524,
        "train.decoder_acc": 0.8997889089584351,
        "train.cover_score": -0.025323596526868643,
        "train.generated_score": 0.010117129455320537,
        "epoch": 5
    },
    {
        "val.encoder_mse": 0.003101763962768018,
        "val.decoder_loss": 0.1990064463019371,
        "val.decoder_acc": 0.9187555766105652,
        "val.cover_score": -0.0271236252784729,
        "val.generated_score": -0.0160967318713665,
        "val.ssim": 0.8439570498466492,
        "val.psnr": 31.540543460845946,
        "val.rsbpp": 0.8375111532211303,
        "train.encoder_mse": 0.003894056965364143,
        "train.decoder_loss": 0.20570495899766683,
        "train.decoder_acc": 0.9154986336827278,
        "train.cover_score": -0.02480484071187675,
        "train.generated_score": 0.004913143157027662,
        "epoch": 6
    },
    {
        "val.encoder_mse": 0.002781885894946754,
        "val.decoder_loss": 0.1646835371851921,
        "val.decoder_acc": 0.9335555815696717,
        "val.cover_score": -0.022889474928379058,
        "val.generated_score": -0.016027765199542045,
        "val.ssim": 0.8438138127326965,
        "val.psnr": 31.925305366516113,
        "val.rsbpp": 0.8671111631393432,
        "train.encoder_mse": 0.0030767760815797376,
        "train.decoder_loss": 0.1792286417633295,
        "train.decoder_acc": 0.9269430786371231,
        "train.cover_score": -0.025256755081936717,
        "train.generated_score": 0.009879051344469189,
        "epoch": 7
    },
    {
        "val.encoder_mse": 0.002258783127181232,
        "val.decoder_loss": 0.13570232689380646,
        "val.decoder_acc": 0.9479222416877746,
        "val.cover_score": -0.02036308228969574,
        "val.generated_score": -0.03241494730114937,
        "val.ssim": 0.8503655481338501,
        "val.psnr": 32.67303695678711,
        "val.rsbpp": 0.8958444833755493,
        "train.encoder_mse": 0.002933428633841686,
        "train.decoder_loss": 0.16572593120858073,
        "train.decoder_acc": 0.9340180775523186,
        "train.cover_score": -0.023728281459771097,
        "train.generated_score": 0.01490926961414516,
        "epoch": 8
    },
    {
        "val.encoder_mse": 0.001896930574439466,
        "val.decoder_loss": 0.1048898696899414,
        "val.decoder_acc": 0.9618000245094299,
        "val.cover_score": -0.026626411080360412,
        "val.generated_score": -0.06941150590777397,
        "val.ssim": 0.8523568296432495,
        "val.psnr": 33.53654565811157,
        "val.rsbpp": 0.9236000490188598,
        "train.encoder_mse": 0.0025406493147602303,
        "train.decoder_loss": 0.1496716810949147,
        "train.decoder_acc": 0.940800022482872,
        "train.cover_score": -0.023894861140288413,
        "train.generated_score": 0.04952172642573714,
        "epoch": 9
    },
    {
        "val.encoder_mse": 0.0017490682704374193,
        "val.decoder_loss": 0.1181337694823742,
        "val.decoder_acc": 0.9548666930198669,
        "val.cover_score": -0.020684933364391325,
        "val.generated_score": -0.08697762668132782,
        "val.ssim": 0.857906517982483,
        "val.psnr": 33.715797138214114,
        "val.rsbpp": 0.9097333860397339,
        "train.encoder_mse": 0.0023023913113866,
        "train.decoder_loss": 0.13873007468879223,
        "train.decoder_acc": 0.9448611333966255,
        "train.cover_score": -0.025755274398252367,
        "train.generated_score": 0.041063178330659866,
        "epoch": 10
    },
    {
        "val.encoder_mse": 0.001851210743188858,
        "val.decoder_loss": 0.11795105822384358,
        "val.decoder_acc": 0.9548333597183227,
        "val.cover_score": -0.024095698595046997,
        "val.generated_score": -0.08858338981866837,
        "val.ssim": 0.8553807663917542,
        "val.psnr": 33.75416774749756,
        "val.rsbpp": 0.9096667194366455,
        "train.encoder_mse": 0.0022025139920879154,
        "train.decoder_loss": 0.12915907404385507,
        "train.decoder_acc": 0.948834744989872,
        "train.cover_score": -0.02346157994121313,
        "train.generated_score": 0.07395290634594857,
        "epoch": 11
    },
    {
        "val.encoder_mse": 0.0018834483856335282,
        "val.decoder_loss": 0.12063981533050537,
        "val.decoder_acc": 0.9534444642066956,
        "val.cover_score": -0.017263778001070023,
        "val.generated_score": -0.17515302062034607,
        "val.ssim": 0.8755442047119141,
        "val.psnr": 33.46849927902222,
        "val.rsbpp": 0.9068889284133911,
        "train.encoder_mse": 0.0018995510469540023,
        "train.decoder_loss": 0.12250388879328966,
        "train.decoder_acc": 0.9519250202178955,
        "train.cover_score": -0.025950185153633357,
        "train.generated_score": 0.07444486720487475,
        "epoch": 12
    },
    {
        "val.encoder_mse": 0.0015574865555390716,
        "val.decoder_loss": 0.09908673353493214,
        "val.decoder_acc": 0.961888906955719,
        "val.cover_score": -0.032274473011493686,
        "val.generated_score": -0.14656841069459914,
        "val.ssim": 0.8750165987014771,
        "val.psnr": 34.289612865448,
        "val.rsbpp": 0.923777813911438,
        "train.encoder_mse": 0.001911573805846274,
        "train.decoder_loss": 0.1186551111098379,
        "train.decoder_acc": 0.953880580663681,
        "train.cover_score": -0.025478029195219278,
        "train.generated_score": 0.16772934632375835,
        "epoch": 13
    },
    {
        "val.encoder_mse": 0.0015900509641505777,
        "val.decoder_loss": 0.11292298682034016,
        "val.decoder_acc": 0.9564444637298584,
        "val.cover_score": -0.02967439457774162,
        "val.generated_score": -0.21820049464702607,
        "val.ssim": 0.8745819783210754,
        "val.psnr": 34.2448112487793,
        "val.rsbpp": 0.9128889274597168,
        "train.encoder_mse": 0.0016443255040212534,
        "train.decoder_loss": 0.10900182394310833,
        "train.decoder_acc": 0.957408356666565,
        "train.cover_score": -0.02779056504368782,
        "train.generated_score": 0.15151548553258182,
        "epoch": 14
    },
    {
        "val.encoder_mse": 0.0014004598488099873,
        "val.decoder_loss": 0.09956870824098588,
        "val.decoder_acc": 0.9629000306129456,
        "val.cover_score": -0.026476143300533293,
        "val.generated_score": -0.02993647426366806,
        "val.ssim": 0.894547073841095,
        "val.psnr": 35.08798313140869,
        "val.rsbpp": 0.9258000612258911,
        "train.encoder_mse": 0.0013747975515434518,
        "train.decoder_loss": 0.1012304890435189,
        "train.decoder_acc": 0.9612555778026581,
        "train.cover_score": -0.02636667729355395,
        "train.generated_score": -0.05624964835122228,
        "epoch": 15
    },
    {
        "val.encoder_mse": 0.00099574574502185,
        "val.decoder_loss": 0.07665798671543599,
        "val.decoder_acc": 0.9720666861534119,
        "val.cover_score": -0.03288441836833954,
        "val.generated_score": -0.037489985823631285,
        "val.ssim": 0.8975989842414855,
        "val.psnr": 36.156075382232665,
        "val.rsbpp": 0.9441333723068237,
        "train.encoder_mse": 0.0012402489336091093,
        "train.decoder_loss": 0.09447398368269205,
        "train.decoder_acc": 0.9633833551406861,
        "train.cover_score": -0.022814690005034208,
        "train.generated_score": -0.026765962187200783,
        "epoch": 16
    },
    {
        "val.encoder_mse": 0.0010953852976672352,
        "val.decoder_loss": 0.09276887234300375,
        "val.decoder_acc": 0.9655111336708069,
        "val.cover_score": -0.030764994621276857,
        "val.generated_score": -0.03359129011631012,
        "val.ssim": 0.9096826696395874,
        "val.psnr": 35.8747462272644,
        "val.rsbpp": 0.9310222673416138,
        "train.encoder_mse": 0.001109238360368181,
        "train.decoder_loss": 0.08647885905113072,
        "train.decoder_acc": 0.9672986376285553,
        "train.cover_score": -0.025083400253206493,
        "train.generated_score": -0.02839466913603246,
        "epoch": 17
    },
    {
        "val.encoder_mse": 0.0010960321826860308,
        "val.decoder_loss": 0.06897686850279569,
        "val.decoder_acc": 0.9741444683074951,
        "val.cover_score": -0.02508449137210846,
        "val.generated_score": -0.026559659242630006,
        "val.ssim": 0.8861354899406433,
        "val.psnr": 36.09127407073974,
        "val.rsbpp": 0.9482889366149903,
        "train.encoder_mse": 0.001130585529608652,
        "train.decoder_loss": 0.08786216954700649,
        "train.decoder_acc": 0.9665014135837555,
        "train.cover_score": -0.02672972057014704,
        "train.generated_score": -0.028499141167849303,
        "epoch": 18
    },
    {
        "val.encoder_mse": 0.0009381061349995434,
        "val.decoder_loss": 0.07847298637032508,
        "val.decoder_acc": 0.970522243976593,
        "val.cover_score": -0.027026164010167122,
        "val.generated_score": -0.028955529853701593,
        "val.ssim": 0.9053627705574036,
        "val.psnr": 36.62236166000366,
        "val.rsbpp": 0.9410444879531861,
        "train.encoder_mse": 0.0009913681517355144,
        "train.decoder_loss": 0.07514459864236414,
        "train.decoder_acc": 0.9715416908264161,
        "train.cover_score": -0.031165163107216357,
        "train.generated_score": -0.033292106594890354,
        "epoch": 19
    },
    {
        "val.encoder_mse": 0.0008504556328989565,
        "val.decoder_loss": 0.06318597756326198,
        "val.decoder_acc": 0.9773000288009643,
        "val.cover_score": -0.031704245805740355,
        "val.generated_score": -0.032485501766204836,
        "val.ssim": 0.9036788606643676,
        "val.psnr": 36.77931699752808,
        "val.rsbpp": 0.9546000576019287,
        "train.encoder_mse": 0.0009548511906177737,
        "train.decoder_loss": 0.07281270385487006,
        "train.decoder_acc": 0.9729444664716721,
        "train.cover_score": -0.026178924180567265,
        "train.generated_score": -0.027709088269621134,
        "epoch": 20
    },
    {
        "val.encoder_mse": 0.0008917287550866604,
        "val.decoder_loss": 0.06737873695790768,
        "val.decoder_acc": 0.9744778060913086,
        "val.cover_score": -0.02209580481052399,
        "val.generated_score": -0.022280620634555815,
        "val.ssim": 0.9054834365844726,
        "val.psnr": 36.71060485839844,
        "val.rsbpp": 0.9489556121826171,
        "train.encoder_mse": 0.0008687194052617997,
        "train.decoder_loss": 0.06600898721721023,
        "train.decoder_acc": 0.9751264131069184,
        "train.cover_score": -0.03399518467485905,
        "train.generated_score": -0.03316411729902029,
        "epoch": 21
    },
    {
        "val.encoder_mse": 0.0008425448229536414,
        "val.decoder_loss": 0.06479829534888268,
        "val.decoder_acc": 0.9762000226974488,
        "val.cover_score": -0.024722999930381774,
        "val.generated_score": -0.02634592980146408,
        "val.ssim": 0.9138109469413758,
        "val.psnr": 36.85389566421509,
        "val.rsbpp": 0.9524000453948974,
        "train.encoder_mse": 0.000867304167477414,
        "train.decoder_loss": 0.06773651138180867,
        "train.decoder_acc": 0.9747194689512253,
        "train.cover_score": -0.030664555542171002,
        "train.generated_score": -0.03019808229058981,
        "epoch": 22
    },
    {
        "val.encoder_mse": 0.0008993438445031643,
        "val.decoder_loss": 0.0753391101397574,
        "val.decoder_acc": 0.9716555833816528,
        "val.cover_score": -0.03138243794441223,
        "val.generated_score": -0.031836900115013125,
        "val.ssim": 0.916383593082428,
        "val.psnr": 36.62776699066162,
        "val.rsbpp": 0.9433111667633056,
        "train.encoder_mse": 0.0007992149153142236,
        "train.decoder_loss": 0.06378018175717443,
        "train.decoder_acc": 0.9760597452521325,
        "train.cover_score": -0.029182038130238654,
        "train.generated_score": -0.029220117498189212,
        "epoch": 23
    },
    {
        "val.encoder_mse": 0.0008639027341268957,
        "val.decoder_loss": 0.0509959714114666,
        "val.decoder_acc": 0.9812222456932068,
        "val.cover_score": -0.029020934402942657,
        "val.generated_score": -0.042363034337759016,
        "val.ssim": 0.9092055892944336,
        "val.psnr": 36.87168197631836,
        "val.rsbpp": 0.9624444913864135,
        "train.encoder_mse": 0.0008814071145025082,
        "train.decoder_loss": 0.0668757297261618,
        "train.decoder_acc": 0.9748847460746766,
        "train.cover_score": -0.02753070019185543,
        "train.generated_score": -0.024130643010139466,
        "epoch": 24
    },
    {
        "val.encoder_mse": 0.0009632165404036641,
        "val.decoder_loss": 0.04936832435429096,
        "val.decoder_acc": 0.9823555827140809,
        "val.cover_score": -0.03113210529088974,
        "val.generated_score": -0.0961590702086687,
        "val.ssim": 0.9136111664772034,
        "val.psnr": 36.40503101348877,
        "val.rsbpp": 0.9647111654281616,
        "train.encoder_mse": 0.0009585426453850233,
        "train.decoder_loss": 0.06195350317284465,
        "train.decoder_acc": 0.9768514156341552,
        "train.cover_score": -0.024073172584176062,
        "train.generated_score": 0.0324792380258441,
        "epoch": 25
    },
    {
        "val.encoder_mse": 0.0010957665299065411,
        "val.decoder_loss": 0.05286342415958643,
        "val.decoder_acc": 0.9800111341476441,
        "val.cover_score": -0.03894523292779922,
        "val.generated_score": -0.13115792363882064,
        "val.ssim": 0.9023858928680419,
        "val.psnr": 35.79796152114868,
        "val.rsbpp": 0.9600222682952881,
        "train.encoder_mse": 0.0009861240308964626,
        "train.decoder_loss": 0.059331333520822226,
        "train.decoder_acc": 0.9781486335396766,
        "train.cover_score": -0.020705399718135595,
        "train.generated_score": 0.0205557700432837,
        "epoch": 26
    },
    {
        "val.encoder_mse": 0.001011565171647817,
        "val.decoder_loss": 0.06112250152975321,
        "val.decoder_acc": 0.9775222444534302,
        "val.cover_score": -0.043370342552661895,
        "val.generated_score": -0.11367984831333161,
        "val.ssim": 0.9137660217285156,
        "val.psnr": 36.08195581436157,
        "val.rsbpp": 0.9550444889068603,
        "train.encoder_mse": 0.000963320097362157,
        "train.decoder_loss": 0.05507219709455967,
        "train.decoder_acc": 0.9793930795788764,
        "train.cover_score": -0.034809713852591816,
        "train.generated_score": 0.089459682055749,
        "epoch": 27
    },
    {
        "val.encoder_mse": 0.0009402566030621528,
        "val.decoder_loss": 0.062175181545317176,
        "val.decoder_acc": 0.977333357334137,
        "val.cover_score": -0.022678223848342897,
        "val.generated_score": -0.18351758360862733,
        "val.ssim": 0.912699909210205,
        "val.psnr": 36.45985631942749,
        "val.rsbpp": 0.9546667146682739,
        "train.encoder_mse": 0.0010461678510182537,
        "train.decoder_loss": 0.06198099527042359,
        "train.decoder_acc": 0.9765139117836952,
        "train.cover_score": -0.024941477607935667,
        "train.generated_score": 0.13839984357357024,
        "epoch": 28
    },
    {
        "val.encoder_mse": 0.0009369608340784908,
        "val.decoder_loss": 0.0720118348300457,
        "val.decoder_acc": 0.9728444671630859,
        "val.cover_score": -0.0033035805821418763,
        "val.generated_score": -0.1858029344677925,
        "val.ssim": 0.9194472813606263,
        "val.psnr": 36.368923377990725,
        "val.rsbpp": 0.9456889343261718,
        "train.encoder_mse": 0.001057954266143497,
        "train.decoder_loss": 0.06215070233680308,
        "train.decoder_acc": 0.9767541891336441,
        "train.cover_score": -0.023559166863560677,
        "train.generated_score": 0.18988778552040458,
        "epoch": 29
    },
    {
        "val.encoder_mse": 0.0006781873479485512,
        "val.decoder_loss": 0.042468163780868054,
        "val.decoder_acc": 0.9847000217437745,
        "val.cover_score": -0.00010008960962295532,
        "val.generated_score": -0.03797496110200882,
        "val.ssim": 0.9292625093460083,
        "val.psnr": 37.81772623062134,
        "val.rsbpp": 0.9694000434875488,
        "train.encoder_mse": 0.0007517077286320273,
        "train.decoder_loss": 0.053250298376660794,
        "train.decoder_acc": 0.9799750250577927,
        "train.cover_score": -0.030616735890507698,
        "train.generated_score": -0.03660428587347269,
        "epoch": 30
    },
    {
        "val.encoder_mse": 0.0006820835336111486,
        "val.decoder_loss": 0.04759325373917818,
        "val.decoder_acc": 0.9826333546638488,
        "val.cover_score": -0.024375365376472474,
        "val.generated_score": -0.0829998517036438,
        "val.ssim": 0.9281012845039368,
        "val.psnr": 37.78757743835449,
        "val.rsbpp": 0.9652667093276978,
        "train.encoder_mse": 0.00070782364171464,
        "train.decoder_loss": 0.053306306235026565,
        "train.decoder_acc": 0.9803486362099647,
        "train.cover_score": -0.029315318921580912,
        "train.generated_score": -0.018107022810727357,
        "epoch": 31
    },
    {
        "val.encoder_mse": 0.0008377354172989727,
        "val.decoder_loss": 0.052745892778038976,
        "val.decoder_acc": 0.9803111267089843,
        "val.cover_score": -0.03108205586671829,
        "val.generated_score": -0.1885852360725403,
        "val.ssim": 0.9144164609909058,
        "val.psnr": 36.8493034362793,
        "val.rsbpp": 0.9606222534179687,
        "train.encoder_mse": 0.000981878099264577,
        "train.decoder_loss": 0.05640839976491407,
        "train.decoder_acc": 0.9791000247001648,
        "train.cover_score": -0.028363883942365647,
        "train.generated_score": 0.11951481683179736,
        "epoch": 32
    }
]