[
    {
        "val.encoder_mse": 0.06825030669569969,
        "val.decoder_loss": 0.6802055740356445,
        "val.decoder_acc": 0.5951511597633362,
        "val.cover_score": 0.04574895113706589,
        "val.generated_score": 0.04583265468478203,
        "val.ssim": 0.29891160011291507,
        "val.psnr": 17.749018287658693,
        "val.rsbpp": 0.19030231952667237,
        "train.encoder_mse": 0.13839193388819696,
        "train.decoder_loss": 0.6969562482833862,
        "train.decoder_acc": 0.5340153539180755,
        "train.cover_score": 0.04571385681629181,
        "train.generated_score": 0.04591039627790451,
        "epoch": 1
    },
    {
        "val.encoder_mse": 0.04529846414923668,
        "val.decoder_loss": 0.6640184307098389,
        "val.decoder_acc": 0.6545964503288269,
        "val.cover_score": 0.04571673393249512,
        "val.generated_score": 0.04592585816979408,
        "val.ssim": 0.38724244475364683,
        "val.psnr": 19.529983377456666,
        "val.rsbpp": 0.3091929006576538,
        "train.encoder_mse": 0.05449169889092445,
        "train.decoder_loss": 0.6726258778572083,
        "train.decoder_acc": 0.6262515425682068,
        "train.cover_score": 0.04570500716567039,
        "train.generated_score": 0.045885471254587175,
        "epoch": 2
    },
    {
        "val.encoder_mse": 0.031834776699543,
        "val.decoder_loss": 0.6484781122207641,
        "val.decoder_acc": 0.6873510766029358,
        "val.cover_score": 0.045737629532814024,
        "val.generated_score": 0.046146026253700255,
        "val.ssim": 0.4470968198776245,
        "val.psnr": 21.101089429855346,
        "val.rsbpp": 0.3747021532058716,
        "train.encoder_mse": 0.03814323842525482,
        "train.decoder_loss": 0.6564447069168091,
        "train.decoder_acc": 0.6737597227096558,
        "train.cover_score": 0.04570788890123367,
        "train.generated_score": 0.04603783741593361,
        "epoch": 3
    },
    {
        "val.encoder_mse": 0.025528032220900058,
        "val.decoder_loss": 0.6314458346366882,
        "val.decoder_acc": 0.6997591018676758,
        "val.cover_score": 0.045771393775939945,
        "val.generated_score": 0.046384466737508775,
        "val.ssim": 0.5086386549472809,
        "val.psnr": 22.10611515045166,
        "val.rsbpp": 0.3995182037353516,
        "train.encoder_mse": 0.028273987397551537,
        "train.decoder_loss": 0.6397789669036865,
        "train.decoder_acc": 0.6959836411476136,
        "train.cover_score": 0.045758371651172636,
        "train.generated_score": 0.0462117038667202,
        "epoch": 4
    },
    {
        "val.encoder_mse": 0.021118225567042827,
        "val.decoder_loss": 0.6107159209251404,
        "val.decoder_acc": 0.7168219923973084,
        "val.cover_score": 0.0457320174574852,
        "val.generated_score": 0.04666342973709106,
        "val.ssim": 0.5423124706745148,
        "val.psnr": 22.927515506744385,
        "val.rsbpp": 0.4336439847946167,
        "train.encoder_mse": 0.022311244681477545,
        "train.decoder_loss": 0.6205095720291137,
        "train.decoder_acc": 0.7114157366752625,
        "train.cover_score": 0.04574579581618309,
        "train.generated_score": 0.04651964038610459,
        "epoch": 5
    },
    {
        "val.encoder_mse": 0.017823954112827778,
        "val.decoder_loss": 0.5926105499267578,
        "val.decoder_acc": 0.7231445956230164,
        "val.cover_score": 0.0457402640581131,
        "val.generated_score": 0.047067000418901446,
        "val.ssim": 0.5875468730926514,
        "val.psnr": 23.599744701385497,
        "val.rsbpp": 0.4462891912460327,
        "train.encoder_mse": 0.018231481425464154,
        "train.decoder_loss": 0.5952068305015564,
        "train.decoder_acc": 0.7299769258499146,
        "train.cover_score": 0.04572994112968445,
        "train.generated_score": 0.04698160380125046,
        "epoch": 6
    },
    {
        "val.encoder_mse": 0.014692603126168251,
        "val.decoder_loss": 0.5526777625083923,
        "val.decoder_acc": 0.7512031626701355,
        "val.cover_score": 0.04581334918737411,
        "val.generated_score": 0.048029952496290204,
        "val.ssim": 0.5850923192501069,
        "val.psnr": 24.48149709701538,
        "val.rsbpp": 0.502406325340271,
        "train.encoder_mse": 0.016121527217328548,
        "train.decoder_loss": 0.5749543404579163,
        "train.decoder_acc": 0.735703547000885,
        "train.cover_score": 0.045733457803726195,
        "train.generated_score": 0.04749278798699379,
        "epoch": 7
    },
    {
        "val.encoder_mse": 0.013182922881096602,
        "val.decoder_loss": 0.5352675223350525,
        "val.decoder_acc": 0.7525655055046081,
        "val.cover_score": 0.04575088784098625,
        "val.generated_score": 0.0485891230404377,
        "val.ssim": 0.633495786190033,
        "val.psnr": 24.993645191192627,
        "val.rsbpp": 0.5051310110092163,
        "train.encoder_mse": 0.013624235708266496,
        "train.decoder_loss": 0.5432753217220306,
        "train.decoder_acc": 0.7516807079315185,
        "train.cover_score": 0.04574187278747559,
        "train.generated_score": 0.048483709394931795,
        "epoch": 8
    },
    {
        "val.encoder_mse": 0.011383372526615858,
        "val.decoder_loss": 0.5000758612155914,
        "val.decoder_acc": 0.7731580162048339,
        "val.cover_score": 0.04577522575855255,
        "val.generated_score": 0.050338688492774966,
        "val.ssim": 0.6298096156120301,
        "val.psnr": 25.67886734008789,
        "val.rsbpp": 0.546316032409668,
        "train.encoder_mse": 0.013226474449038506,
        "train.decoder_loss": 0.5237101185321807,
        "train.decoder_acc": 0.7571573352813721,
        "train.cover_score": 0.04571712970733643,
        "train.generated_score": 0.04938378870487213,
        "epoch": 9
    },
    {
        "val.encoder_mse": 0.010709189251065255,
        "val.decoder_loss": 0.48270093560218813,
        "val.decoder_acc": 0.7824150490760803,
        "val.cover_score": 0.04570168510079384,
        "val.generated_score": 0.051257675737142565,
        "val.ssim": 0.6604519605636596,
        "val.psnr": 25.85643892288208,
        "val.rsbpp": 0.5648300981521607,
        "train.encoder_mse": 0.01196861756965518,
        "train.decoder_loss": 0.4975425493717194,
        "train.decoder_acc": 0.7719692087173462,
        "train.cover_score": 0.045793844014406206,
        "train.generated_score": 0.050828871726989744,
        "epoch": 10
    },
    {
        "val.encoder_mse": 0.009646517913788557,
        "val.decoder_loss": 0.45675421833992,
        "val.decoder_acc": 0.7965131187438965,
        "val.cover_score": 0.04569154858589172,
        "val.generated_score": 0.053533960431814194,
        "val.ssim": 0.6659438765048981,
        "val.psnr": 26.334445571899415,
        "val.rsbpp": 0.5930262374877929,
        "train.encoder_mse": 0.010216126777231693,
        "train.decoder_loss": 0.46623602628707883,
        "train.decoder_acc": 0.7915172076225281,
        "train.cover_score": 0.04578385904431343,
        "train.generated_score": 0.05260112896561622,
        "epoch": 11
    },
    {
        "val.encoder_mse": 0.008472073376178741,
        "val.decoder_loss": 0.4205800902843475,
        "val.decoder_acc": 0.8190450549125672,
        "val.cover_score": 0.04580355986952782,
        "val.generated_score": 0.056352464258670805,
        "val.ssim": 0.6889621543884278,
        "val.psnr": 26.900312423706055,
        "val.rsbpp": 0.6380901098251343,
        "train.encoder_mse": 0.008501689601689576,
        "train.decoder_loss": 0.4296063959598541,
        "train.decoder_acc": 0.8149733781814575,
        "train.cover_score": 0.04572241261601448,
        "train.generated_score": 0.0560349428653717,
        "epoch": 12
    },
    {
        "val.encoder_mse": 0.008224172070622444,
        "val.decoder_loss": 0.4005506527423859,
        "val.decoder_acc": 0.8299557876586914,
        "val.cover_score": 0.04579635471105575,
        "val.generated_score": 0.058874022662639615,
        "val.ssim": 0.6919917297363282,
        "val.psnr": 27.087159061431883,
        "val.rsbpp": 0.6599115753173828,
        "train.encoder_mse": 0.009229839220643044,
        "train.decoder_loss": 0.41980082511901856,
        "train.decoder_acc": 0.8178135013580322,
        "train.cover_score": 0.04572167113423348,
        "train.generated_score": 0.05807281613349915,
        "epoch": 13
    },
    {
        "val.encoder_mse": 0.006828933507204055,
        "val.decoder_loss": 0.36414353489875795,
        "val.decoder_acc": 0.8504194378852844,
        "val.cover_score": 0.04575353264808655,
        "val.generated_score": 0.062384301126003266,
        "val.ssim": 0.6850190162658691,
        "val.psnr": 27.78560342788696,
        "val.rsbpp": 0.7008388757705688,
        "train.encoder_mse": 0.007885050103068352,
        "train.decoder_loss": 0.3854214096069336,
        "train.decoder_acc": 0.837787036895752,
        "train.cover_score": 0.04570046231150627,
        "train.generated_score": 0.06109186604619026,
        "epoch": 14
    },
    {
        "val.encoder_mse": 0.006801034258678555,
        "val.decoder_loss": 0.34281833469867706,
        "val.decoder_acc": 0.8625043964385987,
        "val.cover_score": 0.0458202089369297,
        "val.generated_score": 0.06439143612980842,
        "val.ssim": 0.6943575477600098,
        "val.psnr": 27.96717462539673,
        "val.rsbpp": 0.7250087928771972,
        "train.encoder_mse": 0.006464606281369924,
        "train.decoder_loss": 0.35228204011917114,
        "train.decoder_acc": 0.8559816384315491,
        "train.cover_score": 0.04577090457081795,
        "train.generated_score": 0.06314979910850525,
        "epoch": 15
    },
    {
        "val.encoder_mse": 0.0068532528262585405,
        "val.decoder_loss": 0.3338817620277405,
        "val.decoder_acc": 0.8632373404502869,
        "val.cover_score": 0.045682151168584824,
        "val.generated_score": 0.06593999430537224,
        "val.ssim": 0.6779667210578918,
        "val.psnr": 27.785475063323975,
        "val.rsbpp": 0.7264746809005738,
        "train.encoder_mse": 0.006816231962293386,
        "train.decoder_loss": 0.3393038737773895,
        "train.decoder_acc": 0.86150794506073,
        "train.cover_score": 0.045797794908285144,
        "train.generated_score": 0.06481581285595894,
        "epoch": 16
    },
    {
        "val.encoder_mse": 0.006099825417622924,
        "val.decoder_loss": 0.30380896985530853,
        "val.decoder_acc": 0.878544671535492,
        "val.cover_score": 0.045840103030204776,
        "val.generated_score": 0.06807579979300499,
        "val.ssim": 0.7018994903564453,
        "val.psnr": 28.320205783843996,
        "val.rsbpp": 0.7570893430709839,
        "train.encoder_mse": 0.0060377405770123006,
        "train.decoder_loss": 0.309126101732254,
        "train.decoder_acc": 0.8777483010292053,
        "train.cover_score": 0.045660509020090105,
        "train.generated_score": 0.06707107707858086,
        "epoch": 17
    },
    {
        "val.encoder_mse": 0.006603666041046381,
        "val.decoder_loss": 0.29742719650268556,
        "val.decoder_acc": 0.8811445927619934,
        "val.cover_score": 0.04577999159693718,
        "val.generated_score": 0.06923416271805763,
        "val.ssim": 0.7061145901679993,
        "val.psnr": 28.182932376861572,
        "val.rsbpp": 0.7622891855239868,
        "train.encoder_mse": 0.00612702202051878,
        "train.decoder_loss": 0.30388156354427337,
        "train.decoder_acc": 0.8778818583488465,
        "train.cover_score": 0.045864351093769073,
        "train.generated_score": 0.06947925925254822,
        "epoch": 18
    },
    {
        "val.encoder_mse": 0.0060392884351313115,
        "val.decoder_loss": 0.2797328585386276,
        "val.decoder_acc": 0.889199149608612,
        "val.cover_score": 0.04558601304888725,
        "val.generated_score": 0.06814253494143487,
        "val.ssim": 0.7096883964538574,
        "val.psnr": 28.4891263961792,
        "val.rsbpp": 0.7783982992172241,
        "train.encoder_mse": 0.005514065213501454,
        "train.decoder_loss": 0.28251375079154967,
        "train.decoder_acc": 0.8883233785629272,
        "train.cover_score": 0.04590987354516983,
        "train.generated_score": 0.06929879128932953,
        "epoch": 19
    },
    {
        "val.encoder_mse": 0.006015567146241665,
        "val.decoder_loss": 0.26591523170471193,
        "val.decoder_acc": 0.8941925239562988,
        "val.cover_score": 0.04582237720489502,
        "val.generated_score": 0.06919169709086419,
        "val.ssim": 0.7170557165145874,
        "val.psnr": 28.484932899475098,
        "val.rsbpp": 0.7883850479125977,
        "train.encoder_mse": 0.005820268671959639,
        "train.decoder_loss": 0.27247774362564087,
        "train.decoder_acc": 0.8913586354255676,
        "train.cover_score": 0.04561921864748001,
        "train.generated_score": 0.0689861910045147,
        "epoch": 20
    },
    {
        "val.encoder_mse": 0.0053112659882754085,
        "val.decoder_loss": 0.2542161357402801,
        "val.decoder_acc": 0.89958904504776,
        "val.cover_score": 0.0457542622089386,
        "val.generated_score": 0.06834335625171661,
        "val.ssim": 0.7240105628967285,
        "val.psnr": 28.879625225067137,
        "val.rsbpp": 0.79917809009552,
        "train.encoder_mse": 0.00503480444662273,
        "train.decoder_loss": 0.24722692728042603,
        "train.decoder_acc": 0.9055653548240662,
        "train.cover_score": 0.04563369154930115,
        "train.generated_score": 0.0684172585606575,
        "epoch": 21
    },
    {
        "val.encoder_mse": 0.004708863403648138,
        "val.decoder_loss": 0.24268758475780486,
        "val.decoder_acc": 0.9047479176521301,
        "val.cover_score": 0.045941892713308334,
        "val.generated_score": 0.07070042818784714,
        "val.ssim": 0.7342765974998474,
        "val.psnr": 29.4496657371521,
        "val.rsbpp": 0.8094958353042603,
        "train.encoder_mse": 0.0047778729069978,
        "train.decoder_loss": 0.24156051695346833,
        "train.decoder_acc": 0.9064867949485779,
        "train.cover_score": 0.045897329598665236,
        "train.generated_score": 0.07144048899412155,
        "epoch": 22
    },
    {
        "val.encoder_mse": 0.0045833761710673574,
        "val.decoder_loss": 0.2304345315694809,
        "val.decoder_acc": 0.910101158618927,
        "val.cover_score": 0.04584108084440231,
        "val.generated_score": 0.07143372476100922,
        "val.ssim": 0.7316619181632995,
        "val.psnr": 29.621203899383545,
        "val.rsbpp": 0.820202317237854,
        "train.encoder_mse": 0.0046588888997212054,
        "train.decoder_loss": 0.23941502451896668,
        "train.decoder_acc": 0.9063470673561096,
        "train.cover_score": 0.045745451003313065,
        "train.generated_score": 0.07204572066664695,
        "epoch": 23
    },
    {
        "val.encoder_mse": 0.004068412790074944,
        "val.decoder_loss": 0.2102959233522415,
        "val.decoder_acc": 0.9208054733276367,
        "val.cover_score": 0.0460488660633564,
        "val.generated_score": 0.0726531209051609,
        "val.ssim": 0.7404154992103577,
        "val.psnr": 30.168461894989015,
        "val.rsbpp": 0.8416109466552735,
        "train.encoder_mse": 0.0050870229676365855,
        "train.decoder_loss": 0.23092348098754883,
        "train.decoder_acc": 0.909379711151123,
        "train.cover_score": 0.04580487102270126,
        "train.generated_score": 0.07074878349900246,
        "epoch": 24
    },
    {
        "val.encoder_mse": 0.00442265560850501,
        "val.decoder_loss": 0.2241377705335617,
        "val.decoder_acc": 0.9107240772247315,
        "val.cover_score": 0.04567679241299629,
        "val.generated_score": 0.07065202996134758,
        "val.ssim": 0.7631284213066101,
        "val.psnr": 29.712208557128907,
        "val.rsbpp": 0.8214481544494628,
        "train.encoder_mse": 0.004845873918384314,
        "train.decoder_loss": 0.22868900895118713,
        "train.decoder_acc": 0.9098237586021424,
        "train.cover_score": 0.045928223729133605,
        "train.generated_score": 0.06950949162244796,
        "epoch": 25
    },
    {
        "val.encoder_mse": 0.004344320949167013,
        "val.decoder_loss": 0.20649194866418838,
        "val.decoder_acc": 0.9203028535842895,
        "val.cover_score": 0.04608241379261017,
        "val.generated_score": 0.07356154561042785,
        "val.ssim": 0.7391959118843079,
        "val.psnr": 29.855468368530275,
        "val.rsbpp": 0.8406057071685791,
        "train.encoder_mse": 0.004431644594296813,
        "train.decoder_loss": 0.21815056443214417,
        "train.decoder_acc": 0.9142801642417908,
        "train.cover_score": 0.04589677408337593,
        "train.generated_score": 0.07507123962044716,
        "epoch": 26
    },
    {
        "val.encoder_mse": 0.0037504891864955426,
        "val.decoder_loss": 0.18681102246046066,
        "val.decoder_acc": 0.9299369549751282,
        "val.cover_score": 0.04602820873260498,
        "val.generated_score": 0.07602683842182159,
        "val.ssim": 0.7390860605239868,
        "val.psnr": 30.410264015197754,
        "val.rsbpp": 0.8598739099502564,
        "train.encoder_mse": 0.004522275198251009,
        "train.decoder_loss": 0.21153689086437225,
        "train.decoder_acc": 0.9171318697929383,
        "train.cover_score": 0.045867090672254564,
        "train.generated_score": 0.07636323302984238,
        "epoch": 27
    },
    {
        "val.encoder_mse": 0.003626073179766536,
        "val.decoder_loss": 0.18748119056224824,
        "val.decoder_acc": 0.9281183648109436,
        "val.cover_score": 0.04570446565747261,
        "val.generated_score": 0.07762661069631577,
        "val.ssim": 0.7470488047599793,
        "val.psnr": 30.59351396560669,
        "val.rsbpp": 0.8562367296218872,
        "train.encoder_mse": 0.003928981358185411,
        "train.decoder_loss": 0.19947117298841477,
        "train.decoder_acc": 0.9227253866195678,
        "train.cover_score": 0.045764732956886295,
        "train.generated_score": 0.07481769472360611,
        "epoch": 28
    },
    {
        "val.encoder_mse": 0.0035911562060937288,
        "val.decoder_loss": 0.18273444145917891,
        "val.decoder_acc": 0.9300517797470093,
        "val.cover_score": 0.045973110646009445,
        "val.generated_score": 0.07562238752841949,
        "val.ssim": 0.747473750114441,
        "val.psnr": 30.63648452758789,
        "val.rsbpp": 0.8601035594940185,
        "train.encoder_mse": 0.0035751458536833524,
        "train.decoder_loss": 0.18602656632661818,
        "train.decoder_acc": 0.928807864189148,
        "train.cover_score": 0.04573323398828506,
        "train.generated_score": 0.07530988216400146,
        "epoch": 29
    },
    {
        "val.encoder_mse": 0.0034884977666661144,
        "val.decoder_loss": 0.18148878276348113,
        "val.decoder_acc": 0.9304053139686584,
        "val.cover_score": 0.0460771743953228,
        "val.generated_score": 0.07470134019851685,
        "val.ssim": 0.7671850562095642,
        "val.psnr": 30.75210037231445,
        "val.rsbpp": 0.8608106279373169,
        "train.encoder_mse": 0.003837119871750474,
        "train.decoder_loss": 0.18450608760118484,
        "train.decoder_acc": 0.9284253025054932,
        "train.cover_score": 0.045821861177682874,
        "train.generated_score": 0.07339897051453591,
        "epoch": 30
    },
    {
        "val.encoder_mse": 0.003352527841925621,
        "val.decoder_loss": 0.1742570462822914,
        "val.decoder_acc": 0.9329391169548035,
        "val.cover_score": 0.04615942448377609,
        "val.generated_score": 0.07485677242279053,
        "val.ssim": 0.7595711922645569,
        "val.psnr": 30.954527950286867,
        "val.rsbpp": 0.8658782339096069,
        "train.encoder_mse": 0.003463390553370118,
        "train.decoder_loss": 0.18379121899604797,
        "train.decoder_acc": 0.928159568309784,
        "train.cover_score": 0.04574811473488807,
        "train.generated_score": 0.0757857671380043,
        "epoch": 31
    },
    {
        "val.encoder_mse": 0.00363857751712203,
        "val.decoder_loss": 0.1755399277806282,
        "val.decoder_acc": 0.9323349547386169,
        "val.cover_score": 0.04563731700181961,
        "val.generated_score": 0.07244394302368164,
        "val.ssim": 0.7646934676170349,
        "val.psnr": 30.576687717437743,
        "val.rsbpp": 0.8646699094772339,
        "train.encoder_mse": 0.0038440419221296906,
        "train.decoder_loss": 0.18627430468797684,
        "train.decoder_acc": 0.9271102571487426,
        "train.cover_score": 0.04613175615668297,
        "train.generated_score": 0.07210835203528404,
        "epoch": 32
    },
    {
        "val.encoder_mse": 0.003391696522012353,
        "val.decoder_loss": 0.1689435586333275,
        "val.decoder_acc": 0.9343959164619445,
        "val.cover_score": 0.04568504214286804,
        "val.generated_score": 0.06984684273600578,
        "val.ssim": 0.7626809048652649,
        "val.psnr": 30.88886775970459,
        "val.rsbpp": 0.8687918329238892,
        "train.encoder_mse": 0.003349154838360846,
        "train.decoder_loss": 0.1811004948616028,
        "train.decoder_acc": 0.9288564109802246,
        "train.cover_score": 0.04611210733652115,
        "train.generated_score": 0.07342772454023361,
        "epoch": 1
    },
    {
        "val.encoder_mse": 0.0032884025713428855,
        "val.decoder_loss": 0.1610531809926033,
        "val.decoder_acc": 0.9385992217063904,
        "val.cover_score": 0.045980764031410215,
        "val.generated_score": 0.06749721392989158,
        "val.ssim": 0.7660381460189819,
        "val.psnr": 31.068604469299316,
        "val.rsbpp": 0.8771984434127807,
        "train.encoder_mse": 0.0030842831637710334,
        "train.decoder_loss": 0.16490847766399383,
        "train.decoder_acc": 0.9365959858894348,
        "train.cover_score": 0.046041118055582045,
        "train.generated_score": 0.06909774124622345,
        "epoch": 2
    },
    {
        "val.encoder_mse": 0.003308561029843986,
        "val.decoder_loss": 0.1687362638115883,
        "val.decoder_acc": 0.934195761680603,
        "val.cover_score": 0.045766492187976834,
        "val.generated_score": 0.06644260242581368,
        "val.ssim": 0.7611729598045349,
        "val.psnr": 31.0194580078125,
        "val.rsbpp": 0.8683915233612061,
        "train.encoder_mse": 0.002892556278966367,
        "train.decoder_loss": 0.1539902564883232,
        "train.decoder_acc": 0.9418036985397339,
        "train.cover_score": 0.04608199417591095,
        "train.generated_score": 0.07222280025482178,
        "epoch": 3
    },
    {
        "val.encoder_mse": 0.002944048917852342,
        "val.decoder_loss": 0.15566452026367186,
        "val.decoder_acc": 0.9404381108283997,
        "val.cover_score": 0.04577378049492836,
        "val.generated_score": 0.06528859809041024,
        "val.ssim": 0.7714258742332458,
        "val.psnr": 31.529467582702637,
        "val.rsbpp": 0.8808762216567994,
        "train.encoder_mse": 0.0030895488569512965,
        "train.decoder_loss": 0.16470367968082428,
        "train.decoder_acc": 0.9356696772575378,
        "train.cover_score": 0.04601461976766586,
        "train.generated_score": 0.06988836914300918,
        "epoch": 4
    },
    {
        "val.encoder_mse": 0.0029830195754766463,
        "val.decoder_loss": 0.15967003867030144,
        "val.decoder_acc": 0.9378131103515625,
        "val.cover_score": 0.046128702610731126,
        "val.generated_score": 0.06459013745188713,
        "val.ssim": 0.7774368786811828,
        "val.psnr": 31.452342224121093,
        "val.rsbpp": 0.875626220703125,
        "train.encoder_mse": 0.0027862015552818776,
        "train.decoder_loss": 0.159639812707901,
        "train.decoder_acc": 0.9376797842979431,
        "train.cover_score": 0.04615555822849274,
        "train.generated_score": 0.06351395711302757,
        "epoch": 5
    },
    {
        "val.encoder_mse": 0.0028286933293566107,
        "val.decoder_loss": 0.14395230516791344,
        "val.decoder_acc": 0.9450843358039855,
        "val.cover_score": 0.045830879211425785,
        "val.generated_score": 0.06309516027569771,
        "val.ssim": 0.7703768849372864,
        "val.psnr": 31.682216453552247,
        "val.rsbpp": 0.8901686716079712,
        "train.encoder_mse": 0.00274655413813889,
        "train.decoder_loss": 0.15133486360311507,
        "train.decoder_acc": 0.9417246866226197,
        "train.cover_score": 0.04591192364692688,
        "train.generated_score": 0.06411418795585633,
        "epoch": 6
    },
    {
        "val.encoder_mse": 0.0031037819478660824,
        "val.decoder_loss": 0.15795531004667282,
        "val.decoder_acc": 0.9377495336532593,
        "val.cover_score": 0.04618378236889839,
        "val.generated_score": 0.06187506929039955,
        "val.ssim": 0.7797550225257873,
        "val.psnr": 31.336539554595948,
        "val.rsbpp": 0.8754990673065186,
        "train.encoder_mse": 0.0028828622167930006,
        "train.decoder_loss": 0.14821872919797896,
        "train.decoder_acc": 0.9430418205261231,
        "train.cover_score": 0.04542776003479958,
        "train.generated_score": 0.06220571130514145,
        "epoch": 7
    },
    {
        "val.encoder_mse": 0.0028648919938132167,
        "val.decoder_loss": 0.15531574666500092,
        "val.decoder_acc": 0.9388190531730651,
        "val.cover_score": 0.04604226514697075,
        "val.generated_score": 0.05973772421479225,
        "val.ssim": 0.7924507641792298,
        "val.psnr": 31.588450241088868,
        "val.rsbpp": 0.8776381063461304,
        "train.encoder_mse": 0.0028033419512212276,
        "train.decoder_loss": 0.14491935461759567,
        "train.decoder_acc": 0.9444848704338074,
        "train.cover_score": 0.04578948199748993,
        "train.generated_score": 0.06253700807690621,
        "epoch": 8
    },
    {
        "val.encoder_mse": 0.0029822038765996693,
        "val.decoder_loss": 0.15147242933511734,
        "val.decoder_acc": 0.9408947515487671,
        "val.cover_score": 0.045506665110588075,
        "val.generated_score": 0.058223377615213394,
        "val.ssim": 0.7891357254981994,
        "val.psnr": 31.41117639541626,
        "val.rsbpp": 0.8817895030975342,
        "train.encoder_mse": 0.002755044479854405,
        "train.decoder_loss": 0.14824399769306182,
        "train.decoder_acc": 0.9423141932487488,
        "train.cover_score": 0.045725319087505344,
        "train.generated_score": 0.061433846652507784,
        "epoch": 9
    },
    {
        "val.encoder_mse": 0.002634144653566182,
        "val.decoder_loss": 0.13773808240890503,
        "val.decoder_acc": 0.9472679018974304,
        "val.cover_score": 0.045726162195205686,
        "val.generated_score": 0.059093052595853804,
        "val.ssim": 0.7943365669250488,
        "val.psnr": 32.108291912078855,
        "val.rsbpp": 0.8945358037948609,
        "train.encoder_mse": 0.0024214265029877426,
        "train.decoder_loss": 0.13915525376796722,
        "train.decoder_acc": 0.9466486859321595,
        "train.cover_score": 0.04549554020166397,
        "train.generated_score": 0.0590812911093235,
        "epoch": 10
    },
    {
        "val.encoder_mse": 0.002553544221445918,
        "val.decoder_loss": 0.1454590655863285,
        "val.decoder_acc": 0.9431909728050232,
        "val.cover_score": 0.0460920387506485,
        "val.generated_score": 0.05720527991652489,
        "val.ssim": 0.8049436116218567,
        "val.psnr": 32.17065868377686,
        "val.rsbpp": 0.8863819456100464,
        "train.encoder_mse": 0.0025332785258069634,
        "train.decoder_loss": 0.14369627848267555,
        "train.decoder_acc": 0.9444038534164428,
        "train.cover_score": 0.04604318261146546,
        "train.generated_score": 0.06022477626800537,
        "epoch": 11
    },
    {
        "val.encoder_mse": 0.0023963166261091826,
        "val.decoder_loss": 0.12936195060610772,
        "val.decoder_acc": 0.9508520817756653,
        "val.cover_score": 0.045857573002576826,
        "val.generated_score": 0.06047278881072998,
        "val.ssim": 0.7815342354774475,
        "val.psnr": 32.34750108718872,
        "val.rsbpp": 0.9017041635513305,
        "train.encoder_mse": 0.00241601150482893,
        "train.decoder_loss": 0.13622522383928298,
        "train.decoder_acc": 0.9477130365371704,
        "train.cover_score": 0.045772100538015364,
        "train.generated_score": 0.06009800970554352,
        "epoch": 12
    },
    {
        "val.encoder_mse": 0.002445981316268444,
        "val.decoder_loss": 0.13404321700334548,
        "val.decoder_acc": 0.9479573297500611,
        "val.cover_score": 0.04551909253001213,
        "val.generated_score": 0.05743620127439499,
        "val.ssim": 0.7924518251419067,
        "val.psnr": 32.29084510803223,
        "val.rsbpp": 0.8959146595001221,
        "train.encoder_mse": 0.0025189757673069833,
        "train.decoder_loss": 0.13205568492412567,
        "train.decoder_acc": 0.949015736579895,
        "train.cover_score": 0.04585107803344726,
        "train.generated_score": 0.05955320775508881,
        "epoch": 13
    },
    {
        "val.encoder_mse": 0.002653946792706847,
        "val.decoder_loss": 0.13020235419273377,
        "val.decoder_acc": 0.9498398923873901,
        "val.cover_score": 0.04559698760509491,
        "val.generated_score": 0.05708205044269562,
        "val.ssim": 0.795025155544281,
        "val.psnr": 32.050423526763915,
        "val.rsbpp": 0.8996797847747803,
        "train.encoder_mse": 0.0023302594758570195,
        "train.decoder_loss": 0.12890248939394952,
        "train.decoder_acc": 0.950624692440033,
        "train.cover_score": 0.045871681571006774,
        "train.generated_score": 0.05615622907876969,
        "epoch": 14
    },
    {
        "val.encoder_mse": 0.0023437957558780907,
        "val.decoder_loss": 0.13125736355781556,
        "val.decoder_acc": 0.9485976028442383,
        "val.cover_score": 0.04551792755723,
        "val.generated_score": 0.05620295435190201,
        "val.ssim": 0.7883746743202209,
        "val.psnr": 32.52881956100464,
        "val.rsbpp": 0.8971952056884765,
        "train.encoder_mse": 0.0023465812718495727,
        "train.decoder_loss": 0.12828984901309012,
        "train.decoder_acc": 0.9503747630119324,
        "train.cover_score": 0.04595924809575081,
        "train.generated_score": 0.05930716514587402,
        "epoch": 15
    },
    {
        "val.encoder_mse": 0.002247128873132169,
        "val.decoder_loss": 0.13104041337966918,
        "val.decoder_acc": 0.9489203691482544,
        "val.cover_score": 0.046007510870695115,
        "val.generated_score": 0.05629641324281692,
        "val.ssim": 0.8148211431503296,
        "val.psnr": 32.69863271713257,
        "val.rsbpp": 0.8978407382965088,
        "train.encoder_mse": 0.002199450097978115,
        "train.decoder_loss": 0.12647222101688385,
        "train.decoder_acc": 0.9510435152053833,
        "train.cover_score": 0.045650120675563816,
        "train.generated_score": 0.057423405200243,
        "epoch": 16
    },
    {
        "val.encoder_mse": 0.0022264060471206904,
        "val.decoder_loss": 0.12790638640522956,
        "val.decoder_acc": 0.9504734563827515,
        "val.cover_score": 0.04571706876158714,
        "val.generated_score": 0.05801904752850533,
        "val.ssim": 0.7992440414428711,
        "val.psnr": 32.78790197372437,
        "val.rsbpp": 0.900946912765503,
        "train.encoder_mse": 0.002257977300323546,
        "train.decoder_loss": 0.12192296013236045,
        "train.decoder_acc": 0.953364429473877,
        "train.cover_score": 0.04592250302433967,
        "train.generated_score": 0.05711666628718376,
        "epoch": 17
    },
    {
        "val.encoder_mse": 0.002219700738787651,
        "val.decoder_loss": 0.12378425389528275,
        "val.decoder_acc": 0.9518652820587158,
        "val.cover_score": 0.04558331295847893,
        "val.generated_score": 0.054863863587379456,
        "val.ssim": 0.8002254915237427,
        "val.psnr": 32.770727729797365,
        "val.rsbpp": 0.9037305641174317,
        "train.encoder_mse": 0.002043481254950166,
        "train.decoder_loss": 0.12345881089568138,
        "train.decoder_acc": 0.9524949026107788,
        "train.cover_score": 0.04572903111577034,
        "train.generated_score": 0.05647596880793571,
        "epoch": 18
    },
    {
        "val.encoder_mse": 0.002034877883270383,
        "val.decoder_loss": 0.12406000301241875,
        "val.decoder_acc": 0.95207190990448,
        "val.cover_score": 0.04578217253088951,
        "val.generated_score": 0.058197283148765565,
        "val.ssim": 0.8092059779167176,
        "val.psnr": 33.06489238739014,
        "val.rsbpp": 0.90414381980896,
        "train.encoder_mse": 0.0020090290531516075,
        "train.decoder_loss": 0.11646008625626564,
        "train.decoder_acc": 0.9556919765472413,
        "train.cover_score": 0.04566547185182571,
        "train.generated_score": 0.05608814254403114,
        "epoch": 19
    },
    {
        "val.encoder_mse": 0.0020703526795841755,
        "val.decoder_loss": 0.11622331112623215,
        "val.decoder_acc": 0.9552108025550843,
        "val.cover_score": 0.045610057413578035,
        "val.generated_score": 0.05647992700338364,
        "val.ssim": 0.8001383471488953,
        "val.psnr": 33.05164203643799,
        "val.rsbpp": 0.9104216051101685,
        "train.encoder_mse": 0.0020815782295539975,
        "train.decoder_loss": 0.11823265850543976,
        "train.decoder_acc": 0.9542317128181458,
        "train.cover_score": 0.04543191030621529,
        "train.generated_score": 0.056785122901201246,
        "epoch": 20
    },
    {
        "val.encoder_mse": 0.00208904854953289,
        "val.decoder_loss": 0.12133389294147491,
        "val.decoder_acc": 0.9525657415390014,
        "val.cover_score": 0.046040306240320204,
        "val.generated_score": 0.056702429950237276,
        "val.ssim": 0.805514280796051,
        "val.psnr": 33.02059373855591,
        "val.rsbpp": 0.905131483078003,
        "train.encoder_mse": 0.002089904579333961,
        "train.decoder_loss": 0.12545703262090682,
        "train.decoder_acc": 0.9508486866950989,
        "train.cover_score": 0.04574351727962494,
        "train.generated_score": 0.05430553525686264,
        "epoch": 21
    },
    {
        "val.encoder_mse": 0.0021870257752016186,
        "val.decoder_loss": 0.12435313016176223,
        "val.decoder_acc": 0.9511033916473388,
        "val.cover_score": 0.04621916249394417,
        "val.generated_score": 0.05475771054625511,
        "val.ssim": 0.8115391063690186,
        "val.psnr": 32.85638942718506,
        "val.rsbpp": 0.9022067832946777,
        "train.encoder_mse": 0.0021939646499231458,
        "train.decoder_loss": 0.11750442266464234,
        "train.decoder_acc": 0.9544160509109497,
        "train.cover_score": 0.04588150873780251,
        "train.generated_score": 0.05569064751267433,
        "epoch": 22
    },
    {
        "val.encoder_mse": 0.002022840678691864,
        "val.decoder_loss": 0.11559191972017288,
        "val.decoder_acc": 0.9551184391975402,
        "val.cover_score": 0.04544059708714485,
        "val.generated_score": 0.05653112173080444,
        "val.ssim": 0.8100064063072204,
        "val.psnr": 33.16653871536255,
        "val.rsbpp": 0.9102368783950806,
        "train.encoder_mse": 0.0021169509598985316,
        "train.decoder_loss": 0.12674486756324768,
        "train.decoder_acc": 0.9508079433441162,
        "train.cover_score": 0.04573766574263573,
        "train.generated_score": 0.055414931327104566,
        "epoch": 23
    },
    {
        "val.encoder_mse": 0.0021176850516349075,
        "val.decoder_loss": 0.11621211484074592,
        "val.decoder_acc": 0.9548847961425782,
        "val.cover_score": 0.04616909056901932,
        "val.generated_score": 0.056235659122467044,
        "val.ssim": 0.8156772112846374,
        "val.psnr": 32.9750301361084,
        "val.rsbpp": 0.9097695922851563,
        "train.encoder_mse": 0.0019294043025001883,
        "train.decoder_loss": 0.11447353824973107,
        "train.decoder_acc": 0.9559795451164246,
        "train.cover_score": 0.0456669956445694,
        "train.generated_score": 0.05686661303043365,
        "epoch": 24
    },
    {
        "val.encoder_mse": 0.001751003316603601,
        "val.decoder_loss": 0.10373071134090424,
        "val.decoder_acc": 0.9604040908813477,
        "val.cover_score": 0.04593538627028465,
        "val.generated_score": 0.054828593283891676,
        "val.ssim": 0.8172524642944335,
        "val.psnr": 33.72450904846191,
        "val.rsbpp": 0.9208081817626953,
        "train.encoder_mse": 0.0020041677448898554,
        "train.decoder_loss": 0.11057636365294457,
        "train.decoder_acc": 0.957312114238739,
        "train.cover_score": 0.04576364234089851,
        "train.generated_score": 0.05667147800326347,
        "epoch": 25
    },
    {
        "val.encoder_mse": 0.0018640569620765747,
        "val.decoder_loss": 0.11886590600013733,
        "val.decoder_acc": 0.9535337209701538,
        "val.cover_score": 0.04583910301327705,
        "val.generated_score": 0.05450808748602867,
        "val.ssim": 0.8209964346885681,
        "val.psnr": 33.45348539352417,
        "val.rsbpp": 0.9070674419403076,
        "train.encoder_mse": 0.00178135777823627,
        "train.decoder_loss": 0.10840668261051178,
        "train.decoder_acc": 0.9582337236404419,
        "train.cover_score": 0.046006292402744293,
        "train.generated_score": 0.055347879976034166,
        "epoch": 26
    },
    {
        "val.encoder_mse": 0.0017908766819164158,
        "val.decoder_loss": 0.1104719164967537,
        "val.decoder_acc": 0.9574139595031739,
        "val.cover_score": 0.04572757318615914,
        "val.generated_score": 0.05453269779682159,
        "val.ssim": 0.8238091135025024,
        "val.psnr": 33.64593133926392,
        "val.rsbpp": 0.9148279190063476,
        "train.encoder_mse": 0.0017520636832341551,
        "train.decoder_loss": 0.11409573674201966,
        "train.decoder_acc": 0.9557196760177612,
        "train.cover_score": 0.045419352799654006,
        "train.generated_score": 0.05632709249854088,
        "epoch": 27
    },
    {
        "val.encoder_mse": 0.0017950687371194362,
        "val.decoder_loss": 0.11806087791919709,
        "val.decoder_acc": 0.953467824459076,
        "val.cover_score": 0.04558868333697319,
        "val.generated_score": 0.05674103558063507,
        "val.ssim": 0.8335407042503357,
        "val.psnr": 33.621780204772946,
        "val.rsbpp": 0.9069356489181518,
        "train.encoder_mse": 0.00159363622777164,
        "train.decoder_loss": 0.09926057033240795,
        "train.decoder_acc": 0.9622902727127075,
        "train.cover_score": 0.045555544644594194,
        "train.generated_score": 0.054894851446151735,
        "epoch": 28
    },
    {
        "val.encoder_mse": 0.001960876891389489,
        "val.decoder_loss": 0.10807738706469536,
        "val.decoder_acc": 0.9579858803749084,
        "val.cover_score": 0.04571008548140526,
        "val.generated_score": 0.05423444375395775,
        "val.ssim": 0.8208855915069581,
        "val.psnr": 33.31475992202759,
        "val.rsbpp": 0.9159717607498169,
        "train.encoder_mse": 0.0017530592577531933,
        "train.decoder_loss": 0.11015970706939697,
        "train.decoder_acc": 0.957018210887909,
        "train.cover_score": 0.04549746751785278,
        "train.generated_score": 0.05707211658358574,
        "epoch": 29
    },
    {
        "val.encoder_mse": 0.0017989047896116972,
        "val.decoder_loss": 0.1106099011003971,
        "val.decoder_acc": 0.9566952896118164,
        "val.cover_score": 0.04533163979649544,
        "val.generated_score": 0.053705051243305206,
        "val.ssim": 0.8342782402038574,
        "val.psnr": 33.59542226791382,
        "val.rsbpp": 0.9133905792236328,
        "train.encoder_mse": 0.001674772873520851,
        "train.decoder_loss": 0.09695479437708855,
        "train.decoder_acc": 0.9629744601249695,
        "train.cover_score": 0.04546890467405319,
        "train.generated_score": 0.05714602828025818,
        "epoch": 30
    },
    {
        "val.encoder_mse": 0.001747550256550312,
        "val.decoder_loss": 0.1084652803838253,
        "val.decoder_acc": 0.9576432847976685,
        "val.cover_score": 0.04606925502419472,
        "val.generated_score": 0.054962346851825716,
        "val.ssim": 0.8278799653053284,
        "val.psnr": 33.84899272918701,
        "val.rsbpp": 0.9152865695953369,
        "train.encoder_mse": 0.0017232682323083282,
        "train.decoder_loss": 0.10266955018043518,
        "train.decoder_acc": 0.9602050185203552,
        "train.cover_score": 0.04587885245680809,
        "train.generated_score": 0.055973026901483536,
        "epoch": 31
    },
    {
        "val.encoder_mse": 0.0016940856957808137,
        "val.decoder_loss": 0.10044436231255531,
        "val.decoder_acc": 0.9613750720024109,
        "val.cover_score": 0.04548067614436149,
        "val.generated_score": 0.05523520618677139,
        "val.ssim": 0.8267596888542176,
        "val.psnr": 33.853956890106204,
        "val.rsbpp": 0.9227501440048218,
        "train.encoder_mse": 0.0016625575674697757,
        "train.decoder_loss": 0.1005412919819355,
        "train.decoder_acc": 0.9617197513580322,
        "train.cover_score": 0.045706101208925244,
        "train.generated_score": 0.05433478459715843,
        "epoch": 32
    },
    {
        "val.encoder_mse": 0.0015741836512461304,
        "val.decoder_loss": 0.10138824090361595,
        "val.decoder_acc": 0.960687267780304,
        "val.cover_score": 0.045365824699401855,
        "val.generated_score": 0.05425120621919632,
        "val.ssim": 0.8379643106460571,
        "val.psnr": 34.17273969650269,
        "val.rsbpp": 0.9213745355606079,
        "train.encoder_mse": 0.001602188739925623,
        "train.decoder_loss": 0.09731414213776589,
        "train.decoder_acc": 0.9625699830055237,
        "train.cover_score": 0.045517218112945554,
        "train.generated_score": 0.057345144748687744,
        "epoch": 1
    },
    {
        "val.encoder_mse": 0.001563189965672791,
        "val.decoder_loss": 0.09574386343359947,
        "val.decoder_acc": 0.9631451320648193,
        "val.cover_score": 0.04551077514886856,
        "val.generated_score": 0.05205264389514923,
        "val.ssim": 0.8328739309310913,
        "val.psnr": 34.189681148529054,
        "val.rsbpp": 0.9262902641296387,
        "train.encoder_mse": 0.0016653601080179215,
        "train.decoder_loss": 0.10626641616225242,
        "train.decoder_acc": 0.9587349510192871,
        "train.cover_score": 0.04585318490862846,
        "train.generated_score": 0.05300879642367363,
        "epoch": 2
    },
    {
        "val.encoder_mse": 0.0015759267611429096,
        "val.decoder_loss": 0.10454207845032215,
        "val.decoder_acc": 0.959143671989441,
        "val.cover_score": 0.046204958111047745,
        "val.generated_score": 0.05244660720229149,
        "val.ssim": 0.8484545564651489,
        "val.psnr": 34.22258863449097,
        "val.rsbpp": 0.9182873439788818,
        "train.encoder_mse": 0.0016844463301822544,
        "train.decoder_loss": 0.10689591869711876,
        "train.decoder_acc": 0.9582780146598816,
        "train.cover_score": 0.04537049487233162,
        "train.generated_score": 0.05401122495532036,
        "epoch": 3
    },
    {
        "val.encoder_mse": 0.0016281197406351566,
        "val.decoder_loss": 0.09577316433191299,
        "val.decoder_acc": 0.9632418179512023,
        "val.cover_score": 0.04544540598988533,
        "val.generated_score": 0.05480224087834358,
        "val.ssim": 0.8306477761268616,
        "val.psnr": 34.06953678131104,
        "val.rsbpp": 0.9264836359024048,
        "train.encoder_mse": 0.001496969573199749,
        "train.decoder_loss": 0.09406058833003045,
        "train.decoder_acc": 0.9636749219894409,
        "train.cover_score": 0.04555733621120453,
        "train.generated_score": 0.054552494138479235,
        "epoch": 4
    },
    {
        "val.encoder_mse": 0.001650714473798871,
        "val.decoder_loss": 0.09460033185780048,
        "val.decoder_acc": 0.9635747671127319,
        "val.cover_score": 0.04581803634762764,
        "val.generated_score": 0.05541951939463616,
        "val.ssim": 0.8351780724525452,
        "val.psnr": 33.94628276824951,
        "val.rsbpp": 0.9271495342254639,
        "train.encoder_mse": 0.0015738741494715214,
        "train.decoder_loss": 0.0985889445245266,
        "train.decoder_acc": 0.9615467619895935,
        "train.cover_score": 0.04578228428959846,
        "train.generated_score": 0.054687356650829314,
        "epoch": 5
    },
    {
        "val.encoder_mse": 0.0014346697321161628,
        "val.decoder_loss": 0.09530735351145267,
        "val.decoder_acc": 0.9634415125846862,
        "val.cover_score": 0.04552403271198273,
        "val.generated_score": 0.05519900858402252,
        "val.ssim": 0.8399550795555115,
        "val.psnr": 34.580140590667725,
        "val.rsbpp": 0.9268830251693726,
        "train.encoder_mse": 0.0015003501554019748,
        "train.decoder_loss": 0.09299766309559346,
        "train.decoder_acc": 0.9640652751922607,
        "train.cover_score": 0.04552950844168663,
        "train.generated_score": 0.0542613473534584,
        "epoch": 6
    },
    {
        "val.encoder_mse": 0.0014419823815114796,
        "val.decoder_loss": 0.0915728472173214,
        "val.decoder_acc": 0.9649189829826355,
        "val.cover_score": 0.045784936398267743,
        "val.generated_score": 0.0541070993244648,
        "val.ssim": 0.8428106141090393,
        "val.psnr": 34.62373208999634,
        "val.rsbpp": 0.929837965965271,
        "train.encoder_mse": 0.0014028463023714722,
        "train.decoder_loss": 0.09059344097971916,
        "train.decoder_acc": 0.9651560139656067,
        "train.cover_score": 0.04577922239899635,
        "train.generated_score": 0.05372785061597824,
        "epoch": 7
    },
    {
        "val.encoder_mse": 0.0014182600332424045,
        "val.decoder_loss": 0.09439512960612774,
        "val.decoder_acc": 0.9634013891220092,
        "val.cover_score": 0.04590690732002258,
        "val.generated_score": 0.05448670968413353,
        "val.ssim": 0.8454537272453309,
        "val.psnr": 34.61797943115234,
        "val.rsbpp": 0.9268027782440186,
        "train.encoder_mse": 0.0013880817429162563,
        "train.decoder_loss": 0.09302817076444626,
        "train.decoder_acc": 0.9640388131141663,
        "train.cover_score": 0.04569475799798965,
        "train.generated_score": 0.053460044264793394,
        "epoch": 8
    },
    {
        "val.encoder_mse": 0.0014734357642009854,
        "val.decoder_loss": 0.0952510617673397,
        "val.decoder_acc": 0.963449296951294,
        "val.cover_score": 0.045672163814306256,
        "val.generated_score": 0.05402282983064652,
        "val.ssim": 0.845386667251587,
        "val.psnr": 34.441461181640626,
        "val.rsbpp": 0.9268985939025879,
        "train.encoder_mse": 0.0014131450327113271,
        "train.decoder_loss": 0.0935041731595993,
        "train.decoder_acc": 0.9636588740348816,
        "train.cover_score": 0.04616977170109749,
        "train.generated_score": 0.05357217475771904,
        "epoch": 9
    },
    {
        "val.encoder_mse": 0.0014217688422650098,
        "val.decoder_loss": 0.08793509386479854,
        "val.decoder_acc": 0.9663337969779968,
        "val.cover_score": 0.045536165833473204,
        "val.generated_score": 0.05270359307527542,
        "val.ssim": 0.8302028489112854,
        "val.psnr": 34.67173328399658,
        "val.rsbpp": 0.9326675939559936,
        "train.encoder_mse": 0.0014201411930844189,
        "train.decoder_loss": 0.09041108317673206,
        "train.decoder_acc": 0.9653433609008789,
        "train.cover_score": 0.045926939994096756,
        "train.generated_score": 0.05462339028716087,
        "epoch": 10
    },
    {
        "val.encoder_mse": 0.0013562405644915998,
        "val.decoder_loss": 0.08709035560488701,
        "val.decoder_acc": 0.9664675068855285,
        "val.cover_score": 0.04555732369422913,
        "val.generated_score": 0.05312275692820549,
        "val.ssim": 0.8431218242645264,
        "val.psnr": 34.799325466156006,
        "val.rsbpp": 0.9329350137710571,
        "train.encoder_mse": 0.0015098047209903599,
        "train.decoder_loss": 0.09247055739164352,
        "train.decoder_acc": 0.9640215229988098,
        "train.cover_score": 0.046055440604686734,
        "train.generated_score": 0.05218518152832985,
        "epoch": 11
    },
    {
        "val.encoder_mse": 0.0014371830550953745,
        "val.decoder_loss": 0.08672799035906792,
        "val.decoder_acc": 0.9667262268066407,
        "val.cover_score": 0.0458417709171772,
        "val.generated_score": 0.054598749130964276,
        "val.ssim": 0.8485883307456971,
        "val.psnr": 34.52506799697876,
        "val.rsbpp": 0.9334524536132812,
        "train.encoder_mse": 0.0014618697948753834,
        "train.decoder_loss": 0.09083013072609901,
        "train.decoder_acc": 0.9646299338340759,
        "train.cover_score": 0.04554112896323204,
        "train.generated_score": 0.05461204081773758,
        "epoch": 12
    },
    {
        "val.encoder_mse": 0.0014052440598607064,
        "val.decoder_loss": 0.09690593801438808,
        "val.decoder_acc": 0.9624188256263733,
        "val.cover_score": 0.04603373482823372,
        "val.generated_score": 0.052357332408428194,
        "val.ssim": 0.855440514087677,
        "val.psnr": 34.89735870361328,
        "val.rsbpp": 0.9248376512527465,
        "train.encoder_mse": 0.0012969297100789846,
        "train.decoder_loss": 0.07899477742612362,
        "train.decoder_acc": 0.9696952986717224,
        "train.cover_score": 0.045519649833440784,
        "train.generated_score": 0.05580456972122192,
        "epoch": 13
    },
    {
        "val.encoder_mse": 0.0013645435008220374,
        "val.decoder_loss": 0.08969430953264236,
        "val.decoder_acc": 0.965635027885437,
        "val.cover_score": 0.045569129735231396,
        "val.generated_score": 0.0527451366186142,
        "val.ssim": 0.8424957251548767,
        "val.psnr": 34.88228673934937,
        "val.rsbpp": 0.9312700557708741,
        "train.encoder_mse": 0.0013281076634302736,
        "train.decoder_loss": 0.08979073263704777,
        "train.decoder_acc": 0.9652149677276611,
        "train.cover_score": 0.04562161460518837,
        "train.generated_score": 0.053831912875175476,
        "epoch": 14
    },
    {
        "val.encoder_mse": 0.001423051250167191,
        "val.decoder_loss": 0.0849656331539154,
        "val.decoder_acc": 0.967619595527649,
        "val.cover_score": 0.046080039739608766,
        "val.generated_score": 0.05368192911148071,
        "val.ssim": 0.8473903369903565,
        "val.psnr": 34.58411483764648,
        "val.rsbpp": 0.9352391910552978,
        "train.encoder_mse": 0.0013280263030901551,
        "train.decoder_loss": 0.08641153559088707,
        "train.decoder_acc": 0.9665446734428406,
        "train.cover_score": 0.04572007417678833,
        "train.generated_score": 0.052689482122659684,
        "epoch": 15
    },
    {
        "val.encoder_mse": 0.0013594576437026263,
        "val.decoder_loss": 0.08082760334014892,
        "val.decoder_acc": 0.9689446687698364,
        "val.cover_score": 0.04557752892374992,
        "val.generated_score": 0.052661367654800416,
        "val.ssim": 0.844728410243988,
        "val.psnr": 34.75773572921753,
        "val.rsbpp": 0.9378893375396729,
        "train.encoder_mse": 0.0013515630178153515,
        "train.decoder_loss": 0.08234678603708744,
        "train.decoder_acc": 0.9683712148666381,
        "train.cover_score": 0.045472722053527835,
        "train.generated_score": 0.053172377198934556,
        "epoch": 16
    },
    {
        "val.encoder_mse": 0.0013331332965753973,
        "val.decoder_loss": 0.08911969676613808,
        "val.decoder_acc": 0.9655020046234131,
        "val.cover_score": 0.04592372387647629,
        "val.generated_score": 0.05235582455992699,
        "val.ssim": 0.8504429864883423,
        "val.psnr": 34.91006460189819,
        "val.rsbpp": 0.9310040092468261,
        "train.encoder_mse": 0.001387883280403912,
        "train.decoder_loss": 0.0852161330729723,
        "train.decoder_acc": 0.9670418167114258,
        "train.cover_score": 0.04575027868151665,
        "train.generated_score": 0.05229341432452202,
        "epoch": 17
    },
    {
        "val.encoder_mse": 0.0012338272714987398,
        "val.decoder_loss": 0.08700755625963211,
        "val.decoder_acc": 0.9662297797203064,
        "val.cover_score": 0.04574364721775055,
        "val.generated_score": 0.05381400391459465,
        "val.ssim": 0.8508947205543518,
        "val.psnr": 35.27338161468506,
        "val.rsbpp": 0.9324595594406128,
        "train.encoder_mse": 0.0012451275787316264,
        "train.decoder_loss": 0.08463388554751873,
        "train.decoder_acc": 0.9671693682670593,
        "train.cover_score": 0.04594783395528793,
        "train.generated_score": 0.05464274540543556,
        "epoch": 18
    },
    {
        "val.encoder_mse": 0.001318678567185998,
        "val.decoder_loss": 0.09132865309715271,
        "val.decoder_acc": 0.9644659733772278,
        "val.cover_score": 0.04560341402888298,
        "val.generated_score": 0.0518065170943737,
        "val.ssim": 0.8649235963821411,
        "val.psnr": 34.977502536773684,
        "val.rsbpp": 0.9289319467544556,
        "train.encoder_mse": 0.001237235434819013,
        "train.decoder_loss": 0.08616097100079059,
        "train.decoder_acc": 0.966535415649414,
        "train.cover_score": 0.045530012100934984,
        "train.generated_score": 0.051942376345396044,
        "epoch": 19
    },
    {
        "val.encoder_mse": 0.0014414342027157545,
        "val.decoder_loss": 0.08120339512825012,
        "val.decoder_acc": 0.9685874247550964,
        "val.cover_score": 0.04587739497423172,
        "val.generated_score": 0.05425197288393974,
        "val.ssim": 0.8398789954185486,
        "val.psnr": 34.552831935882566,
        "val.rsbpp": 0.9371748495101929,
        "train.encoder_mse": 0.001343386061489582,
        "train.decoder_loss": 0.08576310887932777,
        "train.decoder_acc": 0.9665876579284668,
        "train.cover_score": 0.04542779415845871,
        "train.generated_score": 0.05456044346094131,
        "epoch": 20
    },
    {
        "val.encoder_mse": 0.0012361923977732658,
        "val.decoder_loss": 0.07772480703890323,
        "val.decoder_acc": 0.9703165078163147,
        "val.cover_score": 0.04540043592453003,
        "val.generated_score": 0.05153091847896576,
        "val.ssim": 0.8484647274017334,
        "val.psnr": 35.278511905670165,
        "val.rsbpp": 0.9406330156326294,
        "train.encoder_mse": 0.0013103680708445608,
        "train.decoder_loss": 0.0813799975067377,
        "train.decoder_acc": 0.9686338710784912,
        "train.cover_score": 0.04571608364582062,
        "train.generated_score": 0.053126675933599474,
        "epoch": 21
    },
    {
        "val.encoder_mse": 0.001206784776877612,
        "val.decoder_loss": 0.0755631448328495,
        "val.decoder_acc": 0.9711565589904785,
        "val.cover_score": 0.045870221853256225,
        "val.generated_score": 0.0534607546031475,
        "val.ssim": 0.8360625958442688,
        "val.psnr": 35.342684268951416,
        "val.rsbpp": 0.9423131179809571,
        "train.encoder_mse": 0.0012628254271112383,
        "train.decoder_loss": 0.08482360005378724,
        "train.decoder_acc": 0.9670362615585327,
        "train.cover_score": 0.045814751237630846,
        "train.generated_score": 0.05252052962779999,
        "epoch": 22
    },
    {
        "val.encoder_mse": 0.0011984587460756302,
        "val.decoder_loss": 0.07504614442586899,
        "val.decoder_acc": 0.971259491443634,
        "val.cover_score": 0.04583936661481857,
        "val.generated_score": 0.051444571018219,
        "val.ssim": 0.8552883195877076,
        "val.psnr": 35.33535442352295,
        "val.rsbpp": 0.9425189828872681,
        "train.encoder_mse": 0.0012807274516671895,
        "train.decoder_loss": 0.09129859417676926,
        "train.decoder_acc": 0.9644366550445557,
        "train.cover_score": 0.04526842892169952,
        "train.generated_score": 0.053491113781929014,
        "epoch": 23
    },
    {
        "val.encoder_mse": 0.0011688320059329272,
        "val.decoder_loss": 0.07147991314530372,
        "val.decoder_acc": 0.9730310893058777,
        "val.cover_score": 0.045643737018108366,
        "val.generated_score": 0.05135496512055397,
        "val.ssim": 0.8546297097206116,
        "val.psnr": 35.46094169616699,
        "val.rsbpp": 0.9460621786117553,
        "train.encoder_mse": 0.0012627410446293653,
        "train.decoder_loss": 0.07970757625997066,
        "train.decoder_acc": 0.9692017745971679,
        "train.cover_score": 0.04586144298315048,
        "train.generated_score": 0.05301773428916931,
        "epoch": 24
    },
    {
        "val.encoder_mse": 0.0011439359351061284,
        "val.decoder_loss": 0.07264593191444874,
        "val.decoder_acc": 0.972170524597168,
        "val.cover_score": 0.04606597036123276,
        "val.generated_score": 0.05171110451221466,
        "val.ssim": 0.8489883375167847,
        "val.psnr": 35.58044281005859,
        "val.rsbpp": 0.9443410491943359,
        "train.encoder_mse": 0.0012506249942816794,
        "train.decoder_loss": 0.07970324400812387,
        "train.decoder_acc": 0.9693518471717835,
        "train.cover_score": 0.04523839041590691,
        "train.generated_score": 0.05200982734560967,
        "epoch": 25
    },
    {
        "val.encoder_mse": 0.0011669353884644807,
        "val.decoder_loss": 0.07637113019824028,
        "val.decoder_acc": 0.9710222220420838,
        "val.cover_score": 0.04516090974211693,
        "val.generated_score": 0.05230874121189118,
        "val.ssim": 0.8599046516418457,
        "val.psnr": 35.452250957489014,
        "val.rsbpp": 0.9420444440841674,
        "train.encoder_mse": 0.0011823842022567988,
        "train.decoder_loss": 0.07616597883403302,
        "train.decoder_acc": 0.9705879545211792,
        "train.cover_score": 0.04580484539270401,
        "train.generated_score": 0.053549844622612,
        "epoch": 26
    },
    {
        "val.encoder_mse": 0.0012007915880531072,
        "val.decoder_loss": 0.07330223508179187,
        "val.decoder_acc": 0.9718078684806823,
        "val.cover_score": 0.04576178997755051,
        "val.generated_score": 0.05272870630025864,
        "val.ssim": 0.8498353314399719,
        "val.psnr": 35.33437814712524,
        "val.rsbpp": 0.9436157369613647,
        "train.encoder_mse": 0.0012131039891391992,
        "train.decoder_loss": 0.07988194078207016,
        "train.decoder_acc": 0.9691539335250855,
        "train.cover_score": 0.04574349895119667,
        "train.generated_score": 0.05149880468845367,
        "epoch": 27
    },
    {
        "val.encoder_mse": 0.0011674719606526195,
        "val.decoder_loss": 0.08131827268749475,
        "val.decoder_acc": 0.9682182908058167,
        "val.cover_score": 0.046112189441919325,
        "val.generated_score": 0.05208225876092911,
        "val.ssim": 0.8635479831695556,
        "val.psnr": 35.4882890701294,
        "val.rsbpp": 0.9364365816116333,
        "train.encoder_mse": 0.0011659491574391723,
        "train.decoder_loss": 0.07485221512615681,
        "train.decoder_acc": 0.9710587954521179,
        "train.cover_score": 0.04592796310782433,
        "train.generated_score": 0.051948943883180616,
        "epoch": 28
    },
    {
        "val.encoder_mse": 0.0011084106424823403,
        "val.decoder_loss": 0.07086420342326165,
        "val.decoder_acc": 0.9730479145050048,
        "val.cover_score": 0.04552591145038605,
        "val.generated_score": 0.051282338201999664,
        "val.ssim": 0.8548515653610229,
        "val.psnr": 35.631706142425536,
        "val.rsbpp": 0.9460958290100098,
        "train.encoder_mse": 0.0011980380932800471,
        "train.decoder_loss": 0.07694859161973,
        "train.decoder_acc": 0.9701503086090087,
        "train.cover_score": 0.0457850906252861,
        "train.generated_score": 0.050842046290636066,
        "epoch": 29
    },
    {
        "val.encoder_mse": 0.0013885441236197948,
        "val.decoder_loss": 0.08855862587690354,
        "val.decoder_acc": 0.9651414322853088,
        "val.cover_score": 0.04648822277784347,
        "val.generated_score": 0.052219665795564654,
        "val.ssim": 0.870755410194397,
        "val.psnr": 34.75138120651245,
        "val.rsbpp": 0.9302828645706177,
        "train.encoder_mse": 0.0011642577382735908,
        "train.decoder_loss": 0.07530124850571156,
        "train.decoder_acc": 0.9709668970108032,
        "train.cover_score": 0.0459293207526207,
        "train.generated_score": 0.05185167148709297,
        "epoch": 30
    },
    {
        "val.encoder_mse": 0.0010865237470716238,
        "val.decoder_loss": 0.07874562777578831,
        "val.decoder_acc": 0.9697292375564576,
        "val.cover_score": 0.046001046746969226,
        "val.generated_score": 0.05194484651088715,
        "val.ssim": 0.8666215467453003,
        "val.psnr": 35.7658275604248,
        "val.rsbpp": 0.939458475112915,
        "train.encoder_mse": 0.0011100990371778606,
        "train.decoder_loss": 0.06965201616287231,
        "train.decoder_acc": 0.9734879636764526,
        "train.cover_score": 0.04557142585515976,
        "train.generated_score": 0.05172227680683136,
        "epoch": 31
    },
    {
        "val.encoder_mse": 0.001084633015561849,
        "val.decoder_loss": 0.07437825568020344,
        "val.decoder_acc": 0.9714082527160645,
        "val.cover_score": 0.04622784689068794,
        "val.generated_score": 0.05262221738696098,
        "val.ssim": 0.8576766228675843,
        "val.psnr": 35.76549596786499,
        "val.rsbpp": 0.9428165054321289,
        "train.encoder_mse": 0.0010512791946530342,
        "train.decoder_loss": 0.07089382581412793,
        "train.decoder_acc": 0.9729885005950928,
        "train.cover_score": 0.0460809363424778,
        "train.generated_score": 0.052187698483467104,
        "epoch": 32
    },
    {
        "val.encoder_mse": 0.001069166949018836,
        "val.decoder_loss": 0.0695345526188612,
        "val.decoder_acc": 0.9734127306938172,
        "val.cover_score": 0.04575271278619766,
        "val.generated_score": 0.04964355751872063,
        "val.ssim": 0.8624440622329712,
        "val.psnr": 35.91172323226929,
        "val.rsbpp": 0.9468254613876342,
        "train.encoder_mse": 0.0010503420443274082,
        "train.decoder_loss": 0.07317429192364217,
        "train.decoder_acc": 0.9718371915817261,
        "train.cover_score": 0.046202244460582735,
        "train.generated_score": 0.05203212440013885,
        "epoch": 1
    },
    {
        "val.encoder_mse": 0.0011187623511068523,
        "val.decoder_loss": 0.07622619774192571,
        "val.decoder_acc": 0.9705629658699035,
        "val.cover_score": 0.045572803616523744,
        "val.generated_score": 0.052734438329935074,
        "val.ssim": 0.8603237366676331,
        "val.psnr": 35.65290355682373,
        "val.rsbpp": 0.9411259317398071,
        "train.encoder_mse": 0.0010607349523343145,
        "train.decoder_loss": 0.07012652598321438,
        "train.decoder_acc": 0.9732462930679321,
        "train.cover_score": 0.04584467247128487,
        "train.generated_score": 0.05158292219042778,
        "epoch": 2
    },
    {
        "val.encoder_mse": 0.0010425370815210044,
        "val.decoder_loss": 0.06818304307758809,
        "val.decoder_acc": 0.9738923645019532,
        "val.cover_score": 0.04575826182961464,
        "val.generated_score": 0.05205450713634491,
        "val.ssim": 0.8593167543411255,
        "val.psnr": 35.96005449295044,
        "val.rsbpp": 0.9477847290039062,
        "train.encoder_mse": 0.0010361160547472537,
        "train.decoder_loss": 0.0745280160754919,
        "train.decoder_acc": 0.9714778518676758,
        "train.cover_score": 0.04593743026256561,
        "train.generated_score": 0.05171865150332451,
        "epoch": 3
    },
    {
        "val.encoder_mse": 0.0010474813566543162,
        "val.decoder_loss": 0.06475429065525531,
        "val.decoder_acc": 0.9756533193588257,
        "val.cover_score": 0.04548196017742157,
        "val.generated_score": 0.05258351966738701,
        "val.ssim": 0.8646469330787658,
        "val.psnr": 35.89363718032837,
        "val.rsbpp": 0.9513066387176514,
        "train.encoder_mse": 0.0010588778066448867,
        "train.decoder_loss": 0.07685165621340274,
        "train.decoder_acc": 0.9702337121963501,
        "train.cover_score": 0.04579903915524483,
        "train.generated_score": 0.05134925782680511,
        "epoch": 4
    },
    {
        "val.encoder_mse": 0.0010897247167304157,
        "val.decoder_loss": 0.0802744311094284,
        "val.decoder_acc": 0.9692648839950562,
        "val.cover_score": 0.046026043593883514,
        "val.generated_score": 0.05200332120060921,
        "val.ssim": 0.8739332818984985,
        "val.psnr": 35.78326015472412,
        "val.rsbpp": 0.9385297679901123,
        "train.encoder_mse": 0.000972515563480556,
        "train.decoder_loss": 0.05918722569942474,
        "train.decoder_acc": 0.9777616477012634,
        "train.cover_score": 0.045523827224969865,
        "train.generated_score": 0.052198800146579745,
        "epoch": 5
    },
    {
        "val.encoder_mse": 0.0011156918830238284,
        "val.decoder_loss": 0.07484574578702449,
        "val.decoder_acc": 0.9710946679115295,
        "val.cover_score": 0.0456991483271122,
        "val.generated_score": 0.05144403979182243,
        "val.ssim": 0.865663902759552,
        "val.psnr": 35.68660306930542,
        "val.rsbpp": 0.9421893358230591,
        "train.encoder_mse": 0.001061121392995119,
        "train.decoder_loss": 0.07296673290431499,
        "train.decoder_acc": 0.9718232226371765,
        "train.cover_score": 0.04545298263430595,
        "train.generated_score": 0.051328702419996264,
        "epoch": 6
    },
    {
        "val.encoder_mse": 0.0010518716089427472,
        "val.decoder_loss": 0.06605858486145735,
        "val.decoder_acc": 0.9749775433540344,
        "val.cover_score": 0.04534520134329796,
        "val.generated_score": 0.05277914315462112,
        "val.ssim": 0.8585637950897217,
        "val.psnr": 35.878820991516115,
        "val.rsbpp": 0.9499550867080688,
        "train.encoder_mse": 0.001090016053058207,
        "train.decoder_loss": 0.07440149582922459,
        "train.decoder_acc": 0.9711601090431213,
        "train.cover_score": 0.045832540988922116,
        "train.generated_score": 0.0519033046066761,
        "epoch": 7
    },
    {
        "val.encoder_mse": 0.00111062821932137,
        "val.decoder_loss": 0.06800799757242203,
        "val.decoder_acc": 0.9741729187965393,
        "val.cover_score": 0.04563085943460465,
        "val.generated_score": 0.05180403023958206,
        "val.ssim": 0.8664090514183045,
        "val.psnr": 35.63977060317993,
        "val.rsbpp": 0.9483458375930787,
        "train.encoder_mse": 0.0011819178750738502,
        "train.decoder_loss": 0.06889699012041092,
        "train.decoder_acc": 0.9733621168136597,
        "train.cover_score": 0.04550901606678963,
        "train.generated_score": 0.05217655166983604,
        "epoch": 8
    },
    {
        "val.encoder_mse": 0.0010148138087242842,
        "val.decoder_loss": 0.07055004190653563,
        "val.decoder_acc": 0.9727208352088929,
        "val.cover_score": 0.04606714442372322,
        "val.generated_score": 0.05057841166853905,
        "val.ssim": 0.8632874131202698,
        "val.psnr": 36.064715480804445,
        "val.rsbpp": 0.9454416704177856,
        "train.encoder_mse": 0.0010637700860388578,
        "train.decoder_loss": 0.07097630679607392,
        "train.decoder_acc": 0.9723937439918519,
        "train.cover_score": 0.045726018399000166,
        "train.generated_score": 0.051812818348407744,
        "epoch": 9
    },
    {
        "val.encoder_mse": 0.0009504485968500376,
        "val.decoder_loss": 0.0616004092618823,
        "val.decoder_acc": 0.9765616488456726,
        "val.cover_score": 0.04510336920619011,
        "val.generated_score": 0.050737145990133285,
        "val.ssim": 0.8627125787734985,
        "val.psnr": 36.31466951370239,
        "val.rsbpp": 0.9531232976913452,
        "train.encoder_mse": 0.0009483952401205897,
        "train.decoder_loss": 0.05886636793613434,
        "train.decoder_acc": 0.9778542375564575,
        "train.cover_score": 0.04560989886522293,
        "train.generated_score": 0.05255027011036873,
        "epoch": 10
    },
    {
        "val.encoder_mse": 0.0010443783551454544,
        "val.decoder_loss": 0.06919261239469052,
        "val.decoder_acc": 0.9732978343963623,
        "val.cover_score": 0.04559521347284317,
        "val.generated_score": 0.052114797681570055,
        "val.ssim": 0.8643277263641358,
        "val.psnr": 36.016128635406496,
        "val.rsbpp": 0.9465956687927246,
        "train.encoder_mse": 0.001041892485227436,
        "train.decoder_loss": 0.06685125820338726,
        "train.decoder_acc": 0.9743310904502869,
        "train.cover_score": 0.046038511246442794,
        "train.generated_score": 0.05301910623908043,
        "epoch": 11
    },
    {
        "val.encoder_mse": 0.0009655456244945526,
        "val.decoder_loss": 0.0662454567104578,
        "val.decoder_acc": 0.9750278520584107,
        "val.cover_score": 0.046632099449634555,
        "val.generated_score": 0.05341842100024223,
        "val.ssim": 0.8649354243278503,
        "val.psnr": 36.258216381073,
        "val.rsbpp": 0.9500557041168213,
        "train.encoder_mse": 0.0009759272099472583,
        "train.decoder_loss": 0.06757706366479396,
        "train.decoder_acc": 0.9739265418052674,
        "train.cover_score": 0.04638281539082527,
        "train.generated_score": 0.05210342690348625,
        "epoch": 12
    },
    {
        "val.encoder_mse": 0.0011344986339099706,
        "val.decoder_loss": 0.06727881029248238,
        "val.decoder_acc": 0.9738727688789368,
        "val.cover_score": 0.045487794429063796,
        "val.generated_score": 0.051484833508729934,
        "val.ssim": 0.8625951504707337,
        "val.psnr": 35.57634630203247,
        "val.rsbpp": 0.9477455377578735,
        "train.encoder_mse": 0.0010120047093369066,
        "train.decoder_loss": 0.06749714136123658,
        "train.decoder_acc": 0.9741091775894165,
        "train.cover_score": 0.04560282364487648,
        "train.generated_score": 0.05327105775475502,
        "epoch": 13
    },
    {
        "val.encoder_mse": 0.0009694752725772559,
        "val.decoder_loss": 0.06146981164813042,
        "val.decoder_acc": 0.9766490721702575,
        "val.cover_score": 0.04546210065484047,
        "val.generated_score": 0.051686234176158904,
        "val.ssim": 0.860954372882843,
        "val.psnr": 36.26582374572754,
        "val.rsbpp": 0.9532981443405152,
        "train.encoder_mse": 0.0009752632584422826,
        "train.decoder_loss": 0.06239856954663992,
        "train.decoder_acc": 0.9763699102401734,
        "train.cover_score": 0.0459077000617981,
        "train.generated_score": 0.052294138669967655,
        "epoch": 14
    },
    {
        "val.encoder_mse": 0.0009003605437465012,
        "val.decoder_loss": 0.06590778017416596,
        "val.decoder_acc": 0.9750698280334472,
        "val.cover_score": 0.04539941325783729,
        "val.generated_score": 0.05057728260755539,
        "val.ssim": 0.8831649422645569,
        "val.psnr": 36.56309118270874,
        "val.rsbpp": 0.9501396560668945,
        "train.encoder_mse": 0.0009304964682087302,
        "train.decoder_loss": 0.07065068058669567,
        "train.decoder_acc": 0.9726965999603272,
        "train.cover_score": 0.045654128938913345,
        "train.generated_score": 0.051316897720098495,
        "epoch": 15
    },
    {
        "val.encoder_mse": 0.0009686284023337066,
        "val.decoder_loss": 0.06229917399585247,
        "val.decoder_acc": 0.976275224685669,
        "val.cover_score": 0.045369826555252075,
        "val.generated_score": 0.050702017247676846,
        "val.ssim": 0.8770884799957276,
        "val.psnr": 36.39078302383423,
        "val.rsbpp": 0.9525504493713379,
        "train.encoder_mse": 0.0009642996173352003,
        "train.decoder_loss": 0.0675875560566783,
        "train.decoder_acc": 0.9740400385856628,
        "train.cover_score": 0.04558851525187493,
        "train.generated_score": 0.05078112825751305,
        "epoch": 16
    },
    {
        "val.encoder_mse": 0.00099856331711635,
        "val.decoder_loss": 0.06606759592890739,
        "val.decoder_acc": 0.9746635770797729,
        "val.cover_score": 0.0457200326025486,
        "val.generated_score": 0.05087781578302383,
        "val.ssim": 0.8718441152572631,
        "val.psnr": 36.19288682937622,
        "val.rsbpp": 0.9493271541595459,
        "train.encoder_mse": 0.0009695279831066728,
        "train.decoder_loss": 0.0666789747774601,
        "train.decoder_acc": 0.9742644262313843,
        "train.cover_score": 0.04546429738402367,
        "train.generated_score": 0.05144623562693596,
        "epoch": 17
    },
    {
        "val.encoder_mse": 0.0010251695686019956,
        "val.decoder_loss": 0.07267977427691222,
        "val.decoder_acc": 0.9718168163299561,
        "val.cover_score": 0.04643342047929764,
        "val.generated_score": 0.052227462977170944,
        "val.ssim": 0.8751479864120484,
        "val.psnr": 36.06290864944458,
        "val.rsbpp": 0.9436336326599121,
        "train.encoder_mse": 0.0009468786581419409,
        "train.decoder_loss": 0.0577351912856102,
        "train.decoder_acc": 0.9781248426437378,
        "train.cover_score": 0.04577191054821014,
        "train.generated_score": 0.051841324269771574,
        "epoch": 18
    },
    {
        "val.encoder_mse": 0.000906665907241404,
        "val.decoder_loss": 0.06068937778472901,
        "val.decoder_acc": 0.9769645071029663,
        "val.cover_score": 0.0453572216629982,
        "val.generated_score": 0.05000100120902062,
        "val.ssim": 0.876233947277069,
        "val.psnr": 36.5030873298645,
        "val.rsbpp": 0.9539290142059326,
        "train.encoder_mse": 0.0009223442221991718,
        "train.decoder_loss": 0.059412022903561595,
        "train.decoder_acc": 0.9775538563728332,
        "train.cover_score": 0.04585632652044296,
        "train.generated_score": 0.050961111932992936,
        "epoch": 19
    },
    {
        "val.encoder_mse": 0.0009076417051255703,
        "val.decoder_loss": 0.05585436336696148,
        "val.decoder_acc": 0.9790371918678283,
        "val.cover_score": 0.04531596526503563,
        "val.generated_score": 0.05029472768306732,
        "val.ssim": 0.8782133793830872,
        "val.psnr": 36.48861150741577,
        "val.rsbpp": 0.9580743837356568,
        "train.encoder_mse": 0.0009357824176549911,
        "train.decoder_loss": 0.05971416234970093,
        "train.decoder_acc": 0.977427852153778,
        "train.cover_score": 0.045598872452974316,
        "train.generated_score": 0.049601131677627565,
        "epoch": 20
    },
    {
        "val.encoder_mse": 0.0009216594835743308,
        "val.decoder_loss": 0.06076114512979984,
        "val.decoder_acc": 0.9766055536270142,
        "val.cover_score": 0.04557057797908783,
        "val.generated_score": 0.05313749670982361,
        "val.ssim": 0.8673139047622681,
        "val.psnr": 36.468445491790774,
        "val.rsbpp": 0.9532111072540284,
        "train.encoder_mse": 0.0008964616851881147,
        "train.decoder_loss": 0.05998921923339367,
        "train.decoder_acc": 0.977074384689331,
        "train.cover_score": 0.045636626332998274,
        "train.generated_score": 0.05039405837655067,
        "epoch": 21
    },
    {
        "val.encoder_mse": 0.0008841084409505129,
        "val.decoder_loss": 0.05584271524101496,
        "val.decoder_acc": 0.9789644336700439,
        "val.cover_score": 0.04603947028517723,
        "val.generated_score": 0.05024096742272377,
        "val.ssim": 0.8767448210716248,
        "val.psnr": 36.62271842956543,
        "val.rsbpp": 0.9579288673400879,
        "train.encoder_mse": 0.0008682487206533551,
        "train.decoder_loss": 0.05960370078682899,
        "train.decoder_acc": 0.9771712160110474,
        "train.cover_score": 0.04521026507019996,
        "train.generated_score": 0.05247405961155891,
        "epoch": 22
    },
    {
        "val.encoder_mse": 0.0008783892076462507,
        "val.decoder_loss": 0.06199913799762726,
        "val.decoder_acc": 0.9761010766029358,
        "val.cover_score": 0.04646981030702591,
        "val.generated_score": 0.05040095299482346,
        "val.ssim": 0.8777741289138794,
        "val.psnr": 36.66538696289062,
        "val.rsbpp": 0.9522021532058715,
        "train.encoder_mse": 0.0008806254272349179,
        "train.decoder_loss": 0.05751038685441017,
        "train.decoder_acc": 0.9780776190757752,
        "train.cover_score": 0.04624605804681778,
        "train.generated_score": 0.05259177401661873,
        "epoch": 23
    },
    {
        "val.encoder_mse": 0.0008765196823514998,
        "val.decoder_loss": 0.06304312244057655,
        "val.decoder_acc": 0.9758517718315125,
        "val.cover_score": 0.04581274718046188,
        "val.generated_score": 0.051528458595275876,
        "val.ssim": 0.8870567059516907,
        "val.psnr": 36.71477174758911,
        "val.rsbpp": 0.9517035436630249,
        "train.encoder_mse": 0.0008617369481362402,
        "train.decoder_loss": 0.05840973362326622,
        "train.decoder_acc": 0.9777802467346192,
        "train.cover_score": 0.045373930633068084,
        "train.generated_score": 0.05071718394756317,
        "epoch": 24
    },
    {
        "val.encoder_mse": 0.0008807091158814728,
        "val.decoder_loss": 0.061866990402340886,
        "val.decoder_acc": 0.9762991499900818,
        "val.cover_score": 0.04614362850785256,
        "val.generated_score": 0.05169849425554276,
        "val.ssim": 0.8805964517593384,
        "val.psnr": 36.726097679138185,
        "val.rsbpp": 0.9525982999801635,
        "train.encoder_mse": 0.0008308338583447039,
        "train.decoder_loss": 0.05693233817815781,
        "train.decoder_acc": 0.9782815527915955,
        "train.cover_score": 0.04579885452985764,
        "train.generated_score": 0.05249661654233932,
        "epoch": 25
    },
    {
        "val.encoder_mse": 0.0008588626841083169,
        "val.decoder_loss": 0.062220192179083825,
        "val.decoder_acc": 0.9761647367477417,
        "val.cover_score": 0.04625558391213417,
        "val.generated_score": 0.049666334390640256,
        "val.ssim": 0.8785033750534058,
        "val.psnr": 36.76208629608154,
        "val.rsbpp": 0.9523294734954834,
        "train.encoder_mse": 0.0007807816844433546,
        "train.decoder_loss": 0.054721393287181855,
        "train.decoder_acc": 0.9789433646202087,
        "train.cover_score": 0.04613857090473175,
        "train.generated_score": 0.05152935206890106,
        "epoch": 26
    },
    {
        "val.encoder_mse": 0.0008715049363672734,
        "val.decoder_loss": 0.055420871973037716,
        "val.decoder_acc": 0.9791084909439087,
        "val.cover_score": 0.04582015588879585,
        "val.generated_score": 0.05089956045150757,
        "val.ssim": 0.8786735916137696,
        "val.psnr": 36.71430854797363,
        "val.rsbpp": 0.9582169818878173,
        "train.encoder_mse": 0.0008582920650951565,
        "train.decoder_loss": 0.06370378576219082,
        "train.decoder_acc": 0.9754473757743836,
        "train.cover_score": 0.045533903539180756,
        "train.generated_score": 0.05068586513400078,
        "epoch": 27
    },
    {
        "val.encoder_mse": 0.0009144727140665054,
        "val.decoder_loss": 0.0641709702461958,
        "val.decoder_acc": 0.975318055152893,
        "val.cover_score": 0.04598284423351288,
        "val.generated_score": 0.05035823956131935,
        "val.ssim": 0.875968623161316,
        "val.psnr": 36.56316661834717,
        "val.rsbpp": 0.9506361103057861,
        "train.encoder_mse": 0.0008815495716407895,
        "train.decoder_loss": 0.06066911578178406,
        "train.decoder_acc": 0.9768067908287048,
        "train.cover_score": 0.045995430648326875,
        "train.generated_score": 0.05279059886932373,
        "epoch": 28
    },
    {
        "val.encoder_mse": 0.0009273514291271567,
        "val.decoder_loss": 0.06144101917743683,
        "val.decoder_acc": 0.9766009283065796,
        "val.cover_score": 0.045686514526605604,
        "val.generated_score": 0.05105815127491951,
        "val.ssim": 0.8801743388175964,
        "val.psnr": 36.43934259414673,
        "val.rsbpp": 0.9532018566131591,
        "train.encoder_mse": 0.0008467956143431366,
        "train.decoder_loss": 0.05295776225626469,
        "train.decoder_acc": 0.9799349522590637,
        "train.cover_score": 0.04570446521043778,
        "train.generated_score": 0.050582818239927295,
        "epoch": 29
    },
    {
        "val.encoder_mse": 0.0008487298525869846,
        "val.decoder_loss": 0.060624279342591764,
        "val.decoder_acc": 0.9768367290496827,
        "val.cover_score": 0.04509054139256477,
        "val.generated_score": 0.04919997960329056,
        "val.ssim": 0.8857033038139344,
        "val.psnr": 36.81604824066162,
        "val.rsbpp": 0.9536734580993652,
        "train.encoder_mse": 0.0009112064796499907,
        "train.decoder_loss": 0.06272205285727978,
        "train.decoder_acc": 0.9758551716804504,
        "train.cover_score": 0.045910523682832716,
        "train.generated_score": 0.051072591096162794,
        "epoch": 30
    },
    {
        "val.encoder_mse": 0.0008349710423499345,
        "val.decoder_loss": 0.05519024506211281,
        "val.decoder_acc": 0.9789858841896057,
        "val.cover_score": 0.04549551099538803,
        "val.generated_score": 0.05051765710115433,
        "val.ssim": 0.8797308802604675,
        "val.psnr": 36.93018264770508,
        "val.rsbpp": 0.9579717683792114,
        "train.encoder_mse": 0.000836439193226397,
        "train.decoder_loss": 0.05778378687798977,
        "train.decoder_acc": 0.9780381155014038,
        "train.cover_score": 0.045764742493629454,
        "train.generated_score": 0.050393250435590745,
        "epoch": 31
    },
    {
        "val.encoder_mse": 0.000855659143999219,
        "val.decoder_loss": 0.05645611379295588,
        "val.decoder_acc": 0.9784482240676879,
        "val.cover_score": 0.045727827101945874,
        "val.generated_score": 0.050014576017856596,
        "val.ssim": 0.8856997227668763,
        "val.psnr": 36.761914825439455,
        "val.rsbpp": 0.956896448135376,
        "train.encoder_mse": 0.0008172026183456183,
        "train.decoder_loss": 0.052477975524961945,
        "train.decoder_acc": 0.9802594900131225,
        "train.cover_score": 0.04577428311109543,
        "train.generated_score": 0.05085899129509926,
        "epoch": 32
    }
]