[
    {
        "val.encoder_mse": 0.0207001568749547,
        "val.decoder_loss": 0.5805179023742676,
        "val.decoder_acc": 0.7097666811943054,
        "val.cover_score": -0.027970431670546532,
        "val.generated_score": -0.03325687184929848,
        "val.ssim": 0.6224055778980255,
        "val.psnr": 23.059351444244385,
        "val.rsbpp": 0.41953336238861083,
        "train.encoder_mse": 0.05318796797655523,
        "train.decoder_loss": 0.6320225620269775,
        "train.decoder_acc": 0.6580458492040634,
        "train.cover_score": -0.02834983746521175,
        "train.generated_score": -0.03987740568816662,
        "epoch": 1
    },
    {
        "val.encoder_mse": 0.010698841828852891,
        "val.decoder_loss": 0.4416413772106171,
        "val.decoder_acc": 0.797622241973877,
        "val.cover_score": -0.031511829271912574,
        "val.generated_score": -0.05368199869990349,
        "val.ssim": 0.712451868057251,
        "val.psnr": 26.23452796936035,
        "val.rsbpp": 0.5952444839477539,
        "train.encoder_mse": 0.015082427785964683,
        "train.decoder_loss": 0.5052331613004207,
        "train.decoder_acc": 0.7593666845560074,
        "train.cover_score": -0.028460259549319744,
        "train.generated_score": -0.04740152757614851,
        "epoch": 2
    },
    {
        "val.encoder_mse": 0.00743260644376278,
        "val.decoder_loss": 0.34744532585144045,
        "val.decoder_acc": 0.8478555822372437,
        "val.cover_score": -0.030218224674463272,
        "val.generated_score": -0.05430211916565895,
        "val.ssim": 0.7351466608047486,
        "val.psnr": 27.83469429016113,
        "val.rsbpp": 0.6957111644744873,
        "train.encoder_mse": 0.009509133409010247,
        "train.decoder_loss": 0.39775505974888803,
        "train.decoder_acc": 0.8204694640636444,
        "train.cover_score": -0.029568663937970995,
        "train.generated_score": -0.061555356718599796,
        "epoch": 3
    },
    {
        "val.encoder_mse": 0.0046680250763893125,
        "val.decoder_loss": 0.2579995059967041,
        "val.decoder_acc": 0.8930555820465088,
        "val.cover_score": -0.030020546317100525,
        "val.generated_score": -0.04828991442918777,
        "val.ssim": 0.7887130928039551,
        "val.psnr": 29.600195026397706,
        "val.rsbpp": 0.7861111640930176,
        "train.encoder_mse": 0.006434375829412602,
        "train.decoder_loss": 0.2953503841161728,
        "train.decoder_acc": 0.8751472443342209,
        "train.cover_score": -0.030771317738108338,
        "train.generated_score": -0.06561242936179042,
        "epoch": 4
    },
    {
        "val.encoder_mse": 0.003331997743807733,
        "val.decoder_loss": 0.20078080713748933,
        "val.decoder_acc": 0.9206778025627136,
        "val.cover_score": -0.027122721374034882,
        "val.generated_score": -0.0440922024846077,
        "val.ssim": 0.8189988422393799,
        "val.psnr": 31.26951847076416,
        "val.rsbpp": 0.8413556051254273,
        "train.encoder_mse": 0.004847119646146893,
        "train.decoder_loss": 0.2437141377478838,
        "train.decoder_acc": 0.8991389089822769,
        "train.cover_score": -0.031001911675557495,
        "train.generated_score": -0.06360815977212042,
        "epoch": 5
    },
    {
        "val.encoder_mse": 0.0031035879533737897,
        "val.decoder_loss": 0.20118315309286117,
        "val.decoder_acc": 0.9176666879653931,
        "val.cover_score": -0.0337067212164402,
        "val.generated_score": -0.039198279306292536,
        "val.ssim": 0.8454998683929443,
        "val.psnr": 31.5408896446228,
        "val.rsbpp": 0.8353333759307862,
        "train.encoder_mse": 0.0038855674111982806,
        "train.decoder_loss": 0.20741598721593618,
        "train.decoder_acc": 0.9147180762887,
        "train.cover_score": -0.0316171795129776,
        "train.generated_score": -0.057037884294986727,
        "epoch": 6
    },
    {
        "val.encoder_mse": 0.0027620683051645754,
        "val.decoder_loss": 0.16742175877094267,
        "val.decoder_acc": 0.9329111361503601,
        "val.cover_score": -0.022669801861047743,
        "val.generated_score": -0.026849209107458593,
        "val.ssim": 0.8466892051696777,
        "val.psnr": 31.951527881622315,
        "val.rsbpp": 0.8658222723007202,
        "train.encoder_mse": 0.0030380301241530105,
        "train.decoder_loss": 0.18231708297505975,
        "train.decoder_acc": 0.9253528013825416,
        "train.cover_score": -0.03093538307584822,
        "train.generated_score": -0.06195051617920399,
        "epoch": 7
    },
    {
        "val.encoder_mse": 0.002174862641841173,
        "val.decoder_loss": 0.13747883200645447,
        "val.decoder_acc": 0.9468889141082764,
        "val.cover_score": -0.028063155114650726,
        "val.generated_score": -0.021497226059436797,
        "val.ssim": 0.8536661791801453,
        "val.psnr": 32.85092697143555,
        "val.rsbpp": 0.8937778282165527,
        "train.encoder_mse": 0.002909776449087076,
        "train.decoder_loss": 0.1681389037705958,
        "train.decoder_acc": 0.9327014118432999,
        "train.cover_score": -0.03253023945726454,
        "train.generated_score": -0.06817707445472479,
        "epoch": 8
    },
    {
        "val.encoder_mse": 0.0019044250855222344,
        "val.decoder_loss": 0.110520179271698,
        "val.decoder_acc": 0.9587666940689087,
        "val.cover_score": -0.035752700567245485,
        "val.generated_score": 0.013236970007419586,
        "val.ssim": 0.8574670791625977,
        "val.psnr": 33.507365989685056,
        "val.rsbpp": 0.9175333881378174,
        "train.encoder_mse": 0.002496843372937292,
        "train.decoder_loss": 0.1538483982346952,
        "train.decoder_acc": 0.9385986331105233,
        "train.cover_score": -0.02889876937493682,
        "train.generated_score": -0.08646178185939789,
        "epoch": 9
    },
    {
        "val.encoder_mse": 0.0017248061578720808,
        "val.decoder_loss": 0.12151226565241814,
        "val.decoder_acc": 0.9532000207901001,
        "val.cover_score": -0.035571718215942384,
        "val.generated_score": 0.04430922284722328,
        "val.ssim": 0.861276204586029,
        "val.psnr": 33.780914306640625,
        "val.rsbpp": 0.9064000415802002,
        "train.encoder_mse": 0.0023193342832382767,
        "train.decoder_loss": 0.14356610650196672,
        "train.decoder_acc": 0.9425861346721649,
        "train.cover_score": -0.029897479303181172,
        "train.generated_score": -0.13306538002565504,
        "epoch": 10
    },
    {
        "val.encoder_mse": 0.0019095613388344646,
        "val.decoder_loss": 0.12219727478921413,
        "val.decoder_acc": 0.9524889111518859,
        "val.cover_score": -0.033741862177848816,
        "val.generated_score": 0.053985029309988025,
        "val.ssim": 0.8535910868644714,
        "val.psnr": 33.6193733215332,
        "val.rsbpp": 0.904977822303772,
        "train.encoder_mse": 0.0021757136954693125,
        "train.decoder_loss": 0.13366254864260554,
        "train.decoder_acc": 0.9465389120578765,
        "train.cover_score": -0.036060782196000216,
        "train.generated_score": -0.1478964769281447,
        "epoch": 11
    },
    {
        "val.encoder_mse": 0.001833057664334774,
        "val.decoder_loss": 0.11805040389299393,
        "val.decoder_acc": 0.9536000275611878,
        "val.cover_score": -0.02489666298031807,
        "val.generated_score": 0.09570721656084061,
        "val.ssim": 0.8740939211845398,
        "val.psnr": 33.558294677734374,
        "val.rsbpp": 0.9072000551223754,
        "train.encoder_mse": 0.0019045840491889977,
        "train.decoder_loss": 0.12252146642655135,
        "train.decoder_acc": 0.9516986328363418,
        "train.cover_score": -0.03458523963578045,
        "train.generated_score": -0.16975593227893115,
        "epoch": 12
    },
    {
        "val.encoder_mse": 0.0015975172398611903,
        "val.decoder_loss": 0.10148217380046845,
        "val.decoder_acc": 0.960711133480072,
        "val.cover_score": -0.030022989436984063,
        "val.generated_score": 0.07602988585829734,
        "val.ssim": 0.8745937013626098,
        "val.psnr": 34.16755743026734,
        "val.rsbpp": 0.9214222669601441,
        "train.encoder_mse": 0.0019198954521561973,
        "train.decoder_loss": 0.12202474689111113,
        "train.decoder_acc": 0.9520639112591743,
        "train.cover_score": -0.03041301221586764,
        "train.generated_score": -0.1980100662074983,
        "epoch": 13
    },
    {
        "val.encoder_mse": 0.0014749634475447236,
        "val.decoder_loss": 0.11040305867791175,
        "val.decoder_acc": 0.9569333505630493,
        "val.cover_score": -0.03232542440295219,
        "val.generated_score": 0.14685473412275316,
        "val.ssim": 0.8742552804946899,
        "val.psnr": 34.550144577026366,
        "val.rsbpp": 0.9138667011260986,
        "train.encoder_mse": 0.0016945705487160013,
        "train.decoder_loss": 0.11049783031456173,
        "train.decoder_acc": 0.9569236353039742,
        "train.cover_score": -0.03177414328791201,
        "train.generated_score": -0.23814927499741315,
        "epoch": 14
    },
    {
        "val.encoder_mse": 0.0016615323582664131,
        "val.decoder_loss": 0.11499638289213181,
        "val.decoder_acc": 0.9556555819511413,
        "val.cover_score": -0.03468866094946861,
        "val.generated_score": 0.16072722047567367,
        "val.ssim": 0.8898454546928406,
        "val.psnr": 34.26517419815063,
        "val.rsbpp": 0.9113111639022827,
        "train.encoder_mse": 0.001757875987677835,
        "train.decoder_loss": 0.11286792300641536,
        "train.decoder_acc": 0.9559527996182442,
        "train.cover_score": -0.031170864906162023,
        "train.generated_score": -0.2344447946175933,
        "epoch": 15
    },
    {
        "val.encoder_mse": 0.0013374606613069772,
        "val.decoder_loss": 0.09230846546590328,
        "val.decoder_acc": 0.966000030040741,
        "val.cover_score": -0.02384768020361662,
        "val.generated_score": 0.21216881930828094,
        "val.ssim": 0.8889481353759766,
        "val.psnr": 34.85896692276001,
        "val.rsbpp": 0.932000060081482,
        "train.encoder_mse": 0.0016693472550832666,
        "train.decoder_loss": 0.10890936953015626,
        "train.decoder_acc": 0.9569416901469231,
        "train.cover_score": -0.03108021735213697,
        "train.generated_score": -0.29262648209929465,
        "epoch": 16
    },
    {
        "val.encoder_mse": 0.0016513786278665066,
        "val.decoder_loss": 0.11068714670836925,
        "val.decoder_acc": 0.9570555782318115,
        "val.cover_score": -0.02170619189739227,
        "val.generated_score": 0.18902731984853743,
        "val.ssim": 0.8937377095222473,
        "val.psnr": 34.077913188934325,
        "val.rsbpp": 0.9141111564636231,
        "train.encoder_mse": 0.0015985675004776567,
        "train.decoder_loss": 0.10515586939640344,
        "train.decoder_acc": 0.9591236352920532,
        "train.cover_score": -0.028326994949020447,
        "train.generated_score": -0.3155811414122581,
        "epoch": 17
    },
    {
        "val.encoder_mse": 0.0015798833733424544,
        "val.decoder_loss": 0.0812991987913847,
        "val.decoder_acc": 0.9689333581924439,
        "val.cover_score": -0.025198869109153747,
        "val.generated_score": 0.2642353862524033,
        "val.ssim": 0.8708230185508729,
        "val.psnr": 34.40562515258789,
        "val.rsbpp": 0.9378667163848877,
        "train.encoder_mse": 0.0017117290262831375,
        "train.decoder_loss": 0.10402593191713094,
        "train.decoder_acc": 0.9592555794119835,
        "train.cover_score": -0.03224647076800466,
        "train.generated_score": -0.3319982562214136,
        "epoch": 18
    },
    {
        "val.encoder_mse": 0.0016523769032210111,
        "val.decoder_loss": 0.09498493798077107,
        "val.decoder_acc": 0.9629333591461182,
        "val.cover_score": -0.03025153487920761,
        "val.generated_score": 0.24231385797262192,
        "val.ssim": 0.88832111120224,
        "val.psnr": 34.01120662689209,
        "val.rsbpp": 0.9258667182922363,
        "train.encoder_mse": 0.0015568680656724608,
        "train.decoder_loss": 0.09268635464832187,
        "train.decoder_acc": 0.9642541909217834,
        "train.cover_score": -0.032562228555325416,
        "train.generated_score": -0.3552636868879199,
        "epoch": 19
    },
    {
        "val.encoder_mse": 0.0011725367652252316,
        "val.decoder_loss": 0.07548794068396092,
        "val.decoder_acc": 0.9717555785179138,
        "val.cover_score": -0.02275349460542202,
        "val.generated_score": 0.17790744990110396,
        "val.ssim": 0.8906436371803284,
        "val.psnr": 35.38713808059693,
        "val.rsbpp": 0.9435111570358277,
        "train.encoder_mse": 0.0014589337521465496,
        "train.decoder_loss": 0.08948351222090423,
        "train.decoder_acc": 0.9660444685816765,
        "train.cover_score": -0.029687461983412503,
        "train.generated_score": -0.30900981776416303,
        "epoch": 20
    },
    {
        "val.encoder_mse": 0.0014230893272906542,
        "val.decoder_loss": 0.08433538258075714,
        "val.decoder_acc": 0.9670778036117553,
        "val.cover_score": -0.031172590404748915,
        "val.generated_score": 0.2208089542388916,
        "val.ssim": 0.8860282659530639,
        "val.psnr": 34.65391054153442,
        "val.rsbpp": 0.9341556072235108,
        "train.encoder_mse": 0.00145061952091055,
        "train.decoder_loss": 0.08303783340379596,
        "train.decoder_acc": 0.9681180807948112,
        "train.cover_score": -0.029396630246192216,
        "train.generated_score": -0.2964046523347497,
        "epoch": 21
    },
    {
        "val.encoder_mse": 0.00139913784340024,
        "val.decoder_loss": 0.08608351521193981,
        "val.decoder_acc": 0.9670889067649842,
        "val.cover_score": -0.028644213378429415,
        "val.generated_score": 0.24486419081687927,
        "val.ssim": 0.8970172929763794,
        "val.psnr": 34.66253452301025,
        "val.rsbpp": 0.9341778135299683,
        "train.encoder_mse": 0.0014764324339921586,
        "train.decoder_loss": 0.0894478750322014,
        "train.decoder_acc": 0.965441692173481,
        "train.cover_score": -0.032561676185578106,
        "train.generated_score": -0.3733783195540309,
        "epoch": 22
    },
    {
        "val.encoder_mse": 0.0024861817341297865,
        "val.decoder_loss": 0.09758524231612682,
        "val.decoder_acc": 0.9621222496032715,
        "val.cover_score": -0.028335566371679305,
        "val.generated_score": 0.20028921693563462,
        "val.ssim": 0.8813553094863892,
        "val.psnr": 32.10464696884155,
        "val.rsbpp": 0.924244499206543,
        "train.encoder_mse": 0.0015093433455331251,
        "train.decoder_loss": 0.08290138612035662,
        "train.decoder_acc": 0.9678028011322022,
        "train.cover_score": -0.031355269625782965,
        "train.generated_score": -0.36813132751733063,
        "epoch": 23
    },
    {
        "val.encoder_mse": 0.0013301681727170944,
        "val.decoder_loss": 0.06812004573643207,
        "val.decoder_acc": 0.9750000309944152,
        "val.cover_score": -0.02893478438258171,
        "val.generated_score": 0.23808206886053085,
        "val.ssim": 0.8920438981056213,
        "val.psnr": 35.018430137634276,
        "val.rsbpp": 0.9500000619888306,
        "train.encoder_mse": 0.001492005588952452,
        "train.decoder_loss": 0.08524870437104255,
        "train.decoder_acc": 0.9671000236272812,
        "train.cover_score": -0.032988791912794115,
        "train.generated_score": -0.3125245663523674,
        "epoch": 24
    },
    {
        "val.encoder_mse": 0.0016627839673310518,
        "val.decoder_loss": 0.07567185461521149,
        "val.decoder_acc": 0.9720444655418397,
        "val.cover_score": -0.01877941019833088,
        "val.generated_score": 0.28418022334575654,
        "val.ssim": 0.8902866196632385,
        "val.psnr": 33.951062488555905,
        "val.rsbpp": 0.9440889310836792,
        "train.encoder_mse": 0.001437897734285798,
        "train.decoder_loss": 0.0813386118877679,
        "train.decoder_acc": 0.9688791900873184,
        "train.cover_score": -0.02701160359196365,
        "train.generated_score": -0.3417319242283702,
        "epoch": 25
    },
    {
        "val.encoder_mse": 0.0011850397638045252,
        "val.decoder_loss": 0.06557024218142032,
        "val.decoder_acc": 0.9751777982711792,
        "val.cover_score": -0.012565048336982727,
        "val.generated_score": 0.2416424521803856,
        "val.ssim": 0.8907044076919556,
        "val.psnr": 35.540468311309816,
        "val.rsbpp": 0.9503555965423583,
        "train.encoder_mse": 0.0013756438688142226,
        "train.decoder_loss": 0.07397264506667853,
        "train.decoder_acc": 0.9719403028488159,
        "train.cover_score": -0.038635563561692836,
        "train.generated_score": -0.3602940066717565,
        "epoch": 26
    },
    {
        "val.encoder_mse": 0.0012170830578543245,
        "val.decoder_loss": 0.08020026773214341,
        "val.decoder_acc": 0.9693000268936157,
        "val.cover_score": -0.01832808829843998,
        "val.generated_score": 0.25222555458545687,
        "val.ssim": 0.9021427607536316,
        "val.psnr": 35.32853574752808,
        "val.rsbpp": 0.9386000537872314,
        "train.encoder_mse": 0.0013266820763237774,
        "train.decoder_loss": 0.07222344177775085,
        "train.decoder_acc": 0.972240301668644,
        "train.cover_score": -0.024574997313320638,
        "train.generated_score": -0.3348775705322623,
        "epoch": 27
    },
    {
        "val.encoder_mse": 0.0012139625009149313,
        "val.decoder_loss": 0.07260424081236123,
        "val.decoder_acc": 0.9725778007507324,
        "val.cover_score": -0.04400726690888405,
        "val.generated_score": 0.2696974641084671,
        "val.ssim": 0.8959050607681275,
        "val.psnr": 35.388824462890625,
        "val.rsbpp": 0.9451556015014648,
        "train.encoder_mse": 0.0013009553449228406,
        "train.decoder_loss": 0.07453930827323348,
        "train.decoder_acc": 0.9710972458124161,
        "train.cover_score": -0.031277361251413824,
        "train.generated_score": -0.35638454552739857,
        "epoch": 28
    },
    {
        "val.encoder_mse": 0.0009951693355105817,
        "val.decoder_loss": 0.07998404372483492,
        "val.decoder_acc": 0.9693555784225464,
        "val.cover_score": -0.05824733674526215,
        "val.generated_score": 0.29310588955879213,
        "val.ssim": 0.9114917993545533,
        "val.psnr": 36.13813257217407,
        "val.rsbpp": 0.9387111568450928,
        "train.encoder_mse": 0.0013246207550400868,
        "train.decoder_loss": 0.07160954714752733,
        "train.decoder_acc": 0.9726833572983742,
        "train.cover_score": -0.03433253046125174,
        "train.generated_score": -0.32417247697710994,
        "epoch": 29
    },
    {
        "val.encoder_mse": 0.001091159931384027,
        "val.decoder_loss": 0.058651644699275494,
        "val.decoder_acc": 0.9781222486495972,
        "val.cover_score": -0.0290103417634964,
        "val.generated_score": 0.23161131829023363,
        "val.ssim": 0.9078797245025635,
        "val.psnr": 35.734404945373534,
        "val.rsbpp": 0.9562444972991944,
        "train.encoder_mse": 0.0012387232817127369,
        "train.decoder_loss": 0.06722769359825179,
        "train.decoder_acc": 0.9742889127135277,
        "train.cover_score": -0.025612132772803307,
        "train.generated_score": -0.26159673001617195,
        "epoch": 30
    },
    {
        "val.encoder_mse": 0.0010489623877219857,
        "val.decoder_loss": 0.060442600436508655,
        "val.decoder_acc": 0.9775889110565186,
        "val.cover_score": -0.026368721202015877,
        "val.generated_score": 0.28350206196308136,
        "val.ssim": 0.9068584656715393,
        "val.psnr": 35.92809171676636,
        "val.rsbpp": 0.9551778221130371,
        "train.encoder_mse": 0.0012846454820828511,
        "train.decoder_loss": 0.06848792298231274,
        "train.decoder_acc": 0.9739180782437324,
        "train.cover_score": -0.025827638283371927,
        "train.generated_score": -0.3516779412329197,
        "epoch": 31
    },
    {
        "val.encoder_mse": 0.0010389584535732866,
        "val.decoder_loss": 0.06251875683665276,
        "val.decoder_acc": 0.9769000291824341,
        "val.cover_score": -0.020181175470352173,
        "val.generated_score": 0.27070613354444506,
        "val.ssim": 0.9006213808059692,
        "val.psnr": 35.93121004104614,
        "val.rsbpp": 0.9538000583648681,
        "train.encoder_mse": 0.001207414854725357,
        "train.decoder_loss": 0.06673432153416797,
        "train.decoder_acc": 0.9747180786728858,
        "train.cover_score": -0.035894443728029725,
        "train.generated_score": -0.33272231355309484,
        "epoch": 32
    }
]