[
    {
        "val.encoder_mse": 0.01221419034525752,
        "val.decoder_loss": 0.44401922821998596,
        "val.decoder_acc": 0.7982511591911315,
        "val.cover_score": -0.02849215753376484,
        "val.generated_score": -0.026323223188519478,
        "val.ssim": 0.6249274492263794,
        "val.psnr": 25.373521995544433,
        "val.bpp": 0.5965023183822632,
        "train.encoder_mse": 0.037900604167953135,
        "train.decoder_loss": 0.5666523949801922,
        "train.decoder_acc": 0.7201636171340943,
        "train.cover_score": -0.028361304085701703,
        "train.generated_score": -0.025771413845941425,
        "epoch": 1
    },
    {
        "val.encoder_mse": 0.005829442944377661,
        "val.decoder_loss": 0.2717050087451935,
        "val.decoder_acc": 0.8864791655540466,
        "val.cover_score": -0.028379555568099023,
        "val.generated_score": -0.0069795622862875465,
        "val.ssim": 0.7066999530792236,
        "val.psnr": 28.526545143127443,
        "val.bpp": 0.7729583311080933,
        "train.encoder_mse": 0.008902295065345242,
        "train.decoder_loss": 0.34960621848702433,
        "train.decoder_acc": 0.847830995619297,
        "train.cover_score": -0.028368985718116163,
        "train.generated_score": -0.01285858458490111,
        "epoch": 2
    },
    {
        "val.encoder_mse": 0.0045285176951438185,
        "val.decoder_loss": 0.2023758664727211,
        "val.decoder_acc": 0.9174787020683288,
        "val.cover_score": -0.02848764441907406,
        "val.generated_score": 4.5345351099967954e-05,
        "val.ssim": 0.7382856178283691,
        "val.psnr": 29.650726413726808,
        "val.bpp": 0.8349574041366578,
        "train.encoder_mse": 0.005181223662802949,
        "train.decoder_loss": 0.23271135691553355,
        "train.decoder_acc": 0.9041334748268127,
        "train.cover_score": -0.02832113195210695,
        "train.generated_score": 0.01113761997432448,
        "epoch": 3
    },
    {
        "val.encoder_mse": 0.0034011803101748226,
        "val.decoder_loss": 0.16213426798582076,
        "val.decoder_acc": 0.9352679800987244,
        "val.cover_score": -0.02847729504108429,
        "val.generated_score": -0.01270097091794014,
        "val.ssim": 0.7654948472976685,
        "val.psnr": 30.930253982543945,
        "val.bpp": 0.8705359601974487,
        "train.encoder_mse": 0.003948802081868053,
        "train.decoder_loss": 0.18850573033094406,
        "train.decoder_acc": 0.9225135394930839,
        "train.cover_score": -0.028360355412587523,
        "train.generated_score": 0.01875861218897626,
        "epoch": 4
    },
    {
        "val.encoder_mse": 0.002637125700712204,
        "val.decoder_loss": 0.13413551062345505,
        "val.decoder_acc": 0.947576003074646,
        "val.cover_score": -0.02836917981505394,
        "val.generated_score": -0.016056342236697673,
        "val.ssim": 0.7909924769401551,
        "val.psnr": 31.972871589660645,
        "val.bpp": 0.895152006149292,
        "train.encoder_mse": 0.002849233774468303,
        "train.decoder_loss": 0.15280477598309516,
        "train.decoder_acc": 0.9384048196673394,
        "train.cover_score": -0.028404701948165894,
        "train.generated_score": -0.0008350911806337536,
        "epoch": 5
    },
    {
        "val.encoder_mse": 0.002100281664170325,
        "val.decoder_loss": 0.11847990199923515,
        "val.decoder_acc": 0.9533870339393615,
        "val.cover_score": -0.028437110781669616,
        "val.generated_score": -0.018661073818802835,
        "val.ssim": 0.8201475405693054,
        "val.psnr": 32.9775824546814,
        "val.bpp": 0.9067740678787232,
        "train.encoder_mse": 0.0024085450888378544,
        "train.decoder_loss": 0.13289637088775635,
        "train.decoder_acc": 0.9467518204450607,
        "train.cover_score": -0.02832137574441731,
        "train.generated_score": -0.0112641167268157,
        "epoch": 6
    },
    {
        "val.encoder_mse": 0.0017185651650652289,
        "val.decoder_loss": 0.11189703390002251,
        "val.decoder_acc": 0.9559287047386169,
        "val.cover_score": -0.028479068726301193,
        "val.generated_score": -0.019891106449067594,
        "val.ssim": 0.8307737612724304,
        "val.psnr": 33.78050012588501,
        "val.bpp": 0.9118574094772339,
        "train.encoder_mse": 0.0018497848516562953,
        "train.decoder_loss": 0.11227902788668871,
        "train.decoder_acc": 0.9554369467496872,
        "train.cover_score": -0.0281167137529701,
        "train.generated_score": -0.01246419461676851,
        "epoch": 7
    },
    {
        "val.encoder_mse": 0.0014787520631216466,
        "val.decoder_loss": 0.09358021453022956,
        "val.decoder_acc": 0.9636371088027954,
        "val.cover_score": -0.027398761585354803,
        "val.generated_score": -0.02082010805606842,
        "val.ssim": 0.83526198387146,
        "val.psnr": 34.46762342453003,
        "val.bpp": 0.9272742176055908,
        "train.encoder_mse": 0.0016871706247911789,
        "train.decoder_loss": 0.10587263887748122,
        "train.decoder_acc": 0.9578993541002273,
        "train.cover_score": -0.028217543894425035,
        "train.generated_score": -0.011230706442147494,
        "epoch": 8
    },
    {
        "val.encoder_mse": 0.0014079938177019359,
        "val.decoder_loss": 0.08929235588759184,
        "val.decoder_acc": 0.9654421281814575,
        "val.cover_score": -0.02764013521373272,
        "val.generated_score": -0.018829953223466873,
        "val.ssim": 0.8485690808296203,
        "val.psnr": 34.609285068511966,
        "val.bpp": 0.930884256362915,
        "train.encoder_mse": 0.0015509853535331786,
        "train.decoder_loss": 0.09909857971593737,
        "train.decoder_acc": 0.960480601489544,
        "train.cover_score": -0.028266491629183293,
        "train.generated_score": -0.012211621631868183,
        "epoch": 9
    },
    {
        "val.encoder_mse": 0.0012484176619909704,
        "val.decoder_loss": 0.08026824370026589,
        "val.decoder_acc": 0.9691216778755188,
        "val.cover_score": -0.028510094061493872,
        "val.generated_score": -0.023580962792038918,
        "val.ssim": 0.8571626591682434,
        "val.psnr": 35.14258890151977,
        "val.bpp": 0.9382433557510376,
        "train.encoder_mse": 0.0013550231896806509,
        "train.decoder_loss": 0.09030011693947017,
        "train.decoder_acc": 0.9642277389764786,
        "train.cover_score": -0.02822211385704577,
        "train.generated_score": -0.015743135754019023,
        "epoch": 10
    },
    {
        "val.encoder_mse": 0.0011370012280531227,
        "val.decoder_loss": 0.07820552788674831,
        "val.decoder_acc": 0.969909954071045,
        "val.cover_score": -0.028618044257164,
        "val.generated_score": -0.025060872659087182,
        "val.ssim": 0.8487853813171387,
        "val.psnr": 35.577415752410886,
        "val.bpp": 0.9398199081420898,
        "train.encoder_mse": 0.0012457163742510603,
        "train.decoder_loss": 0.08438625243492424,
        "train.decoder_acc": 0.966865970492363,
        "train.cover_score": -0.028129081465303896,
        "train.generated_score": -0.013652185671962797,
        "epoch": 11
    },
    {
        "val.encoder_mse": 0.001135397411417216,
        "val.decoder_loss": 0.07500748589634895,
        "val.decoder_acc": 0.9711115694046021,
        "val.cover_score": -0.028266640529036522,
        "val.generated_score": -0.027601567804813387,
        "val.ssim": 0.8566205883026123,
        "val.psnr": 35.59094715118408,
        "val.bpp": 0.942223138809204,
        "train.encoder_mse": 0.0011105740183847957,
        "train.decoder_loss": 0.07523161733988673,
        "train.decoder_acc": 0.9705081668496132,
        "train.cover_score": -0.02823992776684463,
        "train.generated_score": -0.016765409093350173,
        "epoch": 12
    },
    {
        "val.encoder_mse": 0.0010265158861875534,
        "val.decoder_loss": 0.06450186185538768,
        "val.decoder_acc": 0.9753630375862121,
        "val.cover_score": -0.02831724427640438,
        "val.generated_score": -0.028771119937300683,
        "val.ssim": 0.8642778515815734,
        "val.psnr": 35.95427894592285,
        "val.bpp": 0.9507260751724244,
        "train.encoder_mse": 0.0010276073424029164,
        "train.decoder_loss": 0.07285667671822012,
        "train.decoder_acc": 0.9713886567950248,
        "train.cover_score": -0.02823371086269617,
        "train.generated_score": -0.012259512406308204,
        "epoch": 13
    },
    {
        "val.encoder_mse": 0.0008933944278396666,
        "val.decoder_loss": 0.05998025957494974,
        "val.decoder_acc": 0.9772362685203553,
        "val.cover_score": -0.02849732890725136,
        "val.generated_score": -0.028542693257331848,
        "val.ssim": 0.8704452705383301,
        "val.psnr": 36.659942054748534,
        "val.bpp": 0.9544725370407104,
        "train.encoder_mse": 0.000972256796376314,
        "train.decoder_loss": 0.06788320601452141,
        "train.decoder_acc": 0.9734708401560783,
        "train.cover_score": -0.028084484022110702,
        "train.generated_score": -0.015531444912776351,
        "epoch": 14
    },
    {
        "val.encoder_mse": 0.0008596406364813447,
        "val.decoder_loss": 0.05463399339467287,
        "val.decoder_acc": 0.9798581004142761,
        "val.cover_score": -0.027801972702145576,
        "val.generated_score": -0.028050623089075088,
        "val.ssim": 0.8720211100578308,
        "val.psnr": 36.81443157196045,
        "val.bpp": 0.9597162008285522,
        "train.encoder_mse": 0.0008819328946992755,
        "train.decoder_loss": 0.06365709299687296,
        "train.decoder_acc": 0.9752861481904983,
        "train.cover_score": -0.028241232661530377,
        "train.generated_score": -0.021950586466118693,
        "epoch": 15
    },
    {
        "val.encoder_mse": 0.0008087914972566068,
        "val.decoder_loss": 0.05331348024308682,
        "val.decoder_acc": 0.9799446749687195,
        "val.cover_score": -0.028020716831088067,
        "val.generated_score": -0.03033285163342953,
        "val.ssim": 0.8810104990005493,
        "val.psnr": 37.03439598083496,
        "val.bpp": 0.959889349937439,
        "train.encoder_mse": 0.000869559682905674,
        "train.decoder_loss": 0.06146017833147198,
        "train.decoder_acc": 0.9761054545640946,
        "train.cover_score": -0.028250398263335228,
        "train.generated_score": -0.01822923666797578,
        "epoch": 16
    },
    {
        "val.encoder_mse": 0.0007915682904422283,
        "val.decoder_loss": 0.05195883233100176,
        "val.decoder_acc": 0.9807607984542847,
        "val.cover_score": -0.0283182193338871,
        "val.generated_score": -0.03105057679116726,
        "val.ssim": 0.8852721714973449,
        "val.psnr": 37.131388092041014,
        "val.bpp": 0.9615215969085693,
        "train.encoder_mse": 0.0007967552050831728,
        "train.decoder_loss": 0.05783107126364485,
        "train.decoder_acc": 0.977531006038189,
        "train.cover_score": -0.028191514275968076,
        "train.generated_score": -0.020001756721176208,
        "epoch": 17
    },
    {
        "val.encoder_mse": 0.0007340009673498571,
        "val.decoder_loss": 0.048154256604611874,
        "val.decoder_acc": 0.9818281602859497,
        "val.cover_score": -0.028196094557642937,
        "val.generated_score": -0.029766383618116378,
        "val.ssim": 0.8813348197937012,
        "val.psnr": 37.443322563171385,
        "val.bpp": 0.9636563205718994,
        "train.encoder_mse": 0.0007673869479913265,
        "train.decoder_loss": 0.053156125638633964,
        "train.decoder_acc": 0.9795271202921867,
        "train.cover_score": -0.028191541116684676,
        "train.generated_score": -0.020074971977155655,
        "epoch": 18
    },
    {
        "val.encoder_mse": 0.0007109199371188879,
        "val.decoder_loss": 0.04628372333943844,
        "val.decoder_acc": 0.9826290106773377,
        "val.cover_score": -0.028478053957223894,
        "val.generated_score": -0.0302242611348629,
        "val.ssim": 0.8851908302307129,
        "val.psnr": 37.644961261749266,
        "val.bpp": 0.9652580213546753,
        "train.encoder_mse": 0.000715672617952805,
        "train.decoder_loss": 0.05101243360433728,
        "train.decoder_acc": 0.9805593621730805,
        "train.cover_score": -0.028220495032146572,
        "train.generated_score": -0.015802037944085898,
        "epoch": 19
    },
    {
        "val.encoder_mse": 0.0007027461775578559,
        "val.decoder_loss": 0.042365998569875954,
        "val.decoder_acc": 0.983961341381073,
        "val.cover_score": -0.02871609814465046,
        "val.generated_score": -0.028697709366679192,
        "val.ssim": 0.8861498141288757,
        "val.psnr": 37.60002670288086,
        "val.bpp": 0.967922682762146,
        "train.encoder_mse": 0.0006898556445958093,
        "train.decoder_loss": 0.04924030947033316,
        "train.decoder_acc": 0.9809909012913703,
        "train.cover_score": -0.02821826407685876,
        "train.generated_score": -0.02036881891079247,
        "epoch": 20
    },
    {
        "val.encoder_mse": 0.0006785603309981525,
        "val.decoder_loss": 0.04463629249483347,
        "val.decoder_acc": 0.9830705213546753,
        "val.cover_score": -0.028233022317290305,
        "val.generated_score": -0.03133099511265755,
        "val.ssim": 0.8916765522956848,
        "val.psnr": 37.825893306732176,
        "val.bpp": 0.9661410427093506,
        "train.encoder_mse": 0.0006517048410023562,
        "train.decoder_loss": 0.046324950037524106,
        "train.decoder_acc": 0.9822817289829254,
        "train.cover_score": -0.028152767969295382,
        "train.generated_score": -0.022032028418034314,
        "epoch": 21
    },
    {
        "val.encoder_mse": 0.000612599024316296,
        "val.decoder_loss": 0.04181863851845265,
        "val.decoder_acc": 0.9843390393257141,
        "val.cover_score": -0.02797878600656986,
        "val.generated_score": -0.0319554940611124,
        "val.ssim": 0.903306577205658,
        "val.psnr": 38.19039087295532,
        "val.bpp": 0.9686780786514282,
        "train.encoder_mse": 0.0006367000222962815,
        "train.decoder_loss": 0.045086545994272455,
        "train.decoder_acc": 0.9828620746731758,
        "train.cover_score": -0.02836018239147961,
        "train.generated_score": -0.01431311682332307,
        "epoch": 22
    },
    {
        "val.encoder_mse": 0.0006178185017779469,
        "val.decoder_loss": 0.0380382757820189,
        "val.decoder_acc": 0.9857631134986877,
        "val.cover_score": -0.02808158688247204,
        "val.generated_score": -0.032084084823727606,
        "val.ssim": 0.9038905644416809,
        "val.psnr": 38.20933122634888,
        "val.bpp": 0.9715262269973755,
        "train.encoder_mse": 0.0006061379732273054,
        "train.decoder_loss": 0.04262508284999058,
        "train.decoder_acc": 0.9837558913230896,
        "train.cover_score": -0.028084356086328626,
        "train.generated_score": -0.010979359592311085,
        "epoch": 23
    },
    {
        "val.encoder_mse": 0.0006491577089764178,
        "val.decoder_loss": 0.04262221809476614,
        "val.decoder_acc": 0.9840175938606263,
        "val.cover_score": -0.027950448840856554,
        "val.generated_score": -0.03344470918178558,
        "val.ssim": 0.9018103861808777,
        "val.psnr": 38.04527893066406,
        "val.bpp": 0.9680351877212524,
        "train.encoder_mse": 0.0005795704932825174,
        "train.decoder_loss": 0.04057625463698059,
        "train.decoder_acc": 0.9846254399418831,
        "train.cover_score": -0.028167965561151503,
        "train.generated_score": -0.0230128956772387,
        "epoch": 24
    },
    {
        "val.encoder_mse": 0.0006136748392600567,
        "val.decoder_loss": 0.037126061283051966,
        "val.decoder_acc": 0.9861462187767028,
        "val.cover_score": -0.028109186962246895,
        "val.generated_score": -0.031747124791145324,
        "val.ssim": 0.9010609340667725,
        "val.psnr": 38.31073532104492,
        "val.bpp": 0.9722924375534058,
        "train.encoder_mse": 0.0005624069915211294,
        "train.decoder_loss": 0.03909208101220429,
        "train.decoder_acc": 0.9851921167969704,
        "train.cover_score": -0.028260652162134647,
        "train.generated_score": -0.006480305655859411,
        "epoch": 25
    },
    {
        "val.encoder_mse": 0.0005563479696866125,
        "val.decoder_loss": 0.03249669842422009,
        "val.decoder_acc": 0.9883523941040039,
        "val.cover_score": -0.028181468546390535,
        "val.generated_score": -0.0341540315747261,
        "val.ssim": 0.9126750731468201,
        "val.psnr": 38.625164890289305,
        "val.bpp": 0.9767047882080078,
        "train.encoder_mse": 0.0005405447570956312,
        "train.decoder_loss": 0.03683547517517582,
        "train.decoder_acc": 0.9860695400834083,
        "train.cover_score": -0.028046823758631944,
        "train.generated_score": -0.019255248396657407,
        "epoch": 26
    },
    {
        "val.encoder_mse": 0.0004879943456035107,
        "val.decoder_loss": 0.028933300226926802,
        "val.decoder_acc": 0.9892638897895814,
        "val.cover_score": -0.028084432557225227,
        "val.generated_score": -0.03185204170644283,
        "val.ssim": 0.9157645773887634,
        "val.psnr": 39.253179740905765,
        "val.bpp": 0.9785277795791626,
        "train.encoder_mse": 0.0005433418143365998,
        "train.decoder_loss": 0.036082555812317875,
        "train.decoder_acc": 0.9863694989681244,
        "train.cover_score": -0.028170932736247777,
        "train.generated_score": -0.024411640064790845,
        "epoch": 27
    },
    {
        "val.encoder_mse": 0.0005479137599468232,
        "val.decoder_loss": 0.0359587787091732,
        "val.decoder_acc": 0.9866637325286866,
        "val.cover_score": -0.028294850811362265,
        "val.generated_score": -0.029396034702658655,
        "val.ssim": 0.9205539560317993,
        "val.psnr": 38.70401439666748,
        "val.bpp": 0.973327465057373,
        "train.encoder_mse": 0.0005024066638725344,
        "train.decoder_loss": 0.03490536640631035,
        "train.decoder_acc": 0.9868828988075257,
        "train.cover_score": -0.028065103385597468,
        "train.generated_score": -0.028315294599160552,
        "epoch": 28
    },
    {
        "val.encoder_mse": 0.0004930453258566558,
        "val.decoder_loss": 0.029312199093401433,
        "val.decoder_acc": 0.9891437482833862,
        "val.cover_score": -0.027791551277041436,
        "val.generated_score": -0.030734509006142618,
        "val.ssim": 0.9231645321846008,
        "val.psnr": 39.22910270690918,
        "val.bpp": 0.9782874965667725,
        "train.encoder_mse": 0.0005024546178174205,
        "train.decoder_loss": 0.03364020736189559,
        "train.decoder_acc": 0.9873601812124252,
        "train.cover_score": -0.028196345334872603,
        "train.generated_score": -0.021174685480073095,
        "epoch": 29
    },
    {
        "val.encoder_mse": 0.0004738764988724142,
        "val.decoder_loss": 0.025268199127167462,
        "val.decoder_acc": 0.9907928204536438,
        "val.cover_score": -0.028311295956373213,
        "val.generated_score": -0.03268625602126121,
        "val.ssim": 0.9200087118148804,
        "val.psnr": 39.29966802597046,
        "val.bpp": 0.9815856409072876,
        "train.encoder_mse": 0.0004917464646860026,
        "train.decoder_loss": 0.033426948580890896,
        "train.decoder_acc": 0.9874728092551232,
        "train.cover_score": -0.02832277544774115,
        "train.generated_score": -0.014110391503199935,
        "epoch": 30
    },
    {
        "val.encoder_mse": 0.0004549976345151663,
        "val.decoder_loss": 0.028385714869946243,
        "val.decoder_acc": 0.9895999240875244,
        "val.cover_score": -0.028523014709353447,
        "val.generated_score": -0.033715910017490386,
        "val.ssim": 0.919452497959137,
        "val.psnr": 39.62493667602539,
        "val.bpp": 0.9791998481750488,
        "train.encoder_mse": 0.00046291681603179315,
        "train.decoder_loss": 0.029730476792901753,
        "train.decoder_acc": 0.9887866953015327,
        "train.cover_score": -0.028055708138272167,
        "train.generated_score": -0.014401115174405277,
        "epoch": 31
    },
    {
        "val.encoder_mse": 0.0004334876034408808,
        "val.decoder_loss": 0.024423726797103883,
        "val.decoder_acc": 0.9910543942451477,
        "val.cover_score": -0.028372342362999917,
        "val.generated_score": -0.030893446281552314,
        "val.ssim": 0.9262958288192749,
        "val.psnr": 39.71969881057739,
        "val.bpp": 0.9821087884902954,
        "train.encoder_mse": 0.0004461200175865088,
        "train.decoder_loss": 0.02902723001781851,
        "train.decoder_acc": 0.9892050239443779,
        "train.cover_score": -0.028347097830846907,
        "train.generated_score": -0.020668875668197872,
        "epoch": 32
    }
]