[
    {
        "val.encoder_mse": 0.013696151543408632,
        "val.decoder_loss": 0.4643352389335632,
        "val.decoder_acc": 0.7887037777900696,
        "val.cover_score": -0.009999566562473774,
        "val.generated_score": -0.010013504549860955,
        "val.ssim": 0.6228597497940064,
        "val.psnr": 24.94123191833496,
        "val.rsbpp": 0.5774075555801391,
        "train.encoder_mse": 0.04099522092146799,
        "train.decoder_loss": 0.5770059008896351,
        "train.decoder_acc": 0.7154235608875752,
        "train.cover_score": -0.009999437369406223,
        "train.generated_score": -0.010009380741976201,
        "epoch": 1
    },
    {
        "val.encoder_mse": 0.006078371023759246,
        "val.decoder_loss": 0.2873805403709412,
        "val.decoder_acc": 0.8785703706741333,
        "val.cover_score": -0.0100013467669487,
        "val.generated_score": -0.010127612315118313,
        "val.ssim": 0.7154337239265441,
        "val.psnr": 28.38735694885254,
        "val.rsbpp": 0.7571407413482666,
        "train.encoder_mse": 0.00918547538225539,
        "train.decoder_loss": 0.36105608463287353,
        "train.decoder_acc": 0.8418172228336335,
        "train.cover_score": -0.009996483377180993,
        "train.generated_score": -0.010099369999952614,
        "epoch": 2
    },
    {
        "val.encoder_mse": 0.004157698005437851,
        "val.decoder_loss": 0.20239319354295732,
        "val.decoder_acc": 0.9186244559288025,
        "val.cover_score": -0.010000087916851044,
        "val.generated_score": -0.010183498710393906,
        "val.ssim": 0.7460122680664063,
        "val.psnr": 30.04945888519287,
        "val.rsbpp": 0.837248911857605,
        "train.encoder_mse": 0.005752523886039853,
        "train.decoder_loss": 0.2481872772052884,
        "train.decoder_acc": 0.8966126242280006,
        "train.cover_score": -0.009998161685653031,
        "train.generated_score": -0.010193440848961472,
        "epoch": 3
    },
    {
        "val.encoder_mse": 0.0034443486901000143,
        "val.decoder_loss": 0.18102953910827638,
        "val.decoder_acc": 0.9263377285003662,
        "val.cover_score": -0.009999147914350033,
        "val.generated_score": -0.010156800895929336,
        "val.ssim": 0.7839085531234741,
        "val.psnr": 30.873179054260255,
        "val.rsbpp": 0.8526754570007324,
        "train.encoder_mse": 0.0038521964597748592,
        "train.decoder_loss": 0.1891395796649158,
        "train.decoder_acc": 0.9226733586192131,
        "train.cover_score": -0.009997320021502673,
        "train.generated_score": -0.010216717785224318,
        "epoch": 4
    },
    {
        "val.encoder_mse": 0.0029220693465322255,
        "val.decoder_loss": 0.15629658356308937,
        "val.decoder_acc": 0.9365732264518738,
        "val.cover_score": -0.009996438212692738,
        "val.generated_score": -0.010186351537704467,
        "val.ssim": 0.7898877692222596,
        "val.psnr": 31.63924398422241,
        "val.rsbpp": 0.8731464529037476,
        "train.encoder_mse": 0.0028894728812156245,
        "train.decoder_loss": 0.15734551768749952,
        "train.decoder_acc": 0.936300577223301,
        "train.cover_score": -0.009996068486943841,
        "train.generated_score": -0.010220565204508602,
        "epoch": 5
    },
    {
        "val.encoder_mse": 0.002115705688484013,
        "val.decoder_loss": 0.13182432785630227,
        "val.decoder_acc": 0.9475979948043823,
        "val.cover_score": -0.00999944917857647,
        "val.generated_score": -0.010218369252979755,
        "val.ssim": 0.819058473110199,
        "val.psnr": 32.94444055557251,
        "val.rsbpp": 0.8951959896087647,
        "train.encoder_mse": 0.002402829915517941,
        "train.decoder_loss": 0.1388450347073376,
        "train.decoder_acc": 0.9438215273618699,
        "train.cover_score": -0.009994342387653888,
        "train.generated_score": -0.010208157454617322,
        "epoch": 6
    },
    {
        "val.encoder_mse": 0.001999590345658362,
        "val.decoder_loss": 0.10801209226250648,
        "val.decoder_acc": 0.9576108026504516,
        "val.cover_score": -0.009996157623827457,
        "val.generated_score": -0.01019596740603447,
        "val.ssim": 0.793175778388977,
        "val.psnr": 33.35433874130249,
        "val.rsbpp": 0.9152216053009034,
        "train.encoder_mse": 0.0020071315905079243,
        "train.decoder_loss": 0.12462970605120063,
        "train.decoder_acc": 0.9498515903949738,
        "train.cover_score": -0.009993389388546348,
        "train.generated_score": -0.010200253035873175,
        "epoch": 7
    },
    {
        "val.encoder_mse": 0.0017446276126429439,
        "val.decoder_loss": 0.10808877550065517,
        "val.decoder_acc": 0.9574704384803772,
        "val.cover_score": -0.009997796937823296,
        "val.generated_score": -0.010161159075796605,
        "val.ssim": 0.8348960781097412,
        "val.psnr": 33.80119800567627,
        "val.rsbpp": 0.9149408769607544,
        "train.encoder_mse": 0.001756321972934529,
        "train.decoder_loss": 0.11114236265420914,
        "train.decoder_acc": 0.9555931881070137,
        "train.cover_score": -0.009994447575882076,
        "train.generated_score": -0.010175046832300723,
        "epoch": 8
    },
    {
        "val.encoder_mse": 0.001435422725044191,
        "val.decoder_loss": 0.09207519441843033,
        "val.decoder_acc": 0.9645377993583679,
        "val.cover_score": -0.010003472119569779,
        "val.generated_score": -0.01015868291258812,
        "val.ssim": 0.8306935477256775,
        "val.psnr": 34.59486846923828,
        "val.rsbpp": 0.9290755987167358,
        "train.encoder_mse": 0.0015584726314409635,
        "train.decoder_loss": 0.1010555623471737,
        "train.decoder_acc": 0.9596692019701004,
        "train.cover_score": -0.009993746737018227,
        "train.generated_score": -0.010146959405392408,
        "epoch": 9
    },
    {
        "val.encoder_mse": 0.0013861165754497052,
        "val.decoder_loss": 0.08597757384181022,
        "val.decoder_acc": 0.96719074010849,
        "val.cover_score": -0.009999624900519848,
        "val.generated_score": -0.010135218724608422,
        "val.ssim": 0.8421087574958801,
        "val.psnr": 34.7754828453064,
        "val.rsbpp": 0.93438148021698,
        "train.encoder_mse": 0.0014302101888461038,
        "train.decoder_loss": 0.09327351591084153,
        "train.decoder_acc": 0.9630524000525474,
        "train.cover_score": -0.00999308196362108,
        "train.generated_score": -0.010135412719100713,
        "epoch": 10
    },
    {
        "val.encoder_mse": 0.0011719226557761432,
        "val.decoder_loss": 0.07853848665952683,
        "val.decoder_acc": 0.9699973034858703,
        "val.cover_score": -0.01000133339315653,
        "val.generated_score": -0.010122122578322887,
        "val.ssim": 0.8602517342567444,
        "val.psnr": 35.46996011734009,
        "val.rsbpp": 0.9399946069717408,
        "train.encoder_mse": 0.0012410581452422776,
        "train.decoder_loss": 0.08218609057366848,
        "train.decoder_acc": 0.9676164239645004,
        "train.cover_score": -0.009993776297196746,
        "train.generated_score": -0.010122467088513077,
        "epoch": 11
    },
    {
        "val.encoder_mse": 0.0011316534318029882,
        "val.decoder_loss": 0.07334839440882206,
        "val.decoder_acc": 0.9718871188163757,
        "val.cover_score": -0.010002452135086059,
        "val.generated_score": -0.01009582333266735,
        "val.ssim": 0.862138249874115,
        "val.psnr": 35.63013916015625,
        "val.rsbpp": 0.9437742376327515,
        "train.encoder_mse": 0.0011821742163738236,
        "train.decoder_loss": 0.07959010901860893,
        "train.decoder_acc": 0.9688008463382721,
        "train.cover_score": -0.009993390897288918,
        "train.generated_score": -0.010110149211250245,
        "epoch": 12
    },
    {
        "val.encoder_mse": 0.0010861948574893176,
        "val.decoder_loss": 0.06452466893941164,
        "val.decoder_acc": 0.9755882692337036,
        "val.cover_score": -0.010000886619091034,
        "val.generated_score": -0.010092405676841736,
        "val.ssim": 0.8607303714752197,
        "val.psnr": 35.73107566833496,
        "val.rsbpp": 0.9511765384674072,
        "train.encoder_mse": 0.0010631021720473655,
        "train.decoder_loss": 0.0726485006371513,
        "train.decoder_acc": 0.9714917522668839,
        "train.cover_score": -0.009994893120601773,
        "train.generated_score": -0.010103313573636115,
        "epoch": 13
    },
    {
        "val.encoder_mse": 0.0009923694701865315,
        "val.decoder_loss": 0.06693656541407109,
        "val.decoder_acc": 0.9741411280632019,
        "val.cover_score": -0.009999153837561607,
        "val.generated_score": -0.010095080472528934,
        "val.ssim": 0.8770873999595642,
        "val.psnr": 36.13621635437012,
        "val.rsbpp": 0.9482822561264038,
        "train.encoder_mse": 0.0009763173057581298,
        "train.decoder_loss": 0.06764248312450945,
        "train.decoder_acc": 0.9736828607320785,
        "train.cover_score": -0.00999106990173459,
        "train.generated_score": -0.010091718845069408,
        "epoch": 14
    },
    {
        "val.encoder_mse": 0.0009678614092990756,
        "val.decoder_loss": 0.060413997247815134,
        "val.decoder_acc": 0.9773240709304809,
        "val.cover_score": -0.009998364932835102,
        "val.generated_score": -0.010090646855533124,
        "val.ssim": 0.8629530763626099,
        "val.psnr": 36.29083442687988,
        "val.rsbpp": 0.9546481418609619,
        "train.encoder_mse": 0.0009549070431967266,
        "train.decoder_loss": 0.06759198716375976,
        "train.decoder_acc": 0.9740610328316689,
        "train.cover_score": -0.009993903241120278,
        "train.generated_score": -0.010089547466486692,
        "epoch": 15
    },
    {
        "val.encoder_mse": 0.0009513888112269342,
        "val.decoder_loss": 0.05559380665421486,
        "val.decoder_acc": 0.9789404320716858,
        "val.cover_score": -0.010001433119177817,
        "val.generated_score": -0.010075661540031432,
        "val.ssim": 0.8769154238700867,
        "val.psnr": 36.30861463546753,
        "val.rsbpp": 0.9578808641433716,
        "train.encoder_mse": 0.0008827508520334959,
        "train.decoder_loss": 0.06133064536377788,
        "train.decoder_acc": 0.9762661150097847,
        "train.cover_score": -0.009995890771970153,
        "train.generated_score": -0.010085941008292139,
        "epoch": 16
    },
    {
        "val.encoder_mse": 0.0008055326924659311,
        "val.decoder_loss": 0.04826616995036602,
        "val.decoder_acc": 0.9819107246398926,
        "val.cover_score": -0.009995831325650215,
        "val.generated_score": -0.010063187181949616,
        "val.ssim": 0.8835914850234985,
        "val.psnr": 37.04514398574829,
        "val.rsbpp": 0.9638214492797852,
        "train.encoder_mse": 0.0008262960604042746,
        "train.decoder_loss": 0.057039130148477855,
        "train.decoder_acc": 0.9779422050714492,
        "train.cover_score": -0.009994159447960555,
        "train.generated_score": -0.010072331242263317,
        "epoch": 17
    },
    {
        "val.encoder_mse": 0.000825244621373713,
        "val.decoder_loss": 0.05185143914073706,
        "val.decoder_acc": 0.9807457590103149,
        "val.cover_score": -0.009995412975549699,
        "val.generated_score": -0.010060072392225266,
        "val.ssim": 0.8936331892013549,
        "val.psnr": 37.01546201705933,
        "val.rsbpp": 0.9614915180206299,
        "train.encoder_mse": 0.0007659512656391598,
        "train.decoder_loss": 0.05403864932944998,
        "train.decoder_acc": 0.9791625183820725,
        "train.cover_score": -0.009993444383144378,
        "train.generated_score": -0.010071115638129412,
        "epoch": 18
    },
    {
        "val.encoder_mse": 0.0007461385289207101,
        "val.decoder_loss": 0.04911989104002714,
        "val.decoder_acc": 0.9814355635643005,
        "val.cover_score": -0.009998810924589634,
        "val.generated_score": -0.010062733627855779,
        "val.ssim": 0.8928379034996032,
        "val.psnr": 37.37037391662598,
        "val.rsbpp": 0.9628711271286011,
        "train.encoder_mse": 0.0007487881160341204,
        "train.decoder_loss": 0.05242475352715701,
        "train.decoder_acc": 0.9797913172841072,
        "train.cover_score": -0.009993890011683106,
        "train.generated_score": -0.010064437366090716,
        "epoch": 19
    },
    {
        "val.encoder_mse": 0.0006602501939050854,
        "val.decoder_loss": 0.046456994116306306,
        "val.decoder_acc": 0.9824921274185181,
        "val.cover_score": -0.010003513507544994,
        "val.generated_score": -0.01005754828453064,
        "val.ssim": 0.8968887186050415,
        "val.psnr": 37.897831439971924,
        "val.rsbpp": 0.9649842548370361,
        "train.encoder_mse": 0.0007000057287223172,
        "train.decoder_loss": 0.05021716318558902,
        "train.decoder_acc": 0.9806316635012626,
        "train.cover_score": -0.009995372258126736,
        "train.generated_score": -0.010063715842552483,
        "epoch": 20
    },
    {
        "val.encoder_mse": 0.0006543678813613951,
        "val.decoder_loss": 0.039407708048820496,
        "val.decoder_acc": 0.9851706790924072,
        "val.cover_score": -0.010002519302070141,
        "val.generated_score": -0.010066255554556846,
        "val.ssim": 0.8880139565467835,
        "val.psnr": 37.96404333114624,
        "val.rsbpp": 0.9703413581848145,
        "train.encoder_mse": 0.0006917649052047637,
        "train.decoder_loss": 0.04834516069386154,
        "train.decoder_acc": 0.9814049863815307,
        "train.cover_score": -0.009993208004161716,
        "train.generated_score": -0.010053473748266697,
        "epoch": 21
    }
]