[
    {
        "val.encoder_mse": 0.012839671894907952,
        "val.decoder_loss": 0.45705186724662783,
        "val.decoder_acc": 0.7896807837486267,
        "val.ssim": 0.619333119392395,
        "val.psnr": 25.106948375701904,
        "val.rsbpp": 0.5793615674972534,
        "train.encoder_mse": 0.041768181226216256,
        "train.decoder_loss": 0.5714315241575241,
        "train.decoder_acc": 0.7186073490977287,
        "epoch": 1
    },
    {
        "val.encoder_mse": 0.007402358967810869,
        "val.decoder_loss": 0.2915585505962372,
        "val.decoder_acc": 0.8764083337783813,
        "val.ssim": 0.6957392716407775,
        "val.psnr": 27.535441303253172,
        "val.rsbpp": 0.7528166675567627,
        "train.encoder_mse": 0.009658032727893442,
        "train.decoder_loss": 0.35946053467690947,
        "train.decoder_acc": 0.8424478670954705,
        "epoch": 2
    },
    {
        "val.encoder_mse": 0.0049170122295618054,
        "val.decoder_loss": 0.2184274485707283,
        "val.decoder_acc": 0.9097161316871643,
        "val.ssim": 0.7414895701408386,
        "val.psnr": 29.314140415191652,
        "val.rsbpp": 0.8194322633743286,
        "train.encoder_mse": 0.005912395465420559,
        "train.decoder_loss": 0.251044157333672,
        "train.decoder_acc": 0.8950334972143174,
        "epoch": 3
    },
    {
        "val.encoder_mse": 0.003617930933833122,
        "val.decoder_loss": 0.17526963144540786,
        "val.decoder_acc": 0.9293841791152954,
        "val.ssim": 0.7628860449790955,
        "val.psnr": 30.700468254089355,
        "val.rsbpp": 0.8587683582305908,
        "train.encoder_mse": 0.004029634809703566,
        "train.decoder_loss": 0.19438032753765583,
        "train.decoder_acc": 0.9203108099102973,
        "epoch": 4
    },
    {
        "val.encoder_mse": 0.0026075780438259244,
        "val.decoder_loss": 0.14582425013184547,
        "val.decoder_acc": 0.9416698241233825,
        "val.ssim": 0.7912764024734497,
        "val.psnr": 32.059087085723874,
        "val.rsbpp": 0.8833396482467651,
        "train.encoder_mse": 0.0030237597232917325,
        "train.decoder_loss": 0.15775992184877397,
        "train.decoder_acc": 0.9361408549547195,
        "epoch": 5
    },
    {
        "val.encoder_mse": 0.0023644132912158966,
        "val.decoder_loss": 0.12703977227211,
        "val.decoder_acc": 0.9496084094047547,
        "val.ssim": 0.8073593664169312,
        "val.psnr": 32.5139196395874,
        "val.rsbpp": 0.8992168188095093,
        "train.encoder_mse": 0.0025892089592525736,
        "train.decoder_loss": 0.1452240782417357,
        "train.decoder_acc": 0.9408058440685272,
        "epoch": 6
    },
    {
        "val.encoder_mse": 0.002025882978923619,
        "val.decoder_loss": 0.11297503992915153,
        "val.decoder_acc": 0.9557227611541748,
        "val.ssim": 0.8224936938285827,
        "val.psnr": 33.07713718414307,
        "val.rsbpp": 0.9114455223083496,
        "train.encoder_mse": 0.0020734311058185993,
        "train.decoder_loss": 0.12320179307833314,
        "train.decoder_acc": 0.9506411036849022,
        "epoch": 7
    },
    {
        "val.encoder_mse": 0.0017943954654037952,
        "val.decoder_loss": 0.11578578799962998,
        "val.decoder_acc": 0.9538831806182861,
        "val.ssim": 0.834347505569458,
        "val.psnr": 33.66899929046631,
        "val.rsbpp": 0.9077663612365723,
        "train.encoder_mse": 0.0018302491310168989,
        "train.decoder_loss": 0.11383703080005944,
        "train.decoder_acc": 0.954461860358715,
        "epoch": 8
    },
    {
        "val.encoder_mse": 0.0015075349784456193,
        "val.decoder_loss": 0.08836904473602772,
        "val.decoder_acc": 0.965964961051941,
        "val.ssim": 0.8239955520629882,
        "val.psnr": 34.43594818115234,
        "val.rsbpp": 0.9319299221038818,
        "train.encoder_mse": 0.0016023992581176573,
        "train.decoder_loss": 0.10444831960834562,
        "train.decoder_acc": 0.9581714096665382,
        "epoch": 9
    },
    {
        "val.encoder_mse": 0.0013197723613120615,
        "val.decoder_loss": 0.08194389015436172,
        "val.decoder_acc": 0.9683388829231262,
        "val.ssim": 0.8473863220214843,
        "val.psnr": 34.9333420753479,
        "val.rsbpp": 0.9366777658462524,
        "train.encoder_mse": 0.0014433429858763701,
        "train.decoder_loss": 0.09440762899350374,
        "train.decoder_acc": 0.9625098371505737,
        "epoch": 10
    },
    {
        "val.encoder_mse": 0.0012817411264404654,
        "val.decoder_loss": 0.08030478917062282,
        "val.decoder_acc": 0.9692332530021668,
        "val.ssim": 0.8461342692375183,
        "val.psnr": 35.04541149139404,
        "val.rsbpp": 0.9384665060043335,
        "train.encoder_mse": 0.0013448733102995902,
        "train.decoder_loss": 0.09015006409958005,
        "train.decoder_acc": 0.9641710922122002,
        "epoch": 11
    },
    {
        "val.encoder_mse": 0.0010404944326728581,
        "val.decoder_loss": 0.06702391020953655,
        "val.decoder_acc": 0.974311261177063,
        "val.ssim": 0.863432161808014,
        "val.psnr": 35.932263469696046,
        "val.rsbpp": 0.948622522354126,
        "train.encoder_mse": 0.0011704370670486241,
        "train.decoder_loss": 0.07920267207082361,
        "train.decoder_acc": 0.9686927431821823,
        "epoch": 12
    },
    {
        "val.encoder_mse": 0.0010142312198877334,
        "val.decoder_loss": 0.0705888083949685,
        "val.decoder_acc": 0.9733335614204407,
        "val.ssim": 0.8615692782402039,
        "val.psnr": 36.12068376541138,
        "val.rsbpp": 0.9466671228408814,
        "train.encoder_mse": 0.0011217234469950198,
        "train.decoder_loss": 0.07718907677102833,
        "train.decoder_acc": 0.9695059508085251,
        "epoch": 13
    },
    {
        "val.encoder_mse": 0.0010068873199634255,
        "val.decoder_loss": 0.06382634036242962,
        "val.decoder_acc": 0.975653932094574,
        "val.ssim": 0.8667375326156617,
        "val.psnr": 36.0738245010376,
        "val.rsbpp": 0.9513078641891479,
        "train.encoder_mse": 0.0009956689368118533,
        "train.decoder_loss": 0.0704958719573915,
        "train.decoder_acc": 0.9723211687803268,
        "epoch": 14
    },
    {
        "val.encoder_mse": 0.001046227349434048,
        "val.decoder_loss": 0.07033312156796455,
        "val.decoder_acc": 0.972739040851593,
        "val.ssim": 0.8691514015197754,
        "val.psnr": 35.960160636901854,
        "val.rsbpp": 0.945478081703186,
        "train.encoder_mse": 0.000950244560081046,
        "train.decoder_loss": 0.06503562073688954,
        "train.decoder_acc": 0.9745916253328324,
        "epoch": 15
    },
    {
        "val.encoder_mse": 0.0007909938017837703,
        "val.decoder_loss": 0.05247519098222256,
        "val.decoder_acc": 0.9801771569252015,
        "val.ssim": 0.8774398779869079,
        "val.psnr": 37.09176626205444,
        "val.rsbpp": 0.9603543138504028,
        "train.encoder_mse": 0.0009038775152293966,
        "train.decoder_loss": 0.0634082787623629,
        "train.decoder_acc": 0.9752549162507057,
        "epoch": 16
    },
    {
        "val.encoder_mse": 0.0008152261120267213,
        "val.decoder_loss": 0.05208204798400402,
        "val.decoder_acc": 0.9803050899505615,
        "val.ssim": 0.886611750125885,
        "val.psnr": 37.01575994491577,
        "val.rsbpp": 0.9606101799011231,
        "train.encoder_mse": 0.0008286708217929117,
        "train.decoder_loss": 0.05912276781629771,
        "train.decoder_acc": 0.977007292509079,
        "epoch": 17
    },
    {
        "val.encoder_mse": 0.0007515045069158077,
        "val.decoder_loss": 0.04720612708479166,
        "val.decoder_acc": 0.9822372603416443,
        "val.ssim": 0.8783344960212708,
        "val.psnr": 37.30633459091187,
        "val.rsbpp": 0.9644745206832885,
        "train.encoder_mse": 0.0007702258988865651,
        "train.decoder_loss": 0.0551696987496689,
        "train.decoder_acc": 0.9786401778459549,
        "epoch": 18
    },
    {
        "val.encoder_mse": 0.0007587080751545728,
        "val.decoder_loss": 0.0510781467705965,
        "val.decoder_acc": 0.9807695198059082,
        "val.ssim": 0.8849583005905152,
        "val.psnr": 37.34128551483154,
        "val.rsbpp": 0.9615390396118164,
        "train.encoder_mse": 0.0007907325457199477,
        "train.decoder_loss": 0.055523310620337725,
        "train.decoder_acc": 0.9784748739004135,
        "epoch": 19
    },
    {
        "val.encoder_mse": 0.0006999870925210416,
        "val.decoder_loss": 0.048628283590078356,
        "val.decoder_acc": 0.9815389657020569,
        "val.ssim": 0.8905121898651123,
        "val.psnr": 37.64672155380249,
        "val.rsbpp": 0.9630779314041138,
        "train.encoder_mse": 0.0007362540267058648,
        "train.decoder_loss": 0.05328750520944595,
        "train.decoder_acc": 0.9795927748084068,
        "epoch": 20
    },
    {
        "val.encoder_mse": 0.000652853581123054,
        "val.decoder_loss": 0.04498400960117579,
        "val.decoder_acc": 0.983154091835022,
        "val.ssim": 0.8959581136703492,
        "val.psnr": 37.955025863647464,
        "val.rsbpp": 0.9663081836700439,
        "train.encoder_mse": 0.0006683834579598625,
        "train.decoder_loss": 0.04791121301939711,
        "train.decoder_acc": 0.9816261553764343,
        "epoch": 21
    },
    {
        "val.encoder_mse": 0.0007212320109829306,
        "val.decoder_loss": 0.042913696952164175,
        "val.decoder_acc": 0.9836345672607422,
        "val.ssim": 0.9034888339042664,
        "val.psnr": 37.49426374435425,
        "val.rsbpp": 0.9672691345214843,
        "train.encoder_mse": 0.0006499143586552236,
        "train.decoder_loss": 0.0474908114480786,
        "train.decoder_acc": 0.9817877963185311,
        "epoch": 22
    },
    {
        "val.encoder_mse": 0.0006207798677496612,
        "val.decoder_loss": 0.04099394001066685,
        "val.decoder_acc": 0.984747371673584,
        "val.ssim": 0.8954081463813782,
        "val.psnr": 38.27529373168945,
        "val.rsbpp": 0.969494743347168,
        "train.encoder_mse": 0.0006544540503819008,
        "train.decoder_loss": 0.046610473771579564,
        "train.decoder_acc": 0.9821282285451889,
        "epoch": 23
    },
    {
        "val.encoder_mse": 0.0006180803931783885,
        "val.decoder_loss": 0.03796338073909283,
        "val.decoder_acc": 0.985816125869751,
        "val.ssim": 0.9014659738540649,
        "val.psnr": 38.19401788711548,
        "val.rsbpp": 0.971632251739502,
        "train.encoder_mse": 0.0005994668291532435,
        "train.decoder_loss": 0.04141896612010896,
        "train.decoder_acc": 0.9842837938666343,
        "epoch": 24
    },
    {
        "val.encoder_mse": 0.0005887721106410026,
        "val.decoder_loss": 0.037188147678971294,
        "val.decoder_acc": 0.9863042426109314,
        "val.ssim": 0.8997556233406067,
        "val.psnr": 38.406746292114256,
        "val.rsbpp": 0.9726084852218628,
        "train.encoder_mse": 0.0005622495245188474,
        "train.decoder_loss": 0.0392816145485267,
        "train.decoder_acc": 0.9850092869997025,
        "epoch": 25
    },
    {
        "val.encoder_mse": 0.0006274493481032551,
        "val.decoder_loss": 0.03249250646680593,
        "val.decoder_acc": 0.9879743027687072,
        "val.ssim": 0.9036221408843994,
        "val.psnr": 38.08918390274048,
        "val.rsbpp": 0.9759486055374146,
        "train.encoder_mse": 0.0005758040795626584,
        "train.decoder_loss": 0.04054974679835141,
        "train.decoder_acc": 0.9845954164862633,
        "epoch": 26
    },
    {
        "val.encoder_mse": 0.0005621606262866407,
        "val.decoder_loss": 0.03928732223808765,
        "val.decoder_acc": 0.9853504610061645,
        "val.ssim": 0.9166164922714234,
        "val.psnr": 38.713315391540526,
        "val.rsbpp": 0.970700922012329,
        "train.encoder_mse": 0.0005396121213561855,
        "train.decoder_loss": 0.036225380810210484,
        "train.decoder_acc": 0.9863170227408409,
        "epoch": 27
    },
    {
        "val.encoder_mse": 0.0004907897824887186,
        "val.decoder_loss": 0.02587474063038826,
        "val.decoder_acc": 0.990593671798706,
        "val.ssim": 0.9039224457740783,
        "val.psnr": 39.1580828666687,
        "val.rsbpp": 0.9811873435974121,
        "train.encoder_mse": 0.0005450023834418971,
        "train.decoder_loss": 0.03660672955680638,
        "train.decoder_acc": 0.9861300498247146,
        "epoch": 28
    },
    {
        "val.encoder_mse": 0.0005144566635135561,
        "val.decoder_loss": 0.03280707346275449,
        "val.decoder_acc": 0.9878846454620361,
        "val.ssim": 0.9202641248703003,
        "val.psnr": 38.946434020996094,
        "val.rsbpp": 0.9757692909240723,
        "train.encoder_mse": 0.0004909214809595141,
        "train.decoder_loss": 0.0332617012783885,
        "train.decoder_acc": 0.9874469020962715,
        "epoch": 29
    },
    {
        "val.encoder_mse": 0.0005425500147975981,
        "val.decoder_loss": 0.02997245257720351,
        "val.decoder_acc": 0.988881094455719,
        "val.ssim": 0.9211072659492493,
        "val.psnr": 38.742119216918944,
        "val.rsbpp": 0.977762188911438,
        "train.encoder_mse": 0.0004881303239380941,
        "train.decoder_loss": 0.03322824116796255,
        "train.decoder_acc": 0.987527659535408,
        "epoch": 30
    },
    {
        "val.encoder_mse": 0.00045027218060567976,
        "val.decoder_loss": 0.03243806602433324,
        "val.decoder_acc": 0.9882263135910034,
        "val.ssim": 0.9308857822418213,
        "val.psnr": 39.61235513687134,
        "val.rsbpp": 0.9764526271820069,
        "train.encoder_mse": 0.0004595323614194058,
        "train.decoder_loss": 0.029316555415280162,
        "train.decoder_acc": 0.9890722391009331,
        "epoch": 31
    },
    {
        "val.encoder_mse": 0.00045704924152232705,
        "val.decoder_loss": 0.02692406313493848,
        "val.decoder_acc": 0.9900867295265198,
        "val.ssim": 0.91913339138031,
        "val.psnr": 39.51423454284668,
        "val.rsbpp": 0.9801734590530395,
        "train.encoder_mse": 0.00044616289262194186,
        "train.decoder_loss": 0.02937953020562418,
        "train.decoder_acc": 0.9889916360378266,
        "epoch": 32
    }
]